<?xml version="1.0" encoding="UTF-8"?>
<robot generator="Robot 6.0.2 (Python 3.9.13 on win32)" generated="20230201 09:16:35.497" rpa="false" schemaversion="3">
<suite id="s1" name="Captionproject2" source="D:\Caption Project\Caption Project_1\Captionproject2.robot">
<test id="s1-t1" name="TC1" line="5">
<kw name="Open Application" library="AppiumLibrary">
<arg>remote_url=http://localhost:4723/wd/hub</arg>
<arg>platformName=android</arg>
<arg>deviceName=redmi</arg>
<arg>appPackage=com.lms.greatlakes</arg>
<arg>appActivity=com.lms.greatlakes.MainActivity</arg>
<arg>noRest=True</arg>
<doc>Opens a new application to given Appium server.
Capabilities of appium server, Android and iOS,
Please check https://github.com/appium/appium/blob/master/docs/en/writing-running-appium/server-args.md
| *Option*            | *Man.* | *Description*     |
| remote_url          | Yes    | Appium server url |
| alias               | no     | alias             |
| strict_ssl          | No     | allows you to send commands to an invalid certificate host like a self-signed one. |</doc>
<status status="PASS" starttime="20230201 09:16:35.866" endtime="20230201 09:16:50.271"/>
</kw>
<kw name="Set Appium Timeout" library="AppiumLibrary">
<arg>30s</arg>
<doc>Sets the timeout in seconds used by various keywords.</doc>
<status status="PASS" starttime="20230201 09:16:50.272" endtime="20230201 09:16:50.272"/>
</kw>
<kw name="Wait Until Page Contains Element" library="AppiumLibrary">
<arg>android=UiSelector().text("CONTINUE WITH EMAIL")</arg>
<arg>30s</arg>
<doc>Waits until element specified with `locator` appears on current page.</doc>
<status status="PASS" starttime="20230201 09:16:50.272" endtime="20230201 09:16:53.589"/>
</kw>
<kw name="Click Element" library="AppiumLibrary">
<arg>android=UiSelector().text("CONTINUE WITH EMAIL")</arg>
<doc>Click element identified by `locator`.</doc>
<msg timestamp="20230201 09:16:53.591" level="INFO">Clicking element 'android=UiSelector().text("CONTINUE WITH EMAIL")'.</msg>
<status status="PASS" starttime="20230201 09:16:53.589" endtime="20230201 09:16:53.699"/>
</kw>
<kw name="Input Text" library="AppiumLibrary">
<arg>xpath=//android.widget.EditText[@resource-id='continueWithEmailInput']</arg>
<arg>naveenmanibhaskar19@gmail.com</arg>
<doc>Types the given `text` into text field identified by `locator`.</doc>
<msg timestamp="20230201 09:16:53.699" level="INFO">Typing text 'naveenmanibhaskar19@gmail.com' into text field 'xpath=//android.widget.EditText[@resource-id='continueWithEmailInput']'</msg>
<kw name="Capture Page Screenshot" library="AppiumLibrary">
<doc>Takes a screenshot of the current page and embeds it into the log.</doc>
<msg timestamp="20230201 09:16:54.374" level="INFO" html="true">&lt;/td&gt;&lt;/tr&gt;&lt;tr&gt;&lt;td colspan="3"&gt;&lt;img src="data:image/png;base64, iVBORw0KGgoAAAANSUhEUgAABDgAAAlgCAYAAABtGofVAAAAAXNSR0IArs4c6QAAAARzQklUCAgI
CHwIZIgAACAASURBVHic7N13nFTlvT/wz3PO9LKVtktd2lIEBBZEQIrYokg0lpigSUwsRJObxBvv
zb1JTEiiv3tNbvSmXaPRFDWxG+wNsaEgRQXp0gRZ6vbZqec8vz/OzJk5M7N9ZmHg834lL9ndKWdn
Znfn+Zzv8/2Kips+kyAiIiIiIiIiKmDK8T4AIiIiIiIiIqKeYsBBRERERERERAWPAQcRERERERER
FTwGHERERERERERU8BhwEBEREREREVHBY8BBRERERERERAWPAQcRERERERERFTwGHERERERERERU
8BhwEBEREREREVHBY8BBRERERERERAWPAQcRERERERERFTwGHERERERERERU8BhwEBEREREREVHB
Y8BBRERERERERAWPAQcRERERERERFTwGHERERERERERU8BhwEBEREREREVHBY8BBRERERERERAWP
AQcRERERERERFTwGHERERERERERU8BhwEBEREREREVHBY8BBRERERERERAWPAQcRERERERERFTwG
HERERERERERU8BhwEBEREREREVHBY8BBRERERERERAWPAQcRERERERERFTwGHERERERERERU8Bhw
EBEREREREVHBY8BBRERERERERAWPAQcRERERERERFTwGHERERERERERU8BhwEBEREREREVHBY8BB
RERERERERAWPAQcRERERERERFTwGHERERERERERU8BhwEBEREREREVHBY8BBRERERERERAWPAQcR
ERERERERFTwGHERERERERERU8BhwEBEREREREVHBY8BBRERERERERAWPAQcRERERERERFTwGHERE
RERERERU8BhwELWhokQ93ofQJqdd4KwxTkwaYofHIXJymx6HwKQhdpw1xgmnPTe3SURERERE1Fts
x/sAiE4EDptAdYUNw/raUFlqBBuVpSoO1GsAgAP1GvYciWFbbQyRmMy4/sxRTlRX2nC0WcfLG0JZ
L5Mrs6uduPB0F8YNtCMUlfjdKy1YtSOMmN7927QpwJQqB751ng8uu8Dmz6J44cMQ3tkWzt2Bn8Ic
NqCmyomrZnowe7QDACDiGZKMv1RW74zgoXcCWLc7ilA0f68fIiIiKgz331CGcp+CWx5qwK7DsXYv
e95EF644w4PRA4zl3dFmHfe81oJXPw71xqESnTAYcNApzWETmDDYjprhDkwYbEdVX9UMOFIZAYeG
DfuiWLsrgnW7I+bX5o114tp5XoypsONos4ZjzTre3ZH7YKDYo+CqMz04e5wTg/uocNsFpARmjHRg
56EYahu0bt92RamKuWOcGD3ABiGAfsUKRva34bRBdvzjvVY0tvYgPTlFCQGM7G/D/TeUwecUZqCR
7XKA8TzOGOmAlEAoKvGN++qx5bNo7x0wERERnTDsqsCoATb4XQITh9jbDDgcNoGfX1GE8ya48NwH
IfzsqUYcadLx7Pf74Duf8zHgoFMOAw46ZTlsApdPd2P+eBcmDrbD0c5PQ2WpEXzUDHegZrgDL38U
xDPrQ5g5yoEl5/hQXWEzL1ddact5wFFdYcPiWV6cOcqBMp8CJb4oFgIocis93lKiKgJuR3IR7rYL
jOhvQ6lXQWWpir+/G8DWA+2fOaCkvn4FT3y3D4rc1udFSgmRknS09bHbIfD3m8vwwoch/PCxxl47
biIiIjoxzB/vhN8lENNgObGWqsit4H+uLkFNlR2/f7UFf1oRAACU+xS4HQIlHnYjoFMPAw46Jfld
Al+e5cUVZ7hR7sv85V/XoiMcA5w2oCzl68ZWg2Slx8zRTjPcSFxv477cnnWfNMSO6+b7MGWYHR5n
cjHcHJJ4Y3MYy9YFcTClesNuExhYomJoXxVlPgXlPgVFbgVNQR3HWnTUtej45FAMn9Ulr3OwQcNT
a4LQJTBvnPEHVRFAH7+CBeOdKPMpuO/1Fnz0af4rChKP57ZaI1DxuwSmVjkwptKOqcMdGFNhg88l
sHa3cSwrNoXw7PogmkMy6/V7kxDAbZcW4ZIadxtfF136+HOTXPjhYw0A2BOFiIjoVHLJVOO9xOqd
Eew7pmFYHxt+sMiP+1YEzMDjh5f4UVNlx7J1QTPcsKsCP7+iGF6nwO4j3a/uzaehfYxq6b1Hc3d8
1RU2XDzFjepKOypLlKwV2YVie20MTSGJZ9cFsWJzyHyPe7yU+RTUtRRONTcDDjrlOGwCl5/hwdfn
ei1VGy0hibW7I9hzRENtg4ZQVMJlF6goUTGsr4qaKgd8LmOhWe5TcO1cr+V261p0/PmtADbkMASY
NMSOJef4MHmYA86UY93waRRPvh/EB3sjONSoIxKT6F+sYvoIY5vDoDIVPpcCpx1w2QXsqkBUkwhF
JcJRoDmo49NjGtbuimD1zggONWr4eH8UR5qNz1023Y2JQ+wAAI9ToGa4AwI+/PaV5rxWclRX2PCn
68sAANfdVwe/W8HSy4qy/pGqqbKb//3mOT68vjmMZWuD+N+vlJjX782QQxHA8h/2Q4knd2GEEMCA
EhsONmi4cYEP9y5vhmTYQURE1Kb545z48iyv+T4h39bujuKPy1uwdlf2KovuSLyfi2nAva+3AADO
GuPEGSMdsNsEvnFvHT4/1Y3zJrhwoF7DHcuaARjhxq8WF+PMUUa/r0fea83ZMeVCH7+CmuEOeM0T
dpGchBzfv8iPxbM8Pb6dE8Xo+Mm6mio7bg35cdsTjVix+fj0xRvR34YBxSpWbi+cvnwnRcDxuUku
nD3ehWF9VbgdAi0hiY/3RfHQO63YczR3C5xij4IvnelBfUDHU2uCiGqdT9Mum+7GgvEuVFfYUORW
EI5J7DgYw5/fDOCtrSfOC6ZfkYL541wYP8hupnW/fK4pJ8lhvyIFV8/2YmqVA6VeBfuOxfC7V1o6
VfHgdwmcNtiO/XUa9h3r2S/CmioHFs/yWMKNHQdjeGZ9EGt3RbDrsGZpEuqwCQzvp2LdcAcWTXFj
1IDMH5tEuPHYqmDOGowWexR8aaYHk4bazXAjEgNe3RjCsx8EsfHTKFojEgNKVMwa7cCs0U6M6G9D
vyIVrqx/01MXxiqqK+04fagd88Y58e72MN7ZbpwhONYcwtFmHZfUuDF3rBMOm1HJMrnKjmtme3Hn
c81568lx1zWlZoj04E3lsHcyfPe5BBZNcWHhZJe5feeua0px4Z1H8nKc6fIRbiR8+zwffvhYI7Ye
iOLtn/THWUsPMeQgIiLKYunlxVg0xdWr91lTZUfNdaX44/IA7lnekpPb/Pb5PggBPPtB0DxxNjUe
2NTWa3DZBZac4wMA/PXtVvO958BSFTNHOQEAj64K4rFVJ0bAYVcFaobbM05YeZwKgO6/r/e7BO67
vsxSTX2y8bkEfn11CX7yZBOeWRfs1fse0d+Gr5zlxXPre/d+e6qgXw1zxjjx7fN9GNk/89uorrDh
gkkuLH2qCa9u7HlznSnDHPjZFUUYGP/BvGCSCzf8qb7DkGPGSAduudCfsSi2qQKnD7XjV4tL8KPH
G/HKhuPbAGhYHxtuPMeLuWOdcKf1c9jwaQRPvN+zF/aVMzz41nk++F3J264oceCy6e52A47h/Wy4
+VwfZlU74bQBMQ347Sst+NvbgW4dh98lsHiWx7ItZcfBGO5Z3oLXN2UPmiIxia0HYth6IIbRA+wZ
z2U+wg0AWDzTg+kjrM/HE++3Ytm6IHYf0RCNSYwfZMdl092YNtyBfkVqu31E0rnswOByFf2LVYwa
YMO4QXY8sTqIzZ9FsXZ3BI1BHU1BHZdNN0ok3XaBM0c5sXimhj+8lps/4Om+92A97r+hDF6nsIQb
gbDEQ++0Yu3uCLYdiKI5JDG1yoGBZSqunuUxn5NEuBEIS9zyUH1ejjGdEMDy/+yLEo/odI+Nrnx8
xkjjLMyhRg0eB/DWbf0x5+eHzekrREREZFRu9Ha4kerGBV6s3R3pcSXH4lkenDbIjr1HNdz1glGZ
4Y1X0wLAix+F8IVpbgwoVnC4SbeEGHuOxnDzX+rhsIkTahLe0D7Zm/j3VGofPMB4//d/r7VgW20s
pxU1vcnvEqiutBuVSDOTVSlLLyvCgXqt176vEf1tuGa2B0PKVWw5UFhN7ws24Lh+vhc3nO2DrZ2f
Fa9T4CdfKMLWA9EenfVfONmNHyzyp5RTAacPteOsMY42F8UAcO1cL5Ys8JmLzkgMeGVjCGt2RlDm
U3DD2V64HQI3nu07rgHHDWf78LU5HrgdxvcXjEjz3wCw+bOeVcH860V+XN1G2Vh72x0uqXHj1ov8
lr4TNhUYP6j7L9tEk9CEuha93XAj1byxTrNkLPX6+Qg3Jg6x45wJLktFwPJNYTyzLohdh2KI6Uap
4hemuS1bZ9LVBXQ0BJLHVeIRlp4igNFXZFCZihKPC6VeBU+tCeLtrWFsr43hyTVBlHiNPhyJ658z
wYV3todzuhUnYVttDE++H8RXzkq+Xt7YEsZtjzdmVBGt2x3But3AM+uCWDTVjaWXFVm+1ltNUX/y
hSKUeI3HtKs9NjrzscdpBDcCAkII+FzAnV8qwa1/b8jVt0BERFTwvjzL2/GF8mzJAh+u21XXo9u4
aLIbugTuerHZfO9zxRkeeJ0CWw7EsHJ7GNecVQoAlhBjYJmKyUMdOFCvYcfBKBaMd2HXkRh2dzBe
tjfYbbmvPK2usFkCgHW7o/jeg/XHvV9FTzWHJNbuMoKyFZvDuPuaEnMNuvSyIlz0y6N5P4Yyn4Jr
Znswa7QTj65qRUuBPaYFGXAsWeDDjQuSv8Q0HXhmfRCPrw6iKajjiukefHWO8YL3OgW+NseLnz/d
1K37+t7n/Lh6tsc8M5zK2c4P683n+XDdvOQxfnpMw48ea7RUK5w5yoHpIxwY3k/FgBLV0iiyNxS5
Ffz3l4oxI36GePXOCO57PYDbryw2A44dB2PY3INRld+9IBluHG3W0RqRGFJupFKtYYkXPswe7Hzl
LC++c4EPigAON+noV5RclL+1pfuJ9PkTXZYqh5c2hDodbqSnxHUtOh54M4DHV+c23ACM11bqaNEN
n0bx2KpW7D6imeHG4lkeTBriyNiOsu+Yho37otj8mRHshaLJY3PZBQaXqxg30I4Jg+0YXJ5MCH0u
gRkjneZz//bWMHYeiuHR91rRx6dg0lA7hDCSZVcPp7a0pbJUxRemJRt0drbcM1Gylwg55oxxYmCZ
ammkmg99fAKfn5q9oWiu2BUBXQL9i5M/AwvGO1BRovZoNDAREdHJJFvPjdoGHbc90YhFU9y4OK26
49n1ITyzPoifXV6MipLcTBuZmoO+H8vWBnHzeT7cfU1JxtfGVtrwz1v6mAve1TuNs/mVpSr+9s0y
lHmt38fNf244IQKOfFiU8v4rEJYnRbiRbu2uCH78eCN+fbXxWqgsVVFdYctrj7kyn4KrZhjhRiQm
sXJ74VXCFFzAcd5EF66bnwwOYhrw86eb8EzK3qC7X2rGjFEOczE6LeWMfWfNGOnATef6MGFw27+o
trRR2fCVs7yWcGPXYQ03/bkehxqTi5Fij4IRKVtrPI78LBjbUupV8NuvlmL8IBuiGvB/r7Xgz28G
8JWzvJaFVE8a2nxxRjJoOtyk4z8fbcTvry01v/7eJxE0BTN7OVw6zW2GG7sOa9hWG8XnJhl/lBpb
JV79uPvHlFq9EYkBj6/ueOtNW+HGn9/KT7gBADsOxfDcB0GcN9GFYETiwXdasXFfFJH4tpQrzsgM
N44263hzaxgrt4Wx56iGw40aAuHMY/M6Bd7dEcGwPipmjXZi7lgn+viN59xlByYNcSASM77HTfuj
+Hh/FA++0wqP0wuPU+CVDSFsP5ifX6y3LvSb1SiJrUOd9cy6IGqqHOYbmCULfLjtica8beUQAnji
u33zc+MplPiP4+lDk69dIQSe+E45Zv+MW1WIiIja0hzUsXaXsb317PFOSzV2osfcttooKkqMStVA
2NiWXOQWWXuu9YZHV7Xi0ZRtJ1+Y5saPLy3Cqk8i+OYDxvbbNT/vDwDYHq9WPdKk43evtODWhX64
7QKBsMQ/1wbx7o7e26ZS7FEwbqDxmK3dFe1Sr8LuqK5Ivgm+87lmS7hhs7dgyMR70GfISz2+n/ef
fq3Ht9ETKzaHsXZ31Azw5o9zYVttfraKJ8KNiyYb76V3Hdaw81DhBWQFFXAUuRX8+0I/1JRw8t7X
WyzhRsL+Os1ckHZ1z9e/nO/D1+Z4kVotXhfQ4bIJc7vEoUY9awPTmaOcuPlcX/J6LTq+//cGS7gx
uFzFL64sNvtAhGPArl5MV71OgbuuLjHDjZ8/3YRn449h6tnoqAY8vbZ7vTemDXfgexf6AQDBqMQP
H2vE9BHWSSDPf5B52zXDHbj1Ij8UYYQZP3q8EX9ICUVW7wx3O1CoLFUtvTdqGzTsOdL+495euJG+
LcVhEzkLOxoCOh5fHcSHe40/EBs+jSIYkSjzKbh8uhuTh9ot4cbeoxqWrQvitY9DqK03qjzaEghL
7D4cw76jMXxyKIb9dRouqXGbI7tcdmDKMDuuOMONgw0ajrXoWPVJGK0RHQ6bwPbaGBoC+WkymhpG
/vjxRvPf88c54XcpGaOy0j9/z/IWM+BYONmFXz7XnDVEy4WR/W0oSiveSO2hkS14SNuB0qkeHLpu
VPJMH+mwfN3jFKiusPXaVhwiIqJCM7rChspSFQfqNTz0TqtZAf7cB8b7hspSFfPGGuHGr55vxsMr
k8FCZamKu68pOW5BR8KiKW5oOvDHlJM+evw9xpFmY30R1SSeXhPE1+d6Ue5XMHvp4V47PrsqMHag
zfI4De2j45M8L4xTt41vS+sRMXLGT1FU/mG3bve00mn49rjb8f7R13H/tv/q1HVcdmPHwBkjHfC7
BQYUq1izK4KfPtmUk8b863ZF8j4VKDXccMR3KazYHMrLidx8y009Vi+5dq7X0j9gW20M963I3mwy
tYReVYD+xZ0POYo9irkQCUWNvhm3Ptxo6QXx8f7MbRsOm8C/Xey3bIG4+6UWS2nY7Gon/vGtckxM
qQxZs7N3S39+dnkxJg017v9/nm82w41zT3NheL/k47R2V6Rb22aK3Ap+fGmRGWbcuzyAtbsiOHdC
sjTwcJOeUR2SuF5ii8SvX2jGpCH2jD4U3ZUedB1tbv8XTlfCjXljnTlvnlTboOGtrWG8tyNiVmLM
H+fEGSOdlp4be49qeGxVK55ZF8S+Y+2HG6liurGd5dn1Rpft1DFdXqfA9BFOzBuXPKPx3o4I3twS
ztu2iMpS1TyzUtugm+V3i6a68eurS7D08iJLBc6iKcnPTxthfN7Yd5r8eUvvmZJLD9xQlhZGAIDA
s+uDuPH+epx9xxHM/Olh/PsjjVi2LoiN+6O49K5juPPZJtQFdEjZuR4cUd2YmVLV15bx9fvjI3WJ
iIgouyULjBOPqSdEExWii6YYZyr+uDxgCTcA4z3FN+6ty1oN21umVjkwaagdr28K48O9ybXH4Sbj
vdjkYcn3RXPGODGwVMU7W3tvXeF1ClwwyZURAuWj50a61MEF6Vs2ivp8iO4OnBviGwWH4sTsfp9D
P/egDi8/ptKGh28uR3WlDbc81IDL7z6Gj/ZGMW+sEz+6pKjD63dVdWXu39s6bCIj3AiEC3N7ClBg
FRwXnm7dO/ePd9sefeR3J1/VgbC0VFB05JfPNePDvVE0xcvaAmGJr82xNi7K1sH2pnN85llwwGiO
+GxadcmIfjZLeVw4Bvzlre5NBOmOb5/vw9njk+OjLCVw062no1/uZuPTf7/Yb/Z2WLMrgr+8FcCM
kQ5U9U0+Nqs/yXz8vn+R3+zP8fIGY1/kX7+ZXMDVtei91oy1q+HGknN8+NXzzdiTx6mk/YtVnD3O
ZW4nAYyQ5uk1Qby8IYRjLd1LiI+16Hh5QwhOu8BXz/KiOB4o9fErWDDehZXbuxd0dVXqY72tthN9
X1L+cKVWS6zZFTH/0E4b7shLt2mHzfijLqWEhMDK7RH868MNiMV0eJwKvnOBH/d83fh5EsKoxFi7
O4o9R2LYcySGf7xn/F648HQXfnRpUcbkolRNrRKqIizVTwluh4DHIdAaKbx0nYiIqDdcPMWFXz7X
hAP1Gp5dH4LfLXCgXjMn6wHJ8GPxLA++f5EfB+o1XPXbY2gOSby+KZzRv6O3LJ7lQXNI4revNFs+
/+rGEK6d68W/nO9DkVugj1/FdfO9qG3QcPdLzW3cWu4N6WPr0gS/3uDvs6FH1x/mqwYASAAt0cZ2
Lzum0obffrUU22pj+N6DyebvOw7GMHO0A3PGOHNS4b12dwQ3wliL+l25rU9w2AQWTnZZwg0A2HIg
2qX184nkBHtJtm3iELul0WRdQMeydmYBD0ip2Ojq3qFQVGYEEzNGWXs3LP/YutDuV6Tg8jOSAUEo
alQgpHvi/VacOcqBaSOMLse/e6UF63b3Tjo2f5wTXz3L+OHY/FkM//N88vgGl6uoqUp+j/UBiRc/
6nqYMG+s0+yXEYoa5X4AsGC89Q/Da2mP35wxTnO/19FmHb98rtlohDkoWeny3o7eeZy6E270xvzt
maMdqOpns4xPfXtbGCs2dz/cSDjWomPFpjCq+trMP+J21RjrVVPlwHNZthPlWupeym0p2y5WbAqh
OajD71YsVT9tfn5zGM1B4zlam6efrZoqJ4QAVu+MYsn9dQAEVAVY9q99MahMzdiKIoTAfz2T+fvg
hQ9DePGjEKZWOXDvN0ozrgcA7+4I4z8+74fxpza9wgOYNdqJVz8+vmOmiYiITmSLZ3lxz/IW3LO8
BZWlKqQ0KkQTFbEH6o2F3PxxxnugylIV1ZV2rN0VMb92PIwfZMd/P9OUMQ3y3tcDKPMpWDjZjduv
LEZMA1Z9EsGd8SDn1NazMGFE0XgAwKHgp2iNtR0W+V0Cd3yxBEIAP3vKGoQkXlcOm/EcfrAnP+9H
E4M3ttfGcNsTjV1uPpoIN64602MJNwAc1wmfPVUwAccZI6yNQj/e1/YZ3inDHJYwpKd71Is9CiYN
Sd7/h3sjOJK2veFrc72WyozXPg5lHU0bCEsseaAedlXkvflOqnKfgn+/uAiqYlSN3LGsyXL/l0/3
WEburtze9V4XLrvALRf6zUXak++3Ynv8B236yOTjd7RZx1tbkwtSuyrwnQv85qSa37/agmMtOm46
12dZ8PXGIq4r4cbMUb0XbgBGNUJpSnfsT49pxpaRxuRrscitoKJEQVNQ4khT9u0qDpvAgGIFbodA
bYNu9qj4rEHD8k0hTBpqNytpSr0Kpo/onYAjVerz3hySWZvdtvX5xGitfLpyhhuX/PpofFuPwLfP
9+HaOV4A0nLsiZ4ZUqLNfi9SGsc8/ceH8PDNZRhdYd1j+ZuXW/D6f/aJ305mj46rZnoYcBAREbVj
8SwPHl4ZwIF6zQwAUkeMJiZT/PK5Jty6sAjbaqPme4l8bAnorPP/K3tpcCgq8dMnm/D7V1owoETF
joMxy9S8XPM6BSIx9Ora5Xio6TMHZQ6jgfxHdasAJPtrPPtB0DKdb8k5PlT1VfGTJ5twuMn6hrtv
yjo0fdphrlRX2MyeMqMrbFhyjs9SRdKR1HCjNG36Tn1Ax5o8v5fOp4IJOMr91v4G7VVlLDjNafk4
W7+MylIVpw22oyGg44M97Xf6vfB0l+XF+UbamFK7KnDuackKhZgG/O1t67aTweUqQhFpBiO9/Qvi
1oV+czrKI++2YlPaYzJ/nPUxe7GN8a3t+cZ8r7k15VCjbjZDGj8ouWAGMs+qf3WOx+z9sWZXBP9c
G4TDJsymT4DRs+PNHoyH7YyuhBsAsGiqq9fCjUFlKob2sVm2KXywJ4Ldh2OIxo+rX5GC8ye6MbXK
jsagxGsfh7BuV8SyfcHjEJg2woHzJrjgdQq8vzOClzaEUNeiIxozmo+u3x3BkHKjGsllFxg5wIZB
ZSr253nkaiH5bvwPiFG10QcDzf4r2XtqxPRkQ7C2xHTgqt/V4aZzrSOmz5/oMm8nW4+OKcPy23SK
iIio0PlcAvPHu8yx8oumuC29076/sAjX31eHbbUxXHdfnfn5muEOy/vRE82RZj3jpGsupTcQfXNL
uMMedoVszoCLAQBRPYLXa5cBMCplb1zgxaKpbnz+f44iqkkM7aPi0ho3thyIma+pVOMGJt+bteRp
dK3fbQ0lurp1pa1wAwA+2hvN23H3hoIJOHxO6xv7Q43Zf7jKfQouOj25VSSmAavSRiTNGePEHV8s
NisujrXo+MXTTRnBRcLclF9srWGJF9IW/+dPtPZF2Lgvih0HY7h0mhuX1LhRXWE3F6afHIrhL28G
8Hw3AoTuWjDehfPiDT4P1Gv4w2vW0ULTRzjMYAIwJtB0daxU/2IVX5yRTML//GbAnHaRGv4AwAd7
kuFKsUfBl2cai7moBtz9YqLpk8vSUHZVlp4dudTVcAMA+vhz21S0PWMr7Sj2CEt1wMZ9UcsfmWF9
bVgw3olJQ+3QdGBgqQqHKvDejjBaIxIeh8CZo5z40kwPTh9qh6oYFR/bamOoazEe37qAbql4EgIo
dguMrbT3asAxpcphNgXribW781fNoQjg7Z/0a7d/RkI0JuO9ONq/nJTA719pwb6jMSy9vBh/easV
/77Qn6MjJiIiOnXdeLbXXIx+eZbH8rWaKjvuu74MD78TwBtbwqgsVbFoijvjcqeSylJjm7I9ZbXY
t0g9aQOO4f4xGFcyFQDwwbGVOBzcDwBmI/vUtd71831wOwQefS+zH+TEIXbzslENlub33ZXt/WNb
0/o6eq8JGKFNW+EGAJT6FFwz25v1azsPxXp1/HB3FEzAEUs7/dkSyv7DtWSBz2ySCAA7DsUyks1v
neezbCcp9ym45ixv1oCjX5GCKSkdit/7JJIx7mdeWvXDB3sjuPe6UsvIy4SR/W342RXF8LsVPJLl
hyLXXHaB734uudXj6bWZi/X05q3ZGoB25JvneM1uxjsOxizNS8enTIzRJSyVGF+f60Wp17jenCDC
sQAAIABJREFUs+uD2PyZEX4k9kAmvLklf4FQd8KN3lbkEbCryddsU1Bif51mqc5I/YWmKsDpQ+0A
PBDC2FY1aYjDEm4Axi7F1Ou1hiU+q9cQjEpz4W5TheVnqjfUVNlzMg5LvJ69IXCPb1cAb/64c+EG
YPyB68wfnIRn1ocwZqAdZ493Zu3LQURERF1TWarirqtLACBrBa7x3qOktw/rhDS0j2qZXHcquHjI
V6EKFVEZxXP7HzI/n6iU3bTfqPj3uwTmjnWitiF7P8jUE+17juR361B3zBrtxDVntR1uAMCkIXZM
GpL5Pnzn4Rh2Hc7v+N9cKJiA47O0s8f9sox9XTTVnTEJJFtTl3Jf5hPaHMwemCya6rY0dXxufeYL
ecJg6wvgvAkuDCpTEdOMJpDv74zA5xJYPMuLEo+AIoyQZfnHobyWlQHG/QwqM76BhlaJ3Yc1fPcC
P6orbehXpKKPX0GR27qCumy6G5dNdyMQlvjx441Z+xykGjXAhs9NSj7u6aN7R/ZPvsz2HNHMjrx9
/QounWZcrzkkzS0txR4Fk1MWtw2tRgfrfCiEcAMwHhNbysu2rkVHOO0X5p4jMazcHkbfIgWVpaol
5Jg0xI6xA+2WcKO2Qce728PYndIbQpdGn5hjzbr5urGpxv1T0r3XlcHnyt4TI9vH3XkVBcISg8us
j3tH90dERERtSz8pSdl5nKfW+77q4tMxoXQGAOC9w69gX8snAIAR/nHm9pyX4k03F5zmgs8lMgYm
AMaWntTK/+6cNM4m21u97rz9S4QbI/p1PQLYeTiGB99uxcrtJ3b1BlBAAcebW8O4cYHPXJydP9GF
h95pNXtZfGmmB98+32c2qkx4N8v83o/3RzFnTPLFJyXwz7XZmyjOG5usJNhfp2VUeVRX2CwNTQGj
X0JLyGj+s3xT8sV/uFHH0suNechep8CiqW7c/0buR8TaVYGrZ3swd4wT41OmkJR4BH61uLjTt2NT
BWo7MR70xgU+c0TU+j1RvLox+T1PGGxHScrZ/0SFBgB8Y77PrPp48v2g2aDn/Ikuy5nxD/fmZ4tB
RYlSEOEGAJR6FNhSKjiimszo6XCkWcdzH4SgKgIXT3FZQo7TBtthU2D+/CRGpb3wYQj1AWvIFtMk
gimVIXZVoKSdlDdXctXMqGa4A1NzUP3R7n3Ebz9bT4xsHzvUzpcNAsDnJrksfTjau33ZldIQIiIi
IrK4YNAXoQoFjdE6PLXnT+bnTy+fDcDoBZg4yT0jPjgh2wngy89wmz0PAfR6k/72nCrhBlBAAcf2
2hhe3hAyt1NUV9jw4E1l2HMkhlED7BjeT4WmA2t3R83Fx+EmPesTcceyZthVgalVDtQHdPzlrUDW
7SnVFTaMG5h8iF7ZmJnUpVdvAICmA7cvs4YbAPDiRyH86NIisyJk7MDcL8L6+hX8/tpSM23sKimB
xqDRbPLhla0dTqA5fajdbL6kS5hVGAnp5W2J5rCVpSouThkL+8AbyevNGGm9zpqd+Qk4UptLASdu
uAEAjUE9vk3LWOC6HQK29DQPQG2DhmXrgpAw+pgkQg41JZ9IhBvL1gWzBlg2VcDtsIYpTa3532+5
bnckJyOTl8CX94Cjq1LDqY58fZ4X3z6v8/1HWMFBRETUtlseasCKzWHcdU2JpWHonJ8dNvvFZfPY
v5QDAL5xb13Wy9260G+ZxFKIFk11AxJ4JkuF+qnEoRhrj5WHXkZrLLkmqfJXAzBaFrz6H33xg0ca
MXKADaEoLBMhAeOE4FVnJl8PH++Pdnlsa769uz2S9eT/pCF2TMyyJQUwJqoUUrgBFFDAAQA/f7oJ
DpvAgvi+9OoKG6orbNB04+zvA28E4lsejCeorSfiUKOGm/5c3+H9XVLjNst/glGZtZFMVZYUbPmm
EF76KDMMiWoSMU2avRTSt4bkwtC+NtQHdGzYF8XEePhyoF7DpXcdy7pof+imcowflPwefvpkU5d+
yS1Jqap5e6uxHSfV2ErrD8vWA0YFx3XzvfDE+6D8471Wyx+O1D1fugRe72CLTGdl25qU0J1wI/1y
NVWOvDW0rA/oiKVkEWVeBR6nsd0pvZKjtkFL6RLusgQ5B+o1PLM+hGfaCDcUYVQXpT5WMQ0ZVR6n
ug/2RDG5C9NL7J3oR6sqwAM3lpk/t5214dO2R2YTERGd6hLvMbcdiHVpIoqUxnXbCkF8XZxacSKp
Ge7A0suKku8RBbJOAzlVLPv0ryh39sf5A6/EvIpF2Fi3Gl67H+NLarB6axRfvzc5WeeOLxbjYJb3
0Nef7bVMjXwgD1X6qdLbKzS30Z8yYeX2cJtr4x9+vijr5+sDOh5dVVjhBlBgAUcoKnHr3xswdqAd
U6vs8DkV1Ad0vLsjjH3HNLjsAv/vqmRzoGwhQ1fMrk7+EnxzSzhjxjGAjAYtmg7c93r2F/SAEtVy
ZlzLw5px7S5jakQidQaAh1a2Zl20l/sUy/aMUBRYsbnzj9m8sU6cEa+2iGrA/6VNZwGAASXWhfLG
fVEM7aOaPTv212l48O1kcDRtuMMyPeXTo1rWXyJd5XcJXDDRlfVr3a3c2LgvijNHJatNLp7iwsrt
YWzcl/sFZ3PICMcSPE6BylLj9RQIZx5zashx0eku9C1ScbBBw0sb2g43ACPcGFxufZ3GNImmXhgV
NbXKYTbmzef0k1z469sBTB5W0ukeHIDEkHIVe49mPu5CGKHeAzeUAWndOjpz+39/N//NiomIiE42
b93Wz/z35P88BAD40/VllirQdbuT7+k+uKN/3o7l0W+XY3SFDdtrY/jib48BMEKIu64ugc8l8PDK
Vvzq+eYe34/fJfCzy4szepFUlvTeZMAT0fbGDfjB2qvNjz02P+6c/ggkgAfetK7rvE6Bjxut7+em
DHPg6pSJO+/tiHTYw7CnttXG8MflAVw924OtB2K457WWLjW0TyjzKZg0NPPkWiLceHZ9703+zJWC
CjgStnwWxZbPMheRl013m/0edh3WMqoJumLGSIfZZFGXwEPvZF9EeBzWKoxN+6P45FD2cqT00p98
jVm6erbH3KKy96iGf7SxAJoz1glbyu+zrQei7Zbqpbvp3GQZ/UsfhbKWYfUrSt7BoSYNgbDEfyzy
wRV/KB5M6aMCGIvcVFsO5CYsuPwMD2aOzkzte7It5cWPQjh/ogtD+xjfY2Wpiq/P9eIX/2zCsZbc
PrfbDkTRFJSoLE1+rrrChvd2KAiEs4cVie0qR5o0DC63YffhGNbsirTbV6Xcr2Zsu2oKSmzL0fPQ
nmnDHbhxgdF3wv+uwLrdkW79oq6uTP5a21abn+N+f6dxbJ3twSGEwK0Li/Ctv1grx+aNdeLnVxTD
50pcr3O3l/IZvLOtsFJ1IiKiQpQadhS5Rbe3g2czOn7CcXTKiceaKof5/mDxLA/8bgU/eaKxR/ez
aKqbjVY7Ye6AhfCqPmxpWI93tk2wfK01LC3VO2MH2nH7F4vNk4PNIYm7X+p5GNUZ9yxvwT3LM08w
d8W04Y6ME/ap4caJtm2/Mwoy4GjLF6Ylk7PnP+xZmdXFU5JTQVZ/EsGm/dkXSulP+Qd72l5QzRxl
Xbx/3MZt9kSRW8FXz0o2J2zv7G56KfxHezt/PNfN95q/2ANhiT++nv2HK3UbTkNAYtQAG86LV1Ls
OBjDY6usxzd2oPUluT0He9emVjmweJbHbISa0NOeG3uOxPDAmwHcepHf/AM0c7QTl5/hyehF0lN7
j2rYdTiGoX1VswHr5GEOvL3VqCxKn6iScLBBw1NrOvez4LAJDO9nDTiCUYldh2NZKw9ybc2uiBlw
1FR1fzRZdUXy+PO19zEY0RGOwQzqOmPmKAcGFCuYPsKJm871oV+R0uMRsKGozFrBQ0RERF3X3l/U
6+5LblOoGe7AfdeVZr1cV5qKd8WiKS60hHT88rnuL579BbytprOaj07q8W3M7n8BNKnh2X0PArjT
8rVDTTrGDrThB4uKoOkSi6a4zXVAJAbc/s+mnKxfUqW+L+5oK0pXpQdekZgs6HADAAriVd7Xr+Cm
c334yReKMHlY9oXP4lkeDO9nnElvCko8vqr7ZdtFbsUyZeVvb7e9hyp12gTQdsWBMTM5uUUiGJE9
3kKTzb9c4EMfv/G07j6iZQQIqUb0t674OzutpKqfzRKiPLE6mDHGN8FhS67gmoI6bjjbZ/YjyDZB
Zki59Zg2Z6nU6YpynzEpJb3/Rq4air70UcjSs8RhA644w51RiZILq3dG0BBIHmtVXxULTnOhIsvI
5K5ShDH9Z95Yl1m5BBihVE8qobpie0q1xegKW0YT2M6orrChIr4tKhCWOFCfr2BGYMn9dR1fLPUa
Avju5/xYenkR+hf3PNyQUmLJAx33EiIiIqLOae9P85IFPvP/qSdCe9OXZ3qMxqAd8LuEOanwZJV6
gid1yz3Qs5Cjps8cVHqGYfXR5djSsD7j6y98GIQigC/OcOPLMz1muNHYKvHjJxrx8ob8bunY1sEA
iK4YXK5a+iVGYhLPfxAq6HADKICAo69fwV+WlOH6+V5cUuPGV8/K7FY8uFzFdfOT2yWeXR/MutXC
YROYOcqJM0c54HW2/UN/xRnJJG71zghWtTPDOL0/RF0bWxO+NtdrGZf6wochNOZ4MkXNcAc+n/IL
t6PmNgPTFpA72thak+4/P19kPj4H6rU2S6O8TmGZ3uF2CMyPp4Qf7Ilm/QWQPo60oyku7XHYBBbP
8phTdRJyOS0lEpN4eGWrpe9GIlTpzgK9PWt3RfDp0Zil2eis0U7MHuPo8RjXUq+CuWOdlr4zkRjM
bS29oTkkLfv8lizo/CSRhJ9dnhyDnO/j3rAvikBaip4+sjX94wXjXZaqko4u397HoRiw4dMTt08J
ERHRyeTGBV7z/4umZO/rBuSneiOVpTloGr9LYMkCH966rR9e+Le+GdMMTyapa4T073PHqqU4uvf8
9kty2jCmZAp2NG3Ew5/8JuvX//pWK55YHURDq4SmA4cadSxbF8TiPxzDK3kKN6bm6XmcOdpprokT
4cYjq7L3biwkJ/wWlatne80fYimNhpmpXHaBX1xZbIYHhxr1rNsDBpSo+MO1pajqa9xWICzxpxUB
/OWtzBBg4WQjJNB04N7l7YcEH6VNMHDaM4OTiUPs+FLKGKl9x7SsDTl7wu8S+NElRWZPjQ/3Rjuc
vVzkti6KWzrRf2PJAp8lMPjdKy0ItbE9In2K6enxBjaaDvyhje8/PW12OwSaurnbaN44Y7tIqrbC
jZmjnCj3dz8kOFCvWbZ21FTZ8eWZHvzm5Zac/ZI4UK9h+aYwhvRJVimUegUurfEgFJFYsTmM+oCe
MVWlPYowwo1545xYONmNUm/y8T/arOHljaE8VkFkumd5Cy6Ov2lYONmFNbsine7qvWSBz9y7GghL
/Or55ry+yZASWPyHOvzzlj7m5zrqmWFTjXHTA4q9KPaITvfwyPbx4t/Xof1zTURERJSwdncEWJ78
2O8WXRrz+se0NcGiqW7z/VhXVVfYMH9c2yFJunW7o2bz9eaQnvW9WfpkFJ9L5HXC3/G2rTZqNoS9
cYEPz6xLnuCORX3Ytf5W7Fp/a5dv933zX09n/XpUk7h9WRNuX9bUjaPuuvnjnJa1V1cGQrTHYROY
Fe9PmBputHWyvpCc8AHHwLLUJpW65Ye02KPgv68qNntJBKMSv/hnU9bqja/N8ZrhBmBUF9xwtjcj
4DhvogvD4pd79eMQ1u9p/5fCm1vCONSoo3+x8QtuapXD0vRv1AAb7vxSidk3oSUk8cPHGnPahNLr
FLjzyyVms8twDJ3qtGxLC3/njnVi5bYwLp3mxo6DMby5xdq88NwJLnxjXnJryisbQ3ixnW02zSEj
2VTTfve/+FGozV+2kZi0TPD42hwP/vp2K04fase8sU784JHONVeaOcqJr8/1WgKTtsKNeWOduHae
F33aGSPbHYumurFicxjrdufuD8vLG0IYN9CGcye4zMR1eD8VX5rphd+t4K2tYeyv09rsyZHKaRcY
VKZizhgj3Ehs8QKMgOD9nRG8kecO0OkO1Gt4dn3IDDmWXmaMrWov5MjWEfye5S1tbpvKpb1HNbyx
JdylsXPfOteH6T8+hBf+rS/6FnXvNff21jB2Hz6xZqsTERGdyBKTBlN1JeDIVrGc6B3WVfPHubp0
3bW7Im1WTLc1GeVk98y6oPn8+V0Cv76mFLc8WN+lgQknuqlVDkt1cm2DnrP+ciP62zAi/t7/ZAo3
gAIIOPYdSy5SSr0Kpo9w4FCjhjljXLhyhtvsF9DYKvH/nmlqc6JAWZYS/tZI5g/AFfEz/nUBHf/7
UueqLB5aGcC/XuiPX9+NHQejWLMzgvMnuXDtXK9534cadSx9qjGnY0SnDHPgexf6cNqgZLL3x+Ut
bTZFTXWkSbcssBKLScAYiZQacFw924Obz/Wbocjeoxr+65mOQ5TGVt0y9vVIk467X2z7ettqY2al
BwBcdaYHV51pPCed/YXlsAnceI7Xsh+vvXBjyTm+jL17ueB3CUwcYs9pwNEUNLoa9/GrmDbCAWf8
sIf3U3HNbC9G9LPhjS1hfHIohmPNxtSa1IoORRiBWLlfxYh+Nswf58TM0U5L5UY4ZlQAPbqqFU3B
3v9F98vnmlBdYTOrMZZeVoTFMz14eGUrPqvXsG53BH6XwOgKO6YNNxrI+lKCrDe2hPHwyt4bnXrL
Qw14b2l/87noiBDAyp/2x8yfHsKvFpd0KRwBjHHO332woRtHSkREdPJauzuasS0ZABbP9GRtXp76
3mHp5cWordcy3g9WV9ja3DKbLVB4Y0vnTgw9vDKA+eOclqkp3XWqTkbZVhvD399tNUOOmio7Xvi3
vvi/11qwrTaW0/ffvSnxHnf+OCcWz7IGcLf1cIpOqlmjHXDYBN7dETmpwg2gAAKOR95rxYLxTgwu
V+G0AX/8hrVjcTgGvLs9jP99qbndSQ/r90Rw7gTrD/+rG63VB6cPtWPqMDt0Cdz9YktGf422PPRO
K4aW23D5GW54nQK3X1mccZlVn0Sw9KmmTt9mZ3z3Aj+uOctj2Qry6Kog/vxm+9tqEp5ZH7RUZCTs
Parh0feMBeKEwXbc8cViS+PJQ406/uPRRtQHOv5B+ORQDNN9xh+VmAb817Ptj1C9/40A/mdxScbE
E8B4LXTWmJRJGscj3Ejcb667KAPGnsOn17bC4xQYP8huLqxLvQIXTXbh9GF2bNwXxcf7ovj0mIZA
SCKmS9gUAa9LYHCZiglD7Jgw2J7RhyUcAzbvj+LpNcEe9T/pieaQxHX31eFP15dZxqYtvbyog2sa
U4N60l28O6QEzrztIFb+tD9cdus2Eill1o8dNuDlH/TFOXccxriBDjxwQymcdtHm5ROCEYnZSw93
aRsSERHRqeDvKwOoqSrJ+Py8cc4OA4C2emr4XKJLlRadPcGSeK9z/w1lPR43eypMRmnLPa+1YNpw
h/kY+lwCty70H+ejyo+fPNmUs+1GPpfRl/LdHRH87e3ASRVuAAUQcBxq1HDdfXW4YYEPk4bY4bIL
NAUl9tfFsGl/DC9vCOFQY8ehwSPvtWJoHxUXTXbDbRdYsTmMu160VmhcPMUNIYD7Xg/g2fVda/xw
+7ImbNwXxaXT3BhSrsLrUtAQ0LFpfxTL1gXx1tbcl/qv3W2ENmU+FXuPxvDg2wE8/2Hn92X97pUW
2BRjUVziUVAX0PHejjDuWR7A4Sbjhb7nSAwH6jX0LVLR2Gp8/d7XA53uy3DfigAGlqko8Sj47Sst
eH1T+4/DO9vC+NeHG3D92cYYWpsisO+Yhkfea8Xjqzv3RyMSk3hlYwhTqxyIxCSeeL81I9xw2AQG
lqnYXhvLSwgBGGOA89Xo8vVNYQgIXFLjxuRhdkvT3IGlKgaWqrhgogvBiMSxFh3BiLH1p9ynWLYA
pQqEJT7ca4QbyzfltwN0RxJ/+G9dWISzxzvbbQoMGCV7tz3ReNz2mUoIzPrpIaxc2h/ulJNH7fXQ
KPcpWPGj/lhw+2HM+MlhXHWmB/+W9kfZEm5EjXDD+Hz8fhl0EBERAQBWbDYqONPPeveWe18PdOl9
SHNI4hv35ibkOFU1hySu/M0x3LrQ36XtRoUkEJa47YnGDtdQXTG20o59dRoefDuAnZ0cMlFIRMVN
n/EtctyC8S5IyJy+gOj4GNbXholD7IjEjOczvdGnwybMcbr50hvNOcdU2nDlDA9mjHSij18xR/B2
RSQGHGnW8P7OCB5b1XrcKjfa4ncJLJrqNptxTa2yIxCW2HoghrW7IthWazTeOhH2XAoB/O6rpZg5
unPdrqWUiGoCF955JF7ZJDGivx3fucCP2aMdMNp/C6zZFTFHwj74zXJENQmHTeDq3x+FZKNRIiIi
09QqB755js9sQJlv63ZHcc/ylm6fZPG7hBly7DgYw5W/OQbAaBp69zUl8DoFbnmoASva6Iu2eJYH
378oe9XCr55vtlSVtHXZ9MuNGmC8j0634dModhyM5e1yPVFZqmLxLA+qK+yoLFW73QD2RLDjYAyf
1WtYsTmMFZtCOX+PO2u0EwcbtZMy3AAYcBDB7xKY14VO1i9vOLFmQxe5FZw7wYkF410Y2kdFqVeB
yy4g2ln3SgmEohL1AR27Dmt4dWMIb2wJH5eeGyej4f1sePjmcri68N7qqTWtuGNZM7T4U6AIZN2K
4nUKxHRA0yRifLqIiIhOaX6XwK0LM0fHHqjX8Kvnmy3v7YrcCm5d6EdFSfKytQ0afvmc9XJ2m8Ck
IXZ4Uqp+WyMSH30aRTTlPXCuL9dTbb33ZcWrVZlPOem2paRiwEGnvCK3ghsXeDvV7PGNLWH870u5
G/2aSxUlKmqGOzBtuAPD+hpBh00VsCmAogC6DsR0IKYZwcaeIxrWxDuK1+awNwwZhAAmD7Xj99eW
wWkzPu6oxwZg9NG589km9tkgIiKibjPed2T/fDoGAHQyYcBBBGOrx7VzvZg5ymnpqp3QEpJ4d0cY
f34zcMJt4cimf7GKsZU2lPkUeJwCHoeC1oiO1rBEXYuOLQdinepdQ7nhdQrMrnbiyzM9GSWaiZBj
474oHl7Zine2hREI89cyEREREVFXMeAgihvW14bZ1Q5MrXLA71JQ5DYa2h5r0bBxXxTvbItgz5ET
P9wgIiIiIiI6FbFlL1HcniMx7DliNK70pQQcR5t1BhtEREREREQnOAYcRGkKYQsKERERERERWRXu
/BwiIiIiIiIiojgGHERERERERERU8BhwEBEREREREVHBY8BBRERERERERAWPAQcRERERERERFTwG
HERERERERERU8BhwEBEREREREVHBY8BBRERERERERAWPAQcRERERERERFTwGHERERERERERU8Bhw
EBEREREREVHBY8BBRERERERERAWPAQcRERERERERFTwGHERERERERERU8BhwEBEREREREVHBY8BB
RERERERERAWPAQcRERERERERFTzbL6a+dLyPgYiIiIiIiIioR1jBQUREREREREQFjwEHERERERER
ERU8BhxEREREREREVPAYcBARERERERFRwWPAQUREREREREQFjwEHERERERERERU8BhxERERERERE
VPAYcBARERERERFRwWPAQUREREREREQFjwEHERERERERERU8BhxEREREREREVPAYcBARERERERFR
wWPAQUREREREREQFjwEHERERERERERU8BhxEREREREREVPAYcBARERERERFRwWPAQUREREREREQF
jwEHERERERERERU8BhxEREREREREVPAYcBARERERERFRwWPAQUREREREREQFjwEHERERERERERU8
BhxEREREREREVPAYcBARERERERFRwWPAQUREREREREQFjwEHERERERERERU8BhxEREREREREVPAY
cBARERERERFRwWPAQUREREREREQFjwEHERERERERERU8BhxEREREREREVPAYcBARERERERFRwWPA
QUREREREREQFjwEHERERERERERU8BhxEREREREREVPAYcBARERERERFRwWPAQUREREREREQFjwEH
ERERERERERU8BhxEREREREREVPAYcBARERERERFRwWPAQUREREREREQFjwEHERERERERERU8BhxE
REREREREVPBsx/sAiIiIiE4mEoBo7+tSAgB0KSClNC4vEl9L/lsxP595a7oWhWqzd/qYdF0DICBE
2+e2tPhxJY/TuH8Rv38hJASEeXwZ31f8SFO/ByIiot7EgIOIiIiok8xFfPyD1GACADRpBBhCGJdS
hDDjCanHIBQ1/jVAzQgBsqUCMh6IWIOFroQbAKAoaoeXsWWkEulRjfFvXY9BCOP7kNIajJgBiPkY
pNxa/GIMP4iIKF8YcBARERGliWcKkLqEjNcw6FJCk9YqBUVJLPsFBCQUADK+gBcQgAR0SOMyQoWU
ArqlUCIlADE/k/Lv1IDEWmCRU9lvuo0kQtggU45HyZJYSAjL8UoJyPi9KNIIQSzhUMqDwACEiIi6
iwEHERERnZJkIqWIL8R1aYQYUsL8fzAmEYlJqIC5CFcVQNONcEPXzVtLv3Uo8Zu2BhPS+s+UNEPG
/6+kLPAdNgG7anxOUQRg/A+aLi1BSOIG9G6EIEYVRucuq8cDHiGMY1CU5OOnSQlVCLOiQxECjnjh
iKoA9tQiEpF8XBKPeSIoSc03Uh87Bh9ERNQRBhxERER00ksulCWiWuJfgK4n+mFIhKNATLcGDJCZ
W0k0o51FSriRvCwAM7RI/3L65XQAIh5KiNQFP+Jd4IWlsMH4uqXBhbAkAKkZhUz/ROIaaVtqAGu4
kXrz2W4jUcli1pWkbVHJ1sfDcvyJG4nfuEDa4w2YW3LM5yfeB0Qgs6aEoQcREaViwEFEREQnDXNr
SXw1HdWMIEImqhsE0Bq2bjVJXjl+3ZRgIRFCpK6jdZllUZ76eZn8d7b1ty6Ny6sCiCUl6kHyAAAg
AElEQVQChdTqCwloMK4f1SR0mWzymbiAbCvBSF4iazVHoieILmXWa1u+t3YrQmTafzNpQkKLpzyK
BoTjaYSS/oDCCHRkfBOLCml8/4ljQryvCeJVM/EnWYFRGSIEYFOTW3kYehARnboYcBAREVFBk/HA
QNMlYlqi0afxtdawRDRt/0ViK4QRSqQt0OPhQkLGNpAOaG38u6PLtvV1o9okl8038tjIo4f3ndje
oggBKXUIITKfn7TbsqlGPw+X3QiMhABsCmCPv8Ntb+oLERGdfBhwEBERUcFIbF/QJBCNGVUKui6h
w9g6Eo6ljmFNGblqWeQmF83plRjpEpNCjm8wkB/d6dfRGR09pm1J3WyTPoGlLbF4eBWNJa/tUAVc
DgEZ3wJjU5M9QBh4EBGd3BhwEBER0QnL7OEgJcKxRGNL47/RGMwtEIl+nQ4bkNj/YE7niP9XILnt
IfGPRG+HBGPxKy3TS1KDACmtq2O9veAj0TU0TaLHRps9OgBkFC4kvoeUu9fjjU4lABn/d3ukntwe
IwGIlMcu9V/dDT6UeEsQRUn2y+goTIjpyd0qMV1mNBoVKc9fZ6bIKMK4zaZg4tE1mr3aVAGnLTn5
xqEawQcDDyKikwsDDiIiIjqhJLachKMypacGEI5XbCiQEAogFGM7QnIxLDqsHrCriUW48bEirAvc
ZNNLkfxEyhxTLS3g0NpJKaSeve4jphvHHWvjuonvP12iEakQiWafxrHqUkKo2RfqiVBACKPSJZbo
R6IDMv4YJJulivj99qC0QyS3iqSO0bU0S009vmj6vSUfayEAIY1KjM4ekkBym4ueUskTiUlEYsbt
KwJw2AXsigCgQ42HH2oimGHgQURUsBhwEBER0XGXOsUksSiPZek/oSC+sE8NB+KTShXIdqsiAEDX
hdG0MjEJJb7gTb0tY5Erk80/U25UppURJMKIbNUF6f1LU7/XqGYEEtl6TGS9LZmcaKtIoxGqHi8F
SYQ+Wrbmp4mAA/ExuHoyZMh+zD3ZtyLMW5AypTmrYp2gIlMfz7TjMEIbI+RIPZLUKTPtkUhUgWS/
cKI+JBIFovFjVRSJsGqEToCEqgq47Z0LzIiI6MTCgIOIiIh6XWqVRjBeqaHpgKal7Cfpos6ceQ+l
LXzbuk57VQeWy8TX0qkzRTpaiCeqJLrSwNQyHbaNz2W7TPrlMwKatA96Em/I+HSXRF8MAWFsd9HS
L2fdepR+n0bvFAljaIxoc+RtNonrtvUcJKpfIJJhkIDx2tN1I9TSpJEg6VLCZTe2tySOpLO9QYiI
6PhgwEFERES9QkogqksEI0aQocUrCmK6sSBNLvh7uNLuJYmRq+naGtF6skuEConvXUACeuYj1JnH
R0AYo2FFMkjqXA+O9iavpN5+/L/CWvWixitiwjEjgAroRq+OxGtSVQCXg5UdREQnKgYcRERElDe6
NLZhNLRKY3uENBqEZqt0KLRMQJr9IqTZqlQi2RujM9UclJ2MV0uYFR6dfBzTK1Q6cUdm01eIeBPW
lO00um7dRiQ0iYgmYYv38bApwugH07V7JSKiPGHAQURERDmVCDUaWyVimrFY1fSTb7GfGB+b2jEi
8S2eihUc6YywJ0uPkc5cN+Wx7ex1OnM5Xcafq2QvUwDdCyhEWJpNav0uAYcts2ktERH1LgYcRERE
1GOJUKM5aIxzlfE+BtrJlmqk6eoC/FTTs54e+SEz/tHN+5KAFu+lUh+QEIqAIiRKPAJ2ldtYiIiO
BwYcRERE1C1SApoEAiEdrREJKUV8WodMq2cgOnmZW5E0CQ3A0WYj9FAVgXK/gMJpLEREvYYBBxER
EXVaItQIRSSagnq834SxeutMc0eik11iQpCuSRxsMH4mHDaBMp8wG9NyGwsRUX4w4CAiIqKsEmNH
dWlMvYjEgIZWHbqeGLdpNNhksEHUvkjMCDuEAFx2Ab9LwKYKyzQXIiLqOQYcRERElEHCmHYS04Gm
oEQkZg0xjLPUDDaIukJKIBiRCEYkVEXA6xRw2Y1RtApTDiKiHmPAQURERAAS20+MiSe6DjQEJTSN
IQZRPmi6RFNQoikIeF0CHjugKAKqkqiQIiKirmLAQUREdIqL6UaooelAcyg+2pXbToh6TSAkEQhJ
KIqAzwk4VAGHnf06iIi6igEHERHRKUhK4wxyVAOCUYlQFNB1hhpEx5OuGxUdgESxR4GqAKoC2FXE
ww6mHURE7WHAQUREdAqR0qjYiMSAUFQiFJVgsQbRiaexVQcAKALwu4ytK26HEXAw5yAiyo4BBxER
0SlA04FwzNh+EtMkggw2iAqCLoHGoIQiBGK6hCIAhw2wq4JBBxFRGgYcREREJykZH+8ajAJRzajY
YNNQosKkS6MpqSIEbCrgsks4bAJOG6s6iIgSGHAQERGdZKSUkBBoCRljXkMRY3FERIVPl8YWs6gG
2BTAaZdw2gScdo6aJSJiwEFERHSS0KVRpRGOSkhIhKNGI1EiOvlICUQ1o1FwxAaEooDbAThsgmNm
ieiUxYCDiIiowEkZn4QSkYjEe2wALFknOlVEYsmqDlWRsKsCLgdgVzh5hYhOLQw4iIiICpQuJUIR
o2ojNdhI4K4UolNLJGb80IeFRChq9OrwuwCbKljRQUSnBAYcREREBUbXJVqjQCgioelGmboixHHb
f290/AAAEe//kZQ4JvYAIeo9ujTCjqgGRGOA3SZR9P/Ze/PmxnFlzfsBKXmvqq7qPtvExJ03Yr7/
B7oRb/Tt7uqyXeXypn0hkfMHCQmCExsl2bKdv3OqJZFYEiBIMx8kwdMCveKlLRMEQdgvInAIgiAI
wiuAqHmt62wJjOfN21G0bvYVKnF2VjWPrRCtn8+nZnPzqQDSQFGsy04r1qrdscV894svT6NORAoR
hN1g1umotMKy0uiXwKezAqUIHYIgvFFE4BAEQRCEA0drwrwCBjNqhAdHAeCkAyNSuGKFMv9py1Dt
90I1s75F8bSMJ+XSOp+B2v/4ZAyFJoqjUKrNZqQVuwXUrBfgRIEIgrAdRE00R6WBxVDjqAd8OlUo
C3lwRRCEt4UIHIIgCIJwoGjdvOZ1UQOlAj4cv3ZnhIvtiG3bnkoDZQHUunmtpv37tVNrQlko1K14
tBKRiFpRqRGvVLvvkJ8Uquvnq0tjt2vUaEJy6BHBiH1WXgc7KqtuDS19UVDKichyIrEKJlqjqoDb
EaHfI3w6Kdg0giAIrxEROARBEAThAKnqxnE96gFHPRPRsMuFAjlv7HULKNn+KtlhLHYhaSU1jqpC
AYLG+jOFlTCh14JEUShoambbDSaiRamn65u0KSKfDVo3ZdlN1REnmKibCEDUCAgFgDojf68M79e0
m7VcSDe2KabNdb0pfsWEMN1GLZlHv57s9+RtXuPaRDM1Qgc9ETqMWPVE2FCAL/DCbO6VjW39Euxp
rdT6mI/mGsc9hX4JFBLRIQjCK0cEDkEQBEE4IGrdOC9luRnZsHu34+05Ms5TM2uIrMVHGE/U+a2p
cT0JCkpRI2K0n6Ui1O2nvR3AStxYP4Tj72PzaMD6EQEFrRuRg9raQ20qiya9192n9Ww+sHZmSTeO
vStu2I746nElSyvJ0RU0mogjACixuc6LaZO26nnyqJPdDDKL2Lb91TbIbFt9ZjzWZISNRvTZHBZl
2Ww3n1qvBQylNvuJqBVKTDu4w62avrCFHgVAkVrZuzrWyknjERuMPWDqLNrNGuvHyQqTzCkfrYCl
i+Y104sKOOoB/Z7yCiiCIAiHjggcgiAIgvCCGMfR+CovufgfOV5s6Le7L5Qvhkp4+4tJ46a1fytf
WWab9RmysGi9QSNXlCrlc6PC5oOLBvFN9a/KcBcyIedzvb2MRDwAAJHt1RKoaNpuxtlR2Qg25nMl
5MSL9tLfIq8ReexPu0PM8V13YfO7KIpVHn85u2G13ow5zBsr9TYiUh5Px6xrbegMWQ152wYyUSIN
viidzXLW49Y88vRCL2YSBEHojAgcgiAIgvACUOuBGN9oXzOmRmxo3sJCq9+6nYq2xYjlcgnSGstq
CRChqjXqusZyuQQAVFW1ylu3CyZorVdlGaqqyhI5iqJA6XjrZVmuHC57f6/Xg1IKvV4PvV6viYBQ
zf5+v4eiKNtHMdaCiF2Ovc1n4c4OhTttvtq+24MdasdmVYoxR6GnNj9fdPbeVO5+PoHZbqdNLucw
yRE49maD9YiSCB2CILwWROAQBEEQhGfGhNOT3sEsKVG7eGTzT2u9+VnXqKoKy+UStdbr73WNut1n
RAouYsMWCOxt5vsu4EQSI6oYzBoUXN3utqIo0O/3V8JIv99Hr9fD8VEfgEL/6Aj9fn9D+FBKrT+V
gnpFqy6K7/n2ePljur4u2Y8RidAhCMKhIwKHIAiCIDwTRtRovueJG0SEuq5XYoD9b7lcYrlcoqoq
VFWFxWKx+u4KB+4jHCGRwidk7ErYyMGORPHtM2itMZ/PN0QRN40RNMqybMSP42P0+/1VJEiv1wgk
5p+JKLEjSwThPWCCXypN7aNL8uiKIAiHiwgcgiAIgrBnNn1rat5gwL3CASaaoUZdN9EWdV2DtEZV
V1gslisxwwgadV1nCQ4vIU68FDFRxESxLBYLTCaTjf1GzFhFfxwfoyzL1acROnq9HsqyXAkhgvBW
6RWqWZSUmoVTzTofgiAIh4QIHIIgCIKwR2i1AqF5E0Ox2q6dR0a01lguFqiqJRbLCvP5fLXvPQkT
hwARbQhIw+Fwtc9+BObk5GQV+XF0dLRaG6RJ02uELPEChTeCUmtxw11sVRAE4RAQgUMQBEEQ9kCz
JgZgIjaIaCMCo1ousWzFDVvIcB8pEV4WTlgyj8AAwHQ6BbB+5OWoXd+jETz66Pcb0aPf76Pffr6m
9T0EgcO8ptZ+UZAIHYIgHAIicAiCIAjCjtEELJeE+WyC5XKGqqpRVxUWyyUWi8Xq8RKJyng7mEde
ptPpSvQAmmiPXq/XCh899PtHODo6Wj3uYvYJwmvDvIaW0AqBtI5UEwRBeClE4BAEQRCEHTAcDJoo
jeUS09m8WdthPvMu9im8D7TWWCwWWCwWq21mDY+joyP0yhJHx8c4OjrC8fExjo+PVgucCsJrQFn/
NWJHISqHIAgvhAgcgiAIgtCB8WiE6XSKSTtbP5tNmwX4dI3FYinRGYIXe3FTAKvFSs2jLGZR05OT
Exy34ocIHsIhs9IzCAAUNDWSh+gcgiA8NyJwCIIgCEIC0+kUo+EQs3nzyIlZS2OxWEApJa8OFTpD
RKvxNJ1OV29wsUWPo6MjnJ2dtVEexzLehINkU+hYv0FKhqsgCM+FCByCIAiCwFBVSzzc3WMym2E+
n4O0xrJaoqo232hiHE0iglJKIjeErTFvcKmqCsB6AVPzdhYT3XF+fo7Tk2P0+rKGh3BYGEFj/bYV
ElFOEIRnQQQOQRAEQUDjVE5GQ0ymU0xnc0ynUyyXS2itUdd10s25iBvCPjALmNZ1DQCYzWYYDoe4
u7tDWZYrsePi/Bwnp6cvbK0grDFvWwEUKg2UhVmtQxAEYT+IwCEIgiC8a25/3mA8mWI0Gq2iMIyo
YQQLmXkUDgmf4GFeU3t+fo6PHz/i5OQYZSm3esLLYi6fJYBaE0ol11RBEPaH/NUTBEEQ3hWzyQSj
0QiT2RTj8QR1VaHWWqIvhFeLeaQFAJbLJSaTCX7+/Iler4fz83N8uLjAxYcP6Pf7L2yp8J5RCugp
BSKg0oReISKHIAi7RwQOQRAE4c2zmM8wfBzg9v4e09msCZFu18sQYUN4S9hj2ryp5f7+Hr1eD6en
p/jll1/wy6dPKMryhS0V3itG6KgkmkMQhD0gAocgCILwpjDO3XKxxMPDHW7v7jGbzVav2SSi1aJ3
gvDWWZ0PyyWqqsJwOMTff/+Ni4sLfPn8GRcfLlaPsYijKTwnvUKiOQRB2D0icAiCIAivHiKC1hpV
VeHH92tMplNMJtOVwyZvNxGEtdhBRBgMBhgMBgDQiB1fvuDi4gK9Xk9eeyw8G0oBJRRqTSiUApQs
QioIwnaIwCEIgiC8SkhrVHUNrTVGg0fc3j9gPB5viBqCIMQZjUYYjUZQSuHjx4/48uUzTk/PUBQF
yrKUc0nYK0oBpVLQRAApyHATBGEbROAQBEEQXg1aa+i6xrKqMB2PcPfwgOFwtJpxFkdMELpDRHh8
fMRgMEC/38fFxQU+ffqEk5MTlGUpYoewV4p2AVJNTRSHDDVBELogAocgCIJw8FRVhapaYjIeYzKe
4OHxEVX7ikzjcMkjKIKwG4hotTjpw8MDjo6O8OHDB1xcXODk5AT9fl8ERWEvtE+pQFOzTJKSR1YE
QchEBA5BEAThINFaY7lcYrGYYzQaYzweYTqdyZtPBOGZMOfafD7HfD7H7e0tPnz4gPPzc5yenuL4
+HgldgjCLikUVo+siMIhCEIOInAIgiAIBwMRYblYYLFcYDKZYjIeYzQeo26jNUTYEITnx16c9PHx
EY+Pjzg+Psb5+Tk+fPiAfr+Ps7NTFIW8elbYHYUVnUfWb0EQhBAicAiCIAgvDhFhMZ9hPJliNBxg
Op1hMp2uXu1q0giCcBiYqI7Hx0ccHR3h08ePOD07w+npKY6Ojl7aPOGtQYAGtWtziNAhCIIfETgE
QRCEF4MIGA0HGI3HWMxmmMymmM8Xq+f7RdQQhMOmrmtMp1NMp1McHR3h/Pwc5+fnqwgPpdYipfil
QheavwftIytQq7U5BEEQOETgEARBEJ6dxXyO0XiM2WyG0Wi0er2rLBgqCK+XxWKB5XKJ4XDYih1n
OD45x8npB/T7JYzW0VOWg2p5qik+K7X/MVcITautO0EptbJDrcpNe3XpOvXTbRt1dLbufWPesgIQ
tFawAvwEQRBWiMAhCIIgPBvj0QgPj49YzOeYzWZYLJcgIhE2BOGNQESo6xqTyQTT6RS9/hDHx0Oc
X5zh4vwMZf8YRa9AAQCd148kEDXyg9aUJm+0oogtVHB1FwVQa0JRKCgoFIrQ5owVn0y8NMFHc/wU
CASt19EdgiAIBhE4BEEQhL2yWMwxm84wGA4xGY8xnc02RA1BEN4W9qKky8Uc1XKB+WyI0eAIJ6dn
+PTpE05OzqAK1fE1oAqaCNS+SlRnqAu2hqoU1mpD+9iDEUy0KbRorCus+Iyc+ljrFbDLqJNnJ3Lt
fo4re6FMD1L7yIr8PREEoUEEDkEQBGEvLBcLDEdDPD4OsFgsMJ/PobVe7ZdoDUF4HxARlssllssl
ptMpJuMRTk5OcXTyEeXJxcY6HTattrCSAuxLxsbVI+dSolZ6RtLzIwoEpYByZaIVMWKLK9ZjM7Zo
Y4shpj1KPdUIjMNuay6amscyNJH1+TRd89mIRUXAz69Xl196kpd/wGZNWdjf140yj4moVbsUSqZ9
u0dBqcb6uq4AVaIMNV4QhHeDCByCIAjCTpnP53h8eMB4PMZ0NkVV1c1r/kTQEIR3j9Ya0+kU8/kc
xXCEot/H2flv6J19gOtcF+3jCMYN11teQzbfwEHJkRhKAT3LeTaLXGrdSAXUihtFuzCyvY5H3YoT
1H4aQwpGBHBFiwLAEuR8bu5fd1kjfqgCG/Vp2hRkat0IJ3ZdaEWcVSIGbT1XU2ugaPtDEVBawgoR
oSjVs0RxGIOKogShebRIRA5BEETgEARBEHbCcrnAzfcfeBgMoOsatdYiagiCwKK1htYLqHqJwfwb
esMjnH/6F456x6D+0eqNGa0bDaBxord5PKR9BweUtXxop3LaR2MI6ygLtCIut76G7zrIbbYCQqA9
n/b+jYa0kSO63Vg7rSQyoszTuhRjS6GeNqa0F4VVQL9Y11sw4oKvn2MLsXLpvGmUWj1iZPpUnlgR
hPeLCByCIAjCVui6xvXVFe4eHlqnRcczCYIgAG10V4XFvMLy51/o93o4Pv0Xzs7PoHt9Z20F+1GK
OMYZb4SIJp/91pVCNYtVKoQjDghAVa/rNQtdrsvctMn9bX7V7XZFrTixaxSAevPnk97KUHbs/umf
rNdLOe4rkG6iPvrl01Vb1zEyTX+7Qk6p1u95JQKsroXWtLFwaKFo9fhNiPW6JmolQInIIQjvExE4
BEEQhM5cffsbP37ern5LxIYgCF0hXWOxqLFcfsV4VOLi4iNOL/4F9PqrNCZIIDWSQwcWNDZrWygr
XcgnVq3Dv+3jMnu7SlLwZ6fi7BialXBBtP4ReSsNqFmgVbdvpNHE97BJA+sxH8uIRFpblRFWrMeC
BEF4N4jAIQiCICRjBIw//vgfPD4Omht+ETUEQdghRASqKwwe7zAePeLjx19xdP4rUPayHlEx61/4
xIjCEjSMI1w4651q3SywqbVx9JvPcs+O88baGVsSs5Vb9HQXrBZabb/5xA07TdGuVlpgO4HGPM6k
21f+CoLwfhCBQxAEQYhCRKhrjW/f/sZD+yiKIAjCvqnrGvf3P9Ab3uH84guOzj6Den2kTuunRFoU
G28I2dxXFo3zX/TxBNLbrQli8+RRDr1uX820QcE8QuJvoxFwimLdrrLcLMNdlNO8paUArMdE2rVG
ikbw2cCqmxJVkpqaN60A9vtc1sURmcVS2xiSjvqE6R8jwsurZAXhfSAChyAIguBFa42qqvDjxw/c
3d2hruv2+Wi5URQE4fmoqgqPDz/QH9/j7OIL+qefgLLfeMIeQtEbXix/uyzaN4a0b0xZvb3ErDWh
2jeZtNu7BLMZgaRQ7SKi+wqIs1/PYjCLthJBtY2q6enrec0aGbVu3pii9XpBT10A1D5+wi1U6u0X
a4VTd3+7ZiiIuosbG2VR0/B23dpnesOLIAgvhQgcgiAIwhO01lgul7i9vcXd3S2Wy0qEDUEQXpzl
conH++84Gt/j7PwLypMPUL0+oMonaePiRrOEpr0gZU3r9SaqdsHOqt7MFYtf6xLVsbnQ5tr/D7Uh
pRpq/9XtF7u4JrqDTEVP8qrCCDjrZUOXtkqiFCrzKhfVrKPh4uuL5cZaKptGFWgiTUgpFCAUTBSH
nS1tAVLVvB6XWq1H/pQJwptFBA5BEARhhdYa8/kcw+EQd7e3mM3nACS0VxCEw2KxWGCxuMbR0R1O
z39FefIRZdkDuYtoBDDO9a4eM3lO7EcvfKze8lIHkyXWFvveDfOojflRqCZy5uRIoV82IRcbESVW
m2sy66GkRWUUitroE/l7JghvGRE4BEEQBGitMZvNMB6PcHd3h8lkiqIoZBFRQRAOmsVigfn8Escn
E5ydXUCdXKDsH720WUKE1UtYfFoDtet9FM2bV5S13USlaN0UVFBcamniThSgCJUmlAXkDSuC8EYR
gUMQBOEdQ0SYTiYYj8e4v7/HZDoFABE2BEF4NSilMJ89oFoO0Z98wvHHD+gfnUOVcpt7iCjlEReo
iapRAJY1odZN9EZV0IYQQitBo/nvsi0THqGjfTHLap8CUGmgXxDKYvt1PgRBOCzkyi8IgvAOISIs
5nM8PD7i8fER4/F4tcaGCBuCILw2lFLtI3b3WN4+4uTsF/ROztE/vhCh40AwC5MW1mMnNuZRIU3N
uidKEYom6GIFtQugqKL5rormEZyifPpWG+vJF3Yt2loBx32gV8pjK4LwlpArviAIwjtjMZ9jPJlg
8PiAu/uHjcVDRdwQBOG1o7XGeHiLcvKIk7NPODr7gKOjC+iM9TmE3WNHUth/auxFXlfb2v9oAIW1
qmvdvsEFuhU42oVTyVlnpFDr1/8qpdg1OjQaIaVXKtYGQRBeJyJwCIIgvCPu7+8xeHzAZDrFfL5A
URQiagiC8OZoIjpqTMf3qBZjVCcfcXR6jl7/XISOF0K3r6Dl3gzjCh62YKHUehVRevIKm/WrVArV
RmMAKEuF47KJ3NhYyPRJzmZFD00ERQoFF1oiCMKrQgQOQRCEd8BoOMRgOMTj4yPm87lEbAiC8C4g
IiwWcyyXP7Gcj9A/+YT+2SdZiPSFsB9DSSbl7xQRSKn2cZNG1OiVzRtZwLxmdk3zWGbzJlkFrUlE
DkF45YjAIQiC8IZZzOf4eXuL0XCI6Wy2EjRE2BAE4T1BRJjPp1gul+gtJjg5/Yijsw9AIbfCb4dm
YVLdfl/UCqoGioISXiPbrFJKBPQhIocgvGbkqi4IgvAGIQIeHx9wf3eH4WgErZ/E9QqCILw7tK6w
mA5QLaY4ng9xev4F5fE5SBZgePUQAVXdiPeVVlhWzXd7PQ4CvGIHoXkE5qgPXJzIa2QF4bUiAocg
CMIbgogwnU5x+/MnRuMxFouFRGsIgiA46HqJ2WSA5XyGo9MvOPn4Cwp528qrZmPxUiLodluhFJQG
++YWG7NGyGIJTBRwdkwicgjCK0Su5IIgCG+EarHAze1P3N3do65rEJGIG4IgCB6ICFU1Rz36geXi
AWcf/oH+6Ud5ncYbYeMwUnjdDwJBQUEToBWgF82Wi2MZDoLw2hCBQxAE4Q0wHo9xdXWFyWQij6MI
giBkQFRjOZ9isPyGk5M7fPj0v6D7xy9tlrAlRtBopIowzaMrqwzQunncZbpQ+HCicHokKocgvBZE
4BAEQXjFLBcLXF1d4eHxUSI2BEEQtoB0jdl0jPns/8fp+X9w+vnLS5sk7IiUv4xuGiJgURGGs2bd
juM+Vm8gEwThcBGBQxAE4RVCRLi9ucFff/+NsixF2BAEQdgBRigeDy8xn/7Ahy//G+XJxUubJbwQ
hQLqGhjMCB+VwnGPROQQhANHBA5BEITXBBFqXeP333/HeDwRcUMQBGEvEKpqiYebP3B+8RFnF/+G
7vfhfweH8BZpHnMhUK1wP9b45azASV/W5RCEQ0YEDkEQhFdCXdcYPNzjj7++rmaQRNwQBEHYH0SE
8WiAxXyO80//RnlyBqgCInS8LzQRQMD9hPD5DK3IIWNAEA4RETgEQRAOnKqqUFU1vn37itFojKIo
RNgQBEF4JogI8/kU1e1fOL/4hOPz34CevF7DR6HUs8g/uv076HuVa/PaWFp9N94/0YwAACAASURB
VCiYRUX5T0PzWlkFTeZ1sQTShIcJ8MuZwklfHlcRhENEBA5BEIQDZrFY4OfNDW5+/hRRQxAE4YVQ
SkFrjdHwAYv5AicffkX/5BwoSkg0RxpF0S2fJrCrhPqEDYPCOspCt6+BJWpECWpFi7r91O12WPsb
aKVjKSi0SfAwIRE5BOFAEYFDEAThAKmqCrPZDDc3NxgOhyJuCIIgHABEhNlshKqa4ez8E47OvqA4
Otlwcmn1n8Qy8TR6wEY5ad1tG2l34Guz8ReecgsuqVonN/YWbRlE+UIHaWyEWeT8OTRJS2qNokak
0KRQKKBoP81vatMRbTZso03U/B7OCMe9xjAROQThcBCBQxAE4cCYz+e4u73F7d0tqqp+aXMEQRAE
C6UU6rrGaHiPo+UCZx++4OjkHGXZA5SC1gBx/i7jmDdiiHGQyfx/g0KplQhiIhE2ild2Ws7etVPu
bZOVdh2xsN5RFvxjJ71ynbZkhItab4oyRtx4C3JATVgfN0EQDgYROARBEA4ErWtMxhPc3t1iMBii
rkXcEARBOFSICPPpCLqa4/TsE07Of8HRySnQChIu2hOqYc/+WzqHWxsAhQJMZIFHLVgJG2jq9Ykf
7e7muyOWqHY9jbLgRYleqVbRDa54QQBKbUdxWI97vNKIBzeCpjkq5pEWJcuyCMIBIAKHIAjCATCf
z/H4+Ij7+ztMp7OXNkcQBEFIZLlcoh7eYb5Y4OLjR5ye/4KSCWcwURTuIxbrn4p9/KKwQykYbKfa
jtZQUCAQiJoIDC6Kw7ZHOWVBNY+WKOV/rEQpWq1N8WQfNh/tCD+I8zpwm6mcb0TyuIogvDQicAiC
ILwgWmuMRiPc3d1hNBqirvVLmyQIgiBkorXGfDoA1TNQvcSXL19wfHzEr2eRiSsJBEt88moQtfE7
x/fOebTFZ9fTqJG36fybPiKK95kgCPtFBA5BEIQXoqoqPNzf4/buDpPJRGZ9BEEQXjmLxQIPdzfQ
1RyfP3/Gp0+fXtqk7ZA/S5lIhwnCSyMChyAIwguwXFa4ufmBh4d7LBZLETcEQRDeCFprPD4+Yj6f
Yzwe45///Cd6Pbnlfg+YqBdN/JongiDsH7naCoIgPCNEhLvbWzw8PmIymchCooIgCG+Q5nWyM8zn
cyyXS/zjH//A2dnZS5slPAcKAFErcojKIQjPjQgcgiAIzwQR4fbnDa6urrGsqif7lTIrsW9uc8sw
29y0Mdx87ylqhGuruxic+W33q7v/pfGNh33Ytq9yQ/VxHEK/vzbsc5zrv9xzn7tmpFxH3vux01qj
KArc3d1hNpvht99+w5cvn6GUZ8VO4U2g2v8SSCI5BOEFEIFDEAThGZiMhvjjr6+oqmoVteE60vZv
znG1t9nfU50VrfWqLvM7lDe13FzBxCcgmH2cEONzlLra6Os/t87X4KDtQ+R4bnEDCI8Ls+1QjkfO
mO9yruba4jtnfP3FnVuujZy9XHnutpR27lOYy7HDpAN2K/i6120iwng8xmKxwHQ6xX/+/W+U8sjK
m0a1b74hTdBQInIIwjMiV1dBEIQ9c/vzBpdXV5jPF0mOW8zB94kfMVynx7aFczZSHDOfc+WzSSkV
FDV8eUN91HU2OratqwPWNcImpdwU0adLucDT8bav+rrY54p67r5dlB/DN9ZiY9Ae2/sQO+zyQn3F
EbqGdLWTE0rsfb76UsvNSb/LdBy+65/v+rxYLHBzc4PZbIp///s/uLi46Fy3cPgoAKpQ0ETQJCKH
IDwXInAIgiDskcvLb7i5+Ym6rlkn3t1mCDmZ7mfODKSvnpCgwNnilueLhAjVbTtl3Ha3LM7hioXH
d5mB9rUz5ly5zuU2uGPDNxufEmmS6hi6xzwnb0p9sbLs/V36Pxel1EZUU6h87pj6zl2Tntu37wgO
u57U/gpFNcWip0LXBe785sQp32esjlB7nkuMCwmtvn11XWMwGGK5rPDvf/8Lv/zyeS/jQjgcCiUi
hyA8JyJwCIIg7AEiwn//939jMpmwkREAP9Mfmv0POX9cWu4GO0WIcOsKOU++trlwM+++m/qQU5jj
CMTSxtpulxNql8mTG1Fjp3WPT247QxEXMdtdO0Lj5Tng2uGL2ugaYeMKUSniVei3L72v/3YZxRET
XnKiOLjtvnJ8xyXUttC1x73m2OWnXCO5SIrnFjpi++y2TSYT/PXXV8ymM/zrX/9CUZbPYarwUpCG
JgVVFBA9SxD2iwgcgiAIO+b+7g7fvn3DfME/kmIIRV7EZmQ5J88VAlLFh1A9rj0hu0JrenC2dHXu
Qn3RtTzORkNsZj+3PF9693uoDtcZDEWqcP0VssO1P7evQwJcaLafc3B95ac6synnwa4cYV/bOJ5L
OIqJANw27njZY8w+PkVReKMv7LQc7vaiKFbXEM6WmKiVOk5zz09j1y5w27NcLnF1fY3pbIb//Oc/
OD093Uk9wuFRFCUUAQCBSInIIQh7RJZxFgRB2BFaa9zf3eHy8hLzxQIA72BwDoQ7G+oSEghc58Ot
i3NS3HJDs6I+Rzd3VrtrWrfuXTmjdnkhsSm3XLe8fTmyXPRIyJn0jRMXbma+SxtSxBpuDMVEQS6q
IzS+u0by+NrQpRw3za5Eldh5EbpGxPraF4kRiqBx0+f0vU+wdaNtfHa7Ap3vM+V6a7MrccPGrltr
jbu7O3z9+hWj0ejZok6E50cpMw7lGAvCPhGBQxAEYUvMTNyPHz/w9e+/MZvPAfA32K4zajtmMWfA
N7NqbOBmtl073e1FUXjTu9t9DmsoeiDUhlh9oXzbigZdojW6lJvjSMVwx4jrqLqOoU/Q8Dn9nDCT
c2xtO7myXZtSoitCwg3XH6Foly7kRuHknsPb2uFGVfjScIIV118p50XsmuC+rSmEOxbM9ci+LvkE
YbstdlpXKPEJJzn2pab3YYsqPjFuMBjg999/x+3PG1TMa8SFt4QZxy9thyC8TeQRFUEQhC3QWmMy
HuP66goPgwHrgLq/U8K4Y8IB9z10M+67OQ/NKIdmme2bdE6w8RFrd6oTwTkrXR1ZzgHsUpYv3z5m
693tvn5Mjdyx7UyJvMi12y07dtzdMcVFboSc/pjIlirUpNYRij7YBTnCSer+lHMvdn5x7faJJyF8
4oQ9brhrjpuXE198Zafa5daTW4ZtC1eunWa5XOLvb5dYVjW+fPmCo6OjrcVc4fBQilBroFAAURPZ
IQjC7pAIDkEQhI5orTF4fMTff/+Nx+EwSUQwpMyg23DRICmCgg9fNIC93yeocG2JzYraEQGu3amz
yFyZ25BSPycOcOXExKBdEurj0DbfDHbIGfVFdaSIWD4n1U4XEoW6REXY9frSph4PbhzEHNzQOXUI
7Fpwyel7Lr2b170ucMJjirDk5k+J3nCPse96HRtfsfbZdXH7q6rCt2/fcHl5iel0epDjSNgWhbJQ
8qCKIOwJETgEQRAyIWpe9ffw8IDr62uMJ5Ng+lThw+c4xm7KzWcXYSBVJOAcu11FJbhl5zjwbth3
bt2hsu3yY+VsEz2SS8pMeiy9z46QsGbXkTPW3GOT4mxydocEmhxbUtL5foeEPs5WHy/ltG4jCnLi
lntsY+WHhCG37BQR1pfPjVxyx4rvPIlFbISikELtS2mPy+3tLb5+/YrBYLCXdUCEl6dQBE3yqIog
7BoROARBEDKp6wo/fvzA5eVlVNxwSZnh6zoLGio75IiFHLpQ2li0Rq5d2zpfuc6rG1GSU1fod2oZ
br1d+yIW7eBGUMRC9X37c/vJlGE7iSkRMXZ9bhn2b9fZjPVf6sy7T1jxOcUhhz+lvtcGd40KiU05
x9wtwxUWfJEPph7uO2cnN1a485oTNGLnT6hNKZE/dhuHwyH+/PNP3N3disjxJlEoC3NOvbQtgvB2
kDU4BEEQEiEijEcj3D884vv3686OjH2zHroJ5/Jwv2NOVe6+lJvwFLaZ6eUIRVxsI1CYbTHnyFdW
bt1c2D3nROXM9vrgZqHd/fYnJ5Z0ETa4Orri2pEiMMXEjJCwFBIyUiJk3vojBVw/+M6druKf73fs
uhcSZ93PUHSGXR537Lc5733l+OpYLBb49u0SdV3j8+dmXQ7hLaGgVCNeEb1u8VMQDgWJ4BAEQUiA
iDAcDPDt29/48eO7dzbRkDury4keIUchd0a06+z5rth1eamPOdj1x5wfky5H4HHtiJHqlHHixrYR
LinbOMc1VYRLJSVKqUuZKaSKG7miyXvEFcPc79sKY7463fo4fKJErFxfXq78nH2+vwGcwOjapZRC
VVW4vLzC1dUVJplRg8Lho1QBQLX/BEHYFhE4BEEQEhgOBri8vMRoPNmY+Ys5fyk3wr7ohlwnMuSY
pwoAnGNyKDNKKQ6Cj9THE8xvn4DlOza+kP2Q7duSelyBPAGAS79NxIybbxvn1xcFlDuTb/edfR7n
iICHziEIMu4xyu3bFKEpJN5x56vv+h2K3gjVxdWd2/cp4mtd17i9vcXl5SWGw2FW+cLho1TzT7/8
aSsIrx55REUQBCHCz58/cfPjBybTKYB0Z5q7QeZuzncRwr+rx0o4UiJQYnbsAntmNRQ5s6044xOt
UqNGdhV5w+WJtT+3vNB2n3PXNTR/3+PD1JFiD/dYkC/tayM3WqsLux5/2z5iZspIPf72WI5F7nSx
k4sI4eyI1emef1prDAYD1HWN3377FZ8/f0ZRlEk2Ca8BAqgROYribQitgvASiMAhCILggYjw119/
YTAYYLFYbOzzOT+uExgLfQ490596s+1zZro6w9wjG75y7PbExJxt4Po7JCTZaXKcFp/NKZE4MYd4
Xw5nbF0Cu+7QseTS+/bFRCDutztOtu2PVAHCJzKF+iH3vEmxpYtA1IVt+3VbAa1LefY5vI/HWnyC
FvfdTr8LgS4UFZVTnkmrtcZ4PEZVLVuh4zcROd4MCoUiVHUNpXp4I8FkgvDsiMAhCILAMJ9O8e3q
Cg8PD1ERwnUw3TQhfDPKIWfezetjF45C7qMf+3TeuP5xBRY77baPZfjS2YSiOmJCQ0rducJNivMe
mk3mRCquTM4hDTmovhlzzp4YqU6nT1yMRW7YeVJJScsd80OMEtm1EBcqj7t+dBVJuePrE4vd8RcS
utyyusIJsbkimm3XfL7Ajx83IAJ+/fVX9HpyS/8mUApl2QhWuxYbBeG9IFdDQRAEh8HjI66vrzEa
jwGEb25Twp3t7T5n3MU362zXy9niK89Hyuy/KTN2s7XPWVhOULL70735T7Ejd2Y5tD8kDHDtcNN1
6bNQJETMXq6cUD5unHBiG+fAceJJiqiU0oc5IlbqWN8VXF0hMSh3DOwiuuC5iAlyblqOVCHSHR85
54e9PyRGcMc05RikXCNi2HXM53N8//4di8UC//jHP3BycpJdnnB4rMeWiBuC0AVZZFQQBMFi8PjY
LibaiBs+J9rAORmhG1/bMXSd9BxMOb6yc8pxv9tlu2WmRIzsw3m028rZ6dadUn9XQWIbByrUtzEb
feRED9hlpkYwpDp6vjJD9cX6ybcvln+X+brCCZqhsdpF4OK+p9DF6Q/VFduWOo65yApuvIUEX/ca
m1ov15/2p/2PE/u6HoMu+ex2LZdL3N7e4urqCtN2nSjhrUDQByxcCsKhIgKHIAhCixE3JtMpKzz4
ogV8s8Lu9qIonuwz37mb3BRhIWfGcFtCZcVm5nOdHTdtSGRyZ8O7CkbmM+ZAufbkRBFwtsfSxMoK
9bnP8XTby6WNiVv7jIiIHW+fTduktdPliFAhfGImd8xSBJ0YOW3ktuUIgynibyq+88AtPyYKc7al
XiO5scxds11ROaddvvrdsZY75uq6xv39vYgcbwwzDuTNKoKQhwgcgiAIAG5vb/HX168YTybem1fu
Btg3K8wJGO5Nt6+cXEfsOQn1if0ZypcTcdI17D41MsY9Hql53ePbZYbaLiclEsLdFzsWKWPTbUNI
aAuJDfsahyEBICVap4sA447VrmPQ7TfXQU6d+Q/1gdv+bY/DLiJBUurgrhd2W3zno68v3H40gnIX
0dM+TlprbxpfVEeK+OjiiyBJhYigtcbDwwP+/vtvETneEAoASHe+DgnCe0QEDkEQ3j13d3e4urrC
fD7f2B6btU+dybS3x2b/3HJNOp9zF3LcUqIptiVHrIhFBMTypEQj5NbDHUu3DO676zjF6ohFA6Q6
iilOUBcHKyW926c50Q0xESKlXzhnmBMgYran0lVA9J2vPntcEcYnnrljsKuw4RO4csnNw0WvuNdF
LmLD/cwRhlLTc9dy126fCOm7JnDl7xvzGtk//vgD4/FInOI3gBHrAEAOpyCkIQKHIAjvFiLC3d0d
Li8vN8SNFIfYTmc7G9yMn3vTnOpE2nk5BzwnBDs0C7wNIcfApctseI7DEbORK9vdzznOKVENIYc2
JEq4+7ix5WtLjljUVejw2ZorbHB5uTHN1ekTA3yz/7G2PneUgimDO4/Nd27ccQJOqpDm2h4bK/tw
hH3nbkp7uHPPd/3wnYNcutg1iBNUfSJJ6FzNEf9supxjXHsmkwl+//1/MBg8goiPQhFeFwSAIAqH
IKQgAocgCO8SrTWur6/x+++/Y7FYbOwL3Vi6s4IuvplC+1lurp7YbHzoJjq2LWTXtnQVTnIdbq4+
dzsneMQiB+z8nAPUxVGJCS8+sSvVGeVIsdHnYOeUv4vj5QpUPsczJAZwabr2la/vbLtSxkFMfHL3
u4KWL8KhS99zgg83vnyCyC6IXZvcYx86/zhhN7VfUs5n7ji49fmEbd843eZ6y7Uzl8VigT/++BOD
x0eQ51Eb4fVQKDOJIiKHIMQQgUMQhHdHXdf4/v07vn37luX4h25kY7OCnPPGOTWx+mOCQihCYJfO
iymvizMeKyeUznxyjm6OuGGT26exMrjtKU6Zz8HvOhvsso0jmztOud++T9dhdOv02RJKk2qrKcN2
VnPEQc5e37meah/XvpComkvIEd/GKd9FOT7RwBVGcq5rKePKLtus3eGKG24Z7r/U9qXgipGpQq37
d6WqKvzx51+rSA4i7OSf8DIoauM4aD9RV4LwVui9tAGCIAjPBhEWyyXu7u5X4oZL6EbYvel10/u2
hcpMveHlnMOUm/xdixo2sRvv3LIAvwBgixopERIxu3Kc6i5OPbc9FLmR6ij7bAzZtasb4dSyfCIb
5yzuyrnOJRYVYKdzP2MChi9SwsW9nqRce1LaE6LLGEolR0DziUhcREdKfrsM7nfKNZsbp0bssG3i
SO1Pbsx1ScvZ4rs2LpdL/PHnX/iv//ovnJx9gioUCEDKldsuSlk5yoJWZazGu5Ne2D2qKCyFSTpb
EHyIwCEIwruAiLCYz3F9fY2bnz+jN6q5N7LcDF/qDFwKOTe0qWzj/LozhbGyOOctJtLkRFO44kdX
h5A7Zpz44n73CSZcfe5+37GNtTmlbdse3664x8Jn2y4FmFzbDF1FFu6Y5ua3scdBKHogpcyYHTHx
YFfHpovt9vfQddica9y5b9Kk1OlGYKSKkl0I1ZciznA22r+5v0FKKSyXS/z555/4/OV/4+zTLyBV
NCHckWYUxVq0KIsmORHQL4GagFIBRdHU01MicDwHSgGaGnlJulsQeOQRFUEQ3gW61ri+umLFDe7G
2jd77pttjznnXSMDYmm3EU5SnKDUvCmzke6NfayOlPK4clIdEPtYu85ETBxxv/uEDdcm28HhhJ6Q
Y5naV7HZ6twyfHaY9sTaztmxrQDjK9e3LbQ9p2yzPeaA+4idN7sQe0Jl+KIRuPMnJIB0ES1iaVLO
Pa7c0PnSpT9jwqcvjc8+Lj9XZ9cxFbPBlF1VFe5uv2L8eA9oDe17/CTSZaYNZStoKKVQiKf9jLT9
TSTrcQiCB4ngEAThzbOYz3F7d4efd3erkGMb+4Y+dANqp80l52bblzbHAdgFzz2z7iPmsMUiQWL4
nBefw9F1DIQiOHzlumPTjU4JRcP4fvuiSXz7uXq5MZoyix5zRFPPk1C6FLEtpbwUZ9Tk5b5zdfjq
dfvXZ5OPro63nd8XucDZuw+4PuianxNxdkWon7hzldvP2cyVyYmfKbjnt/ld1zXu7y5BpHF88QtU
2X+St3Gem2iNQrW/VStoAOj1FMqiie5YOdtP6n+qk7iPsNi+eRuQsIpIcNMKLgoKGtEQHEF4p4jA
IQjCm2Y8GuHm5gY/b2+TZnZDzpbvhjWFLg7ce8KdbXR/G3Z1PFLsiKXxwTkinPOf49hzIswu2hpy
1lPLSKkjFhWQaqtbZ+55FSrX/h1zYneBO9ZDAsiuces220ydPhFunzaZsrvCRUGkjI+Uc56zj+sT
31iJnfs+W1PFRc5Onz11tcTD3TXOl0scX/yK8uhoIw1ZbSxLMx6AXoFGhFAK/dIqk6mfsBYwWr0E
haLVQxVmv9lnIhGKVi1RaELM39mfwSyUtT4MlDyuIgg28oiKIAhvltFwiG/fvuHu/p694eNuLDm4
7btwprrwksLHc9TNCQMGzgGzP3clbnB2dC0n9NsXseGm5cZszFZfNIJvDNrbYhEsqeT0p3v8cs5F
wO+c+0SDmC12mVy+LkJQrlASEnS2xdcvoX53nfKXuB5sm27bPAZOcIidy3a9oYibfR5jQ10vMRr+
xGRwA9QVSqXW/4pGzOgV6+iNfdhnUxTOeRt7TuYdQPY/5zGi1eNFaNZCMdsFQWiQCA5BEN4kw8EA
l1dXGI1GyTOk9qxm11DvHEIzh74ogF3jayu3fRc3tq6z9p4iVWxHqIuz7I7P1Bl/3wywOztsC4C+
mWefTW5bUkQGrv6UNqU4lz5bU/qFa9++IhZCNqaIM9ueQ7n5U8fcrsgp1z2eIbFw23ak/E1JGdMp
dcauw1ybU46privMxvcoywKfPv8DJydHbd51mqJYP7JiCx1ERoRQoEhVxlqip2nNPk1YPepSgBob
3s+fBh6yxQ1af293q3Wy5nGh995fgmAhAocgCG+O4eARl1fXGI/HAMLP0gNpM9VdZwjdmXPOwedu
yEPpdwnnZO4TbgY4tV256bl8z4XPuck9fiEHyU3H1R+zz51JdvOFIiZy2uJLn9NHMaFlm/w56XPH
HveoQCh9Dl3PCZPHl/clxMddXH9cYc11/mNt6mqDe52OEYrgyLWHExM5sZ7rG60rjAe36BWE06N/
oNc/3hA4Vk50+4U0oAoYhaP5SBwmoVYo69OU9979dQJBk1pFbACbkRq2wKELgiLzWM977zlBEIFD
EIQ3xnAwwOXlFcaTSdKNps/pyknvgxNQ3BnjHNt2ceOSGkrtCh6hG+2cm3DOqeoSwRCry7U/VwDo
gq/MlFlVLooiZF9OtBHn5PnGgc/pTRU+YvXbbDu+fSKgG+2RU0bu9SDGPkU1X/TJtgJMyjnm1r8L
9iGypopqqWwjknS5BuX0RUr/cWO9rpcYPN4CAD5++Sf6R0e8uFCvP/VqDQ5qFxvdRGte0CittLXe
3KfM/qJZ8wOMeEJO+m3ZsHHVb2pV+DZ10MYXpzeeNOxpb2lS67ek0OairHYRCk10DFSTphR9QxBE
4BAE4e0wn05xdX2F8XgcfYLXN7Pq3vxxs3/bzF6HwpZTy+higyHmZNvpUh3FHEHIFR98M65dZtp9
kTCuHb4Z9S6RIb4IBE4gitUTEpXcY+Ebl65A4bMjx7nKFaBCbeRmukPl+8rgxK5Uocfto5DN3Jji
yrLt6krq+PPZnXJ98ok5vnam2LpLQWIXZcXGXqifuOMaEgVtm2PCkP03xyeobdN+3zWbE07dPqiq
Co8Pd6hJ4fzTP9i3q2zWZX33pOFaorjvqnk8RSnguK9w1D6iUhbrhTPJEgl0G05SFDsQOYhW5ZFV
mjJREgqdXoFLdtRFU5KTYHOLXbcRNQgE3YpAdVvWk4VXTWQNEWrdCEunR+qJfiII7w0ROARBeBMQ
ES6vrzEajaETHIXQbLR7427fuHL7cmwM3QSnOHqpUQxd8Qk/7v7QtpA4ErI9FrmQky/kbPr2+Rwf
n3Pj1uuODZ8oEXKq3O9uOa49PkEk1B/c2I8dP7uuLuM3JB6ECAlXIRHJTc+1K9cet/840SOnPdvi
uxakCjax8Wyn5+q1v3cRJl22yd81r0/o5M7X2Lh383DjxXce7oLQMXXt5wRPrSuMh7cACpx8+BWq
3K+LUNr2tGt9aA1QiQ11hKz/bn7bDUqtRQ67jsJdeCQL2hAtiNZ2KzQihdsOrWm12Kq2MhCtAzxq
ACX4yJb1od7GbkF4G4jAIQjCq2c+neLb1SXu7x+e3JymkCp2NDeB+olTEXKyuLr2JU7sgpxZfZ9T
wznpIdGIExRS7XHt8DmxqTPOMYcuVLfP8ePaz9XJ9Rk3rrh6QmWn9m+o/lD/hOgiBHL2hNoREnZ8
tuQ6l9s673Y5XUm5dnDnV6iMmJjHfff1xbbixDaiaugazp2LXD+45XNlxNrBpeWuTTGRMYfY9cx3
nebaU1cVRoMbAMDpx1+BYrduQuHpQ60BFECtCctaoVnmg5448s3bQ9pIjh29B7J5nMY6HmiiQ3T7
o0sEB7B+vITo6eMlPmpNG4/xAI2YceS2VZlzvPlJevNRoUoTet0MF4Q3gQgcgiC8aogI329uVuJG
Dimzmfb+VHEi5pD56syx+TkIORahGX8gLAr4tsUcHY7QbKjrOIQEALc8Xz1u2WafT9Bx60gZA5xj
7zqu3PjkxBXf7HFKG7l+SR1/u5zV52wLpfPNVIfGQa5NuWWkOsi+dNw1JeSE+45XqIzUc8HOxwl7
ucTyhM69lGMR6i9ffUVRQLfPBxRFkXx9c+vznYPcePTZF2tjTMgKCVhuXUDzdpXx4AZKKZx8+BUo
SmxDYdXpOu8AVo9haAKWNZoITODJ2h66XeBUWb9NGu2s50FYP/bSBaWA5gEZfo0RH6Vav7a1aUcb
jYG2H9COL6WaGA+lWnFCteKGWj2OUqr1YzhloRihxTpX20PURKIQoCuQGCBiSwAAIABJREFU6j3r
/YIgHBI70j8FQRCeHyLg77//xo8fP4I3/hw+4aEp1z9TbPaHHIGUG+kuNx65zv82uDfVtgPtOtPu
DbrPCY/hqy+0za3XdhpS+ivmPHF1+Wa37f2uY8OV5zri3EyzXWZIAHLr8gkqbhvc8n3t9x3zEDnn
YwhbwPGJFK4zyJ2j3PgMiTohe3LJEYZC20Pl+I4XEI5wcMuI2WCX5+vLbY95yI7c60qofN+5YEfq
me+cbVyb7fEXOm5u/e61K3YdTfkb5BNXfLYbqmqJ0eN31NMh1JZ/czSR97ESV5ho7Go/rX+1bkQH
rZv9Vd2IHVXd7Ne0/kdAu/DmZhm+f6YMovXCpwqmr5pttTb7aWWD/a9UrV1t/lKto1VUG21RE0Eb
cYMI2pSHJuKiLMxxAZ50mGL+oRE0COt1Scp28ZCy118nEoR3iERwCILwKiEiXF5e4urqCkU7xZJz
s5vjoLk3hbnOyq5mUV5yNiY2G++bLeS+c3ndm22fE2/f9IeEhK6zyly5rv2cHfa+lHZwfRBqg12v
m878js34pjr1droU59U3I5w7XlPK4cQszhHk+s119ri2xGz2OYex88NN24Xc61Cu6GvyhMrh0nLn
wjZCbMr1IKW/Q+cSl861gfseEkTNPhP9ERKKfOPa3h+zy63XJ6Ta21LaZWyr6xp3P//Cr7/9H5Rn
H0Fb/P0xTn2tlbO45jqiAa3AQKp9YUvNl2UwYkSt129nKRRw1FerN4moSBSH1mA9oeaWgsvoL+y4
wCoSA2jWytjMY+d9Wo4dkWJSFO1CqwUIpudWR0qZqI62vbTejjZlpSGPqgjvEhE4BEF4dWitcX19
jW/fvq3EDY6Q45Fyw8/NkIVuHlPIFUi2cRS2wTczaRNyInP7xC4z5kxzdcackFA/+mZJQ8KFXb/9
3Sc4uDbn2OJz6mO2cuM/xSn29YWvrG3PiVAet177M9QHnO3c91z7fCKbqS8kQPlsyqmf+56S3kfI
0c4pPyR8prbTJ2z4+jLVvpAwxB1DF985myJg+sTE1OMXEnJSxKuYIBYTr+q6xu3PP/Hrb/8HxflH
dI0K0IH+BYDabKeorvEEhaad/V6zcOlxD+i1twVdrkPbso2gsNE7ZIVy2OeoL7NSTwI/CqpBVL5I
PwjCSyIChyAIrwqtNW5ubnB5ecmKG9xNd+wm1M3LOZX2M9lcWTmihf19G4enyyx5CrEZU58TnjvD
zOHrD9ex5Oo2+dz8XD7OqfGJJbYz7ab3td/n+KaKHblOFWeb276U8RVy2rYRB2J1cnam9lnIceMc
ZO445xAa+6nncK6TzuXbhQAaGsM5+Xw25tjHjdfQeZQqZIYEnNB1wc3jEyt89fmuK7E+8Z232xxv
nw3uOcaVb0SOz73/i97xeaf69w41egCheSOKWdQz5ww/FAmArC8aCoUiKMIT8SKOgip6QLuE6qG0
TxCeAxE4BEF4NWit8fj4iJubG2+aFAcsx6kMOYkpM2ghYo5A7GZ2186xr17O4eCEmq4z4tw27mbc
N5PLObMxhyImEvjEDrt+22bbds5pyB03ubOyPhGFG89cm3y/fQ7mLuEEA3e7KzJxeX1Od8oxTCVk
Q0zoi43HWPty9uXiG5Oh/vK1jRNNuPp8jruvnzghiRPyQsQEslAZPnEldp1yv3M2+erIbR9XdkjY
Sy2zrms8/vgf/PLv/4uyf5ptxz4hNI+p6Kpx4mtNUEWzo1BI9uxLO50nT5erRhNhsrmNHMHCDvog
WqdXilafSqnk+o2g0XwqKBB6ZRfrBeF1IgKHIAivAiLCcDjAt2/fMJ1OvTeMKY5LyIly04RmNkOz
mC9JSPjoWkaoH1Jn1VPs8ZXFiRg+u30OJtcWLr/PRm58xPJzNsUI1ROrl3OqfI6SEQ18TmmKYx5r
R5c83O9Yu21RzLbf15Zt8YkZnGjpE1x8YytmZ5cZfZ/Iw4lL7vgIERMDffb56uVsiuXNIXTtcvsl
VXSKiYJuve6Y9l3vOJtyCV07cstcLpcY/fwTH377PygOTOSoiVbPtixrrNamKBQ9ERdCmLTcUyZK
bQocRkRZKQkAniww0vFyY5YAKVTzKthGm6BGLPE9lWvZoltxx0SyFGjWKTmg2xRB2CsicAiCcPA0
4sYQ19fXmM1m0Zv/mPjB3Xxzs3IxB8R3g/qaiTn+Poezq8jjE5FCs/A+ZyinPT6nKiTkuOXmtjOX
0HHIFUy6RAi4aVLqy3WaQuKJT6gIiWDcOblrUcOuz9ce134frqBg1+WzvetYiokHXUQg7hrgE8xy
7bPr6Hqe2+X77PalTT1ubpm+cWj2cWMo1I92eV1EDp/9XDtiYuZ0OoW6/YrzX/8/lP2jndiya0xP
EhFI8VEP1EZJmKdOlVo7/0SAeRjVzavbfERoHhsx5VAjItjiAxEvlKRArXhSEzWvmlXrSBDlGQJ2
m4r2DTMGpQDUhKNSicghvAtE4BAE4aAhIoyGQ1xfXWE4HCXn8c1U+WYWfTNlIQfjLQkbhpwZ4X0J
PF3FEl9ZLrmOwi7tscvjyg3NZtt0FVi4WfrUvDl1udEMPrrOSnN9uO/zkasvxfE2pIqvKedUl37z
RVl0xReVwJXtjrlQZIZPiAmdE11EtVgbQvjOI9955RNvfaJWjiCTSupYjLV/MhkD6gfOP/8T5dHh
iRyExtkHAK2JffuLeV2rodabvw3ullDPKAVAbz5ishuaKJRtitQE9Evgwylw3Ht79y2C4CIChyAI
B81oOMTl5SWGo6fiRsrNZGhW1DdzFXOYdu3wuuxipi7mQLvbutaRY0vIxtixiIkBHG6ZPufLZ5Ov
3i6EHGNfRAJnzzZ1pwgqbv2xtnD7utro1huKCAjZ5XPk9yFS2XAiUk6dOY61qS9VwNsmOiJkg7vd
LTcm6HB5cyIxUu1LEYxyx4dvXKUKFK6gERPXt/mb4Nq67bkwndwCIJz/8k+Ux8dblbVPGrGD7zft
bHd/d6qM+34gaALKBXBUvs3JGUGwEYFDEISDZT6b4tu3bxiNx1n5ch1hO03sD/9zzRK79XWdoYzt
24fz5+ITGny2pToonKPHzfZyYkFM5Ng1KU4QF72RMiZT6s5x+mLO3r77x9fu1HMhNxqiq53md0wc
cu3Icfxz7EoRBnzjP0foyLHdF+ngy7utsBsitd9de33CkK+cFAHVV0ZM0OvaTzHhMBcijdn0Dqoo
cPH5n1C9fqdy3itKASlLhnY5OrVnbBABywqYLYHTwwu8EYSd4luqRhAE4UUhInz9+vWJuOE6sjk3
2zEn2S43Je8+4JxeU3+Os+YrZ58ORA4+RyB39janPb7Z0ZDosc/jzkUZhOrc1bELtfOlZ/Z8QkxK
/5j8sX5KjQLIFcG4qJwUYSlWFpc25KDmtH8f1wO371L7e9/4zreU9Pa2lHMkp82haI+QcNYV91zv
LnIQ5tN7zEd3KHQdzyC0wgbaN5tg9a9QzboZ9r/S/V0CvcC/omg/A8ezqoHpgrCUwyW8cUTgEATh
4CAC/vzzT9w/PHrTxG40Q0IBVxb3PZTuuTCOjP0vRmoo+q5muFPCsUO2ubiOSKzdIefX7r9cQeG5
yHW8UogdE3dc2fleoj/cY5Qz3k36VBEwJmZ2OS+4mfZdO+0xkZJzWENOLCfybWtXat/5xEpunOba
lZI+dYzk2OGK0b409tjIjaBLjV7KxbU5NnFg2lDXFcbDn5iO7zvV++7wHD6lmn226LHah0YAUVZa
7l+hsPHiFk7oICLMl82/A5nrEIS9II+oCIJwcNzc/MDPnz+jM9kxMSLmxO7iRnif2LO0XZyl1Jnj
FIHAZxuXxw2H9+WNRXH4HNEUe9w2uc6ym8adcd/W0c/Nz9Xt2pFbXhf79jXeY/2xbb2htnB150Zn
uMSiJ3xObuh4huz1lRMbr/uO3EqNfvIJQNx5yLHNtTD1XOx6TnD2p7SrS1tCeVL617U7dF7E8prP
qlpi9HgDVRQ4ufg1qz1dMGtl+CMVaPV61G1R2Dwv3WJ9NpjNSlkzyaqJsCjZMdZM7Ci1bh8BIPt1
LmR990FNJEefmkRaq1WewrIJaBZW7ZUvK+4Lwr4QgUMQhIPi8f4eP358j940x2adQzNlKTe8zyFs
xG5wOaGgi6Pi5s+Zud3GMYoJVLHtXBRCzGlwxQGTz40M6CIa5LDt7HiXKIJUchzpXdfpgxujofPa
fLe3h+rzOdg5YgJXjlteSr2xuuxPX73u+HXHG2dT7PxKdW65tvnq52zn6vSJNW4dnI2xa2OOuBES
imKCkk805ezIFTdC/eDCHYtQuhyhya7frqeuFpgOf6Lf76N3/LFNt3amu6AJbMSDERUCcmnrzNOG
JtAICGvbzZtU3E/fMVbq6aoZCo2g8NSCVlBQzaMlhVIoABz1mt/KswJHpYFar9tfb3l5tttfWnYW
qinffZuMILwV5BEVQRAOhsf7e3y7usJisUy+2QLCjrR9U5ji1OY65duQ0y7jjLnbU3Cdfbu8LrOI
Jn9XcmbTY+lCzpsrEHDih8/BsveZvkoRZmIz2SH2LbocCm7/uttTxAJzHJ84IIwolNqfseNsl2UL
JKE2dTmWKW1w7XR/c86we+6HSDknc4QDu0zXzpDj7hOT3PK2vT6HhBpuf0i4MHldEc3XlpBAkzrG
Qv3EtYdL5zueKUKr1hrz2RTD+1ssZ7O2vmCWKGr1H0AV1vf112BeZf0PMO1rjwvWYsbGJ2gjnV0f
92/VfretbQKl2vU1lLWWhuLX3CgKoFfQ6rvCpkhE7W9T1Uq8UE//9Yr2e5uyKCw72vKqei2mCMJb
QyI4BEF4cYgIg4cHfLu6wnQ6Dd7k5sxsx2bcUm1Lrc+XN9VOLn9q2pgNoRnSrqTMKvpu+Let27bB
rt+1h5s1jTkzbntix9Dn7HRl2zHLlcXxUkJKaAY8lgcIO3i+MejuDzmqPrHAN0a2uTa4nynjLiQE
xMSjULm+utxy3OsH17cpQl/omHB17OJ88JE7Hu183HeujJS0sWMb64su17HYNcJnN3e9nU0HOOoX
+HD+b/SPTjZUAHsdiVQ2IjAy826iOn6mlUxWDhMdURRrgaR5RIRQtqqFr3RVKPTVuhzjpCkQFAAN
BUUagFqJHWSVVipCTU35PTR1aq1QKAJZc9pKEUDhBUkF4TUjAocgCC+Kpmam5fb+HrPZ7MmNeOqM
qHsj1/VGeBczsG45sRvzXMGiKz6n35c2Vl9IIOC270LQcOv3zW7GZjVTbva7Oq5c3hTnjHNyt8U3
i5vatn05lTFn0ufkxsqxt7l5fGO/i3O7zRiJ5fPZHBrbPgGjixjqK9cunxN+uf7M6R/7HM4RGHdB
qpgRG4+hvEX7LEOoXT6hOzYmDDGhK1Z2LG3MbqIaw+EDzs6OcfbbP1GUazejVF2vJbbM8QpwFY/V
5oTJDqwjNlRpttIqd/OtWBX/NHBEbYTmKyhQYUq2ilttImhtrilR8wTh1SAChyAIL4K579J1hW/f
vuHh4QFaaydNesSBb3tsptaXx3ezn3Mj3PUG3c3rlpeaP+acxNoQsqsrbhldyuTa5+un2HFMsSV1
LISOU8oYSBGeUuHGj11uytgsiuLJOZla9y6c0lB/xIQ5zp6cPL50u44mcGfAQ86j61ynihqcU951
jPrqC11ffWPQ1xauTLcc7hq5b9w2pvxdsnEFnFhad2yY8zF07N1tMbti48bt46IogseKiFDXNW5u
btDr9fD5y29QZpEKtXbe83iFnvcOTFaBb+5nqGrz2zcSnkNAFITnRtbgEATh2dEE1LUGkcaPHz9w
d3cHrTXrdNk3he5NXczpCd1UxwQRu25f+bsiVG4XscR2AkI3v7m4NnRxyLmb46522PX6nAdf+93Z
cE4YccvziSG7drR2UUZZlkGnOeTwG7qIG6bsfZEyI+0bpyFxtIvQtSun2nduhyI27PScw+uO610J
Mhy+PuEEAZtQpEdMKOTO1efE93fJ3c+RKna6Zdjno3vsff9S6+Nwr32+8el+B4Dlconr62sMh0MU
oCZ6o5MVwq5Q5p/5z+ofUNPTN8QIwmtGIjgEQXgWCM1N0HgOjOcEBcJsdIvH25+o6xrA5s1raNaV
u6nk0nGzTVE7I7O9Kfhu2kN1cr9zZl673uTHbmJdO7hPn12huny/7fpicDPqqf2QWm8sioAToDjh
I4dtHVEiWjlDXWflTTlcmlAfx2aW3X2549Z3PYidcyEHn2uTT1RMqSsEV2ZI2AjZ616nUs4nLjJg
n8TOH9tOG+689gmNvjL2RUy84Gy2oy/sdKE6fOKUfexjwlVIzOdst8v32WPSho4LACwWC9z8uMZR
v8TJ2XmnNTiE/eAcXRRUg3SxjrYRhFeOjGRBEPYOEbCsCMMZ4XGiUdcak+EID7e3mM/nbJ7cmVLu
Rs528rgZ+1h5KbhOfs4NZS6hGWjuhjTFjpQoDN9sYEpeX13mNzfznGp7aEY45xhs4yTZDovr+G4r
lHVlmxlbt+8L54Y3RdxIPb92dZ50GXux/b7xHnMqY21K6ZvUcRMSk1wn2G2PT8BJIWRfqt2+489d
993+dtN0uVbn7PPZ6PaDu9210z6XYsKEW67dZ6Fj50ZwpB5bTrS27eT6PEXgHg6HuL6+xnI+E3Hj
YFEoyh6aaSdBeBuIwCEIwt4gAqqaMF4Qfo4IwykBINSLGSaD71guxk8cqJTZ0ZBI4ZtlWtu0efMX
mpVPIdfJD+W3beZucEP1cA7Mts41VwYX8bHNTLDvGLr94DtW7u9Up23fYtQhw/Wr29+mX3IeU4k5
vtuMxy55ux5b37UhxZZt2mg7mTEn0ifIuOPfbQs35nP7advzJnQec4Jn7BrhKzdWr12nrz9TyvKJ
DO4+X4RNrB6Tzl6k1D2eIcEjBa49vry5Y/zh4QEPDw+rSE3hMClAIP0+/yYKbw8ROARB2AtEwGxJ
uBsTHsYa2rwovlpiNrzFfDZq0/E321yYr5vezeumj33GZhG7zujniiMxUYdzWrhyuH0xYrOa3H7u
BnsfcGVzTrjZngPnHG0zq/2asPt1F8euS7TNLgS4GF3Lf+5j7xMnfWPSN0a5WXYuT+44584Tzs4U
cdotd5fX312LrKnlh67H7u+uf1NMXt/xNH257fUrdE30kdKm79+/4/7+rvO6PsL+UUXRRnC83b99
wvtBBA5BEHbOomqiNh4mhEVlCRJaYzoeYDS8jd7ocOKG2R7Lt6rP4yCnlJOapivczJ47c5syg2b3
U2jG08UnXKTabH7nOjVdCDkg7g34Lux4yRms56g7ZYzk9GNqWi6Saldl75JtIj/2QcjZth1aVxzm
HGPut1sPN5vPlcdFmKQ4xJy9dl2hCJpQ2S8tmLn94Uvfxc5Y34SOaZf6ciI/UsqvqgpXV9cYjUYS
IXDAlIWCHB7hLSAChyAIO4MImC4I95MmasP+Q0laYzEZYTK8X4kbodk79/tmPfE3qtjbfQICV8c+
b75CTnlohptrh1teDjEHx2c7Fz0Tm730lZVDaqj0NrOjXfPvEt9x2VddADbOCx8p52QqPuc5Ruxa
0SW/j5eK/AhFp9nbQ44zN57da19uhAU3PrqIz25+N19K+0N1bBu9sIsIEHdMc39rnkPY84lHqfjE
sVBdMRaLBS4vLzGbzbJsEZ4XpSAih/DqEYFDEIStIQLmZhHRKWHZRm3o1V9Jgl7MMH74gcV8uMoX
m5nkbqq50Fy/XekL2fnsCNm6DZzIEWuPT2Towi4exeD6aBflumXmRu1wtrn79802s7S7yheakU+t
d5fHsUt5uzpeLxEJ4pLallRB1ic4dpnJ5wRUd7+v/Jxj5Luuc3V1ZRdCxS7yun+rcspJEXi4CBo3
XYqAmWKPj9ixc3+Px2NcXV1By3ocB4tSkMVGhVePCByCIGwFUbPWxuOEMJhaa21Y6KrCdHiDxWLY
5tluDYCcm66QcxeKENmXoJEyA+l+d8uxb5i7OBe5YcsptttpTV2h/rXTbjMTbJfZNRzbzd+lb3fF
NqHhqZEQdltTnJ9diWq+slIdweeMtsold1beFxGRInqm9BdXXtfj6J7T9rnN2ZZzDN02dhHCdnWt
DgnqXNpQH7r9EBPaYyJkrHxuv5tu22tj17wGM3YeHh7w/cePgzp/hU0KieIQXjkicAiC0AmiJkJj
vCAMNqI2nHS6xmz0E6PhHQD/s9z+eroLIVy+nBvpXTp2XF2x3/u6Adym3FAEgC8UO9TXu44QiJWb
sz3XtpTIoJwyQqSIhF3OHdeJdZ2bbR0dn6OXEqWTKmBte81IYReiHJDuPLrHICdqx1cPd5ztdLEo
gm0Ek64CXajMbYkJsr59nNjha1vsWpgrQsf+fu6KkEDjE4V9x1lrjevrazw8POzRYmFbRN8QXjMi
cAiCkA0RMG2jNoZTjUoT/8eQCPPxEOPHG7Yc+wYpxfGJ3fSFHo9wHcJYfanO4y5xZ2Zj7cjFLTO1
HF9fuGXZxzHUhhyRISe6gNv2nmYJY2Kem9YX6RTatk+4yATunIw5opwww/Hc7Yvh2u9znjlSBY+Y
sMv1u73PtckXkfMSfctFgmxb3rZl2dfE2N8nt96YaOKz0/2buc1x8eXxbfOJHe7vuq5xdXWF8Xic
ZY/wfCiAjcgVhNeACByCIGRBBEwWhOGUMJ4Tah0IZawWGD9co6qqNq9/obuc37GZxdi2zfY8vemM
3aillOuW1QXOiYjNrnYpM4TvJj90PFKcs5RZ4py+yxkTKfm6ECprm3HwXLiOkC+KYx/1pohSsWPl
zoDvmi7iIAfXv766zLjZZ1SKa4fvemP3q3u93Ac5577Pmd7WthQxNjYuUkQl33nmK5s7XiHRqSvu
OHTHo6nD1+7Q34DJZIKrqyssFoutbBT2g1LNf97RHIHwhhCBQxCEZBYV4WGiMZhqLOvYXz3C4PYr
FotJ8yvBSX+OmXduViw0o+buy3E0fM5LKL0pm3MuufDfUFkpN/c5ERK+vuBm2N36U4SSXRBqT8j5
2Hekx3NGkthtSh2D3Hj3RcfsW6jhHCjXhlj+lLS7Oia77A+77SnnTxdSIgNcgdI9n1OjaXLpIlJz
183nOK99US5cvSERgPtufrvnm3tM3M8u/cfZm5su5brO/f0YDAb4fn0NovBr44WXQcFeLF4QXg8i
cAiCEIWoef3rw4QwXTRRGzFmj5eYTIZBR9u9ceNu9mKzVNs66L5yYjOUuTeNvoiG1JlHbnbdV4Zd
H2c3J0Dk9KNth10uV3doFs9tk1tOCjnpY4JQrhiVa2uus/WSER/bOIapfWOns2eGQ8JKjlhjyn0N
pIi+qYRmzX11uddB+7hwYkdqXV1sT9nG2ZySZxs7QoTGmSu65JZr5+fKiYmOKRMHqX/PUkQVTojn
0iuloLXG/cMD7u7uo/ULLwGBdP2sAr0g7ILeSxsgCMLhYv6mzZbN61+1frqIKMfs8RGD+59tGWmh
wu4NtZ035LCEoi8MRVFA67AqY99IctETbvk5N6uucxYrn2tHzI6uM+sxYcEngviczZBoEps5Th0r
PnL6IDRLnpPfJVco2Qchh8bnSLv9kBr5EHKWU+3kyug6A78LQSNXbNjmeHPCAicm5JwbOWOQixjx
RQh0raMrbp9w+2LXFPd6nso219LQ91RSrv1mn++4+a7PXY+b+7fGNyZ97eXyERGWyyV+/PiB4+Nj
XFxcdLJN2A9KKZRlCU0K5evQigUBgAgcgiB4IGoiNe7GhKqmJGEDAMpqifHgG2rrPfc5TrjrKBVF
kX2jxkUnpAgKblpf2V0I3aD7bhA5scB3w57aPl+dbn0mXajvbWfMnoEPleuKMm57c2++Occw5hBw
bXXTbnucd+EAhvqyi+MfcpxTzzF3W67TyJ2L3Az3rmflu4hfLsZuWzDtepw5MdWuOyZs+MRG37kW
soMrg8u7a4c5la71uuf6oYiP215bUo8N0O189ZXP9WPO33b3eNhjfzqd4sePHzg5OUGvJ67JwaEr
kCp3IiALwnMgj6gIgsCyqIHbEWFRpYsbAHDz/XcsFnMAmzcyuTd2vtkeuzzXAbd/59wUu46fa6uv
jhih9vqc8FSHxCdyuHWkCBl22fY/k98ux+eMcQKC7ybZnX3k2pDaz+5MaUhkSR1/OePULrco1n9S
uwgQKftyxp8N1+fuNrePuHOAGxe+/D4bXEHDPeb7cEJ3cWNu7LKjwbYV5NxtqbbGzuuUY+Ge06Fj
756jXYW2fRP6m9AVXz92GVOhay/33fzmztVYuT6B0le3T1zztSN1vHD1uQKf1hrD4RA3N/wb14SX
QymFoiwRXXZNEA4IETgEQdiAiLCoCT8HOmmtDZvZwwMW8xmAzZuX1NkmF99NVMiJDjkJ9k1VzAZO
SPC1J1YG1wZOzIjdJLrtjgki29zc+5xO1zHi2uL2F2d/SIhy28i1y83rCjM55PSRe/ztvok9BpVr
gxFMco+hLbRw9fgcKHe8aq03yrLtCf1z+8i1xxxXrfVWzucunOscUWAXcOeMu40TE1LFn1zxlROx
7N+uY82VkcI2x8ontPnSueJZ6G9ICj7bY058rA6uv218fzd8507KWIn1W6x+txz3b0NIqHHtdFku
l7i9vcXt7S2bT3hZCqpxYHqmIHiRODBBEFZoInwfEOo67Hxy1LMRBg9fAegnN+mco7v6pQBQ+wlA
QYFAzTYQFBTa/0fZqAMAmfzt98LsV6ZSFwIRntpmle3m5H7DNGn1g9ZlrhyGNq0y/YMNW+3fG/Vb
N7pF2w6y+q8psu1DWGWYNrvNVgrsXYux8+medXvMpynDNKgVuEJlPBU7qLUbG99NXuXkJVOHfVxh
hg21Y8bZvrKOVj1jytk4bnZTsXlMQW1upz9NOlUoaE3usF71zYbzurJrndLOp7Xe+E1P8uFJHsJa
aOHyrI6X3ZdPnCHGCTL2WO0IOT02tj2mf0zdXPoQZI25XUZl5NpY7sUrAAAgAElEQVTRoSbYxxhG
oGz3+kRBWPtX53pbHpfHvvaG+2dzpD9N63fQWUeciBk1dprAzgjm+uiz1xWEnMxPKu8aeZErhHJ/
A33Clp3O/c5tC7XBfqzT7ZtdjHGuLbZd7vccoWc2m+Hu7g7n52c4OTnd2lZhNyilgKIHTYRyzyKw
IOwCETgEQQDQvAL2brwWN3IgXWP4cA2tq6f7rBucfkk47TfObD6+P6quC+qk82kZXHpfWteD9Hmb
MS/0ObDr30fZbldzikBO/cwhY7d1KTuRmgqU0IBqvyu9qk+jQKE0iBQABaU0iAo0DuD6AGsqUJgy
VIkS9SrvynxSzTZo2J2noKFRgKBQokaNEqWqV3aZPDVKFCDYHaShUECD2k9TDoC2jBIArcpRIGgn
eLOxUUH7OrbEyq6NfK0tbnlRyniSg8Y3Pl+iHN95yNURUsVCZYTqtspb1gr9shFhaq3QKwmkFTSa
cGECoSgaUbAmhQLYOIeWWqFfOFENUNAElEVbltpsDpECKaBXEBQ0Kq1AUOgXGpUuUJYaNSn0FLXn
X5O/JqugVqjsFYSaFDYtsETRwJ+ZDZufaiqtMNUINY2Ab9Vi22FtWAn0ytr3JC1rAa8Mt9u7ihxr
gbS1Tll/y227lCWyW7abJDX5I/OUUhgOh7j9eYv//K//oChe+8XiLdFMJnSJkhSE50YEDkF452gN
LGrC/ZhQ5yy20UJaY3L/DYvZeL2NmVFTIBwVS3zoLwHUTiEmMbw33QoKqihAWq9nz6GgSaNQJQAN
ralZ8bsNra91jbIsUdcaZVmgruvVfqUKaF2jUGvnTBUFdF2v6ilWeXqoqwplrwdd1yjKonF+qamH
zIx0m88tS6NsneZtPIoUJYBArbOpHEd4F2haO+xGCNgQBIwVpDYclxC1LlAWm/k1KRRMfiIFKNph
iwRg7YyZ09YN6imK5jrB7XuPcGPePjdsuDFr0tpj32wzY9+4hAq0KgPtebVxHrZlGJvMPpNH66IR
FQBovbaiLNZp3XPZtkW19W469802TZvlrWzRBZTCqo2FolUeqMaOotBPyvChFKCUhtZPhbSiaNpK
CeU8zUvtdfxpXtMOKDR942lT079pbbHz8/ak90k+Xf8WcH+rOJXf7Gr/titXmFinvRqdAHgqcph7
hbqucf/wgNOzM3z+/Fmc6QOhiciBkd0E4aARgUMQ3ikEoKoIwxlhuqROTosCYTZ8xHg0fPJMsBv6
XhQKZdHMVitVwDyGYh43IGBDhKgrS1goeyCtG+FCFdBUo1AKqlAoUbb3TgVUoUGEZkGsurLyl629
qrWlBIhW25sJNd2IEwoAEYqymflWUOspOSKoslyJHAoFdN0IIUDr+KkCoOa98UWbti0K/4+9t02S
I1eyxY47gMisItn3To8ks5l5z0ymX28pWoA2oHVpCdqAtjN6prmvvz9IVmUGAHf9cAcCEZlZVWR3
k+ye8DZ2VWVGIAAEAgE/OH68ioBDgPo5IgLiABV0J8TKaRTmpa/tOlZvQQChOggTIOI7oaqgDhaQ
AS+EDgiZ46KbLcZrFIzry5fRgWsO3tbRs3pf7sK2/29tC27Yda4PxpeCJv/ZbQQkbn02ghrM7Vm1
z0Jk1CLL322skn1X8sdrjfzRtgVrXmLX+uspCyQX51wDN6w+lxWJQSCyHvtMxp+JwdJxtz38sQx2
doQxgLwuvH4OWz3aOeM1woYdwZtneFtGfw7HNnRmgCJs2tbrwpf1G8vp9bhSxlN2ba4AvK0fOzcQ
btbhVjuu/v4BbbnVjpvlXKOE3LQroAPg76ywOc5Hmb+nmf2dAYLh/gQVA+ltk8DO7+/oWkFo73Dn
ovXLGtDB/nbvzyMlECwcFu3cK0DH6XTC999/j+PxiPv7+xe2fbc/2sb5dceddvuSbRcZ3W23/4Sm
sJCUnx8/HtwAAJ1PmB9/gNS5f3YtJrctYmoVKABRX1QN9QEY2iIDxM6rw8+2IBLjcgAgSDXWRhVB
lWqAgy7iqI1KaSlryVgb1YCMKrWDJlXsezveydQiHVQYmR8iFuMsgwKrih2vUgF10EIbmMIACFXE
y4ADFQ60iIAgQxkAVKFSfeFJHSxp4nJM0sEN671qu5xsfaji95TZzocxbUjbrq/vGgv1dqiSX1ed
+m13psMSTw2Sa3RjLJAG3QA3xmM/1Fr//pZz/6rWALdmRNeEPg3YAIBadeWslyyrW5pzGyP4XcCN
JzRQf7MRP63Nsb0287pvjC3w/HVC+PhGGDh6WSd6pi5MtDsVf2YbH6qLOXMI99hY07Dp78vNuTr+
X4b3efulA/bLe7cLIndPlZfzmCHi7ww2tiLxsB/q7IzA7HON2rsHhMDo/9r8QiCEEJYNhVWX6MXP
9u/XX3/FDz98j5zz1X7Z7TOZftx7d7fdPqXtDI7ddvtPZqrAuSjenRRz+Xi6uZSCx7c/4Hx+uIjJ
3IIc/XsHD4BGvmacTmfUUi5IAz0cxcGEtss8CpdZ+QwwAVJt4aWCEMxxN1bIAFC0kBEPcyGCCUL6
QkxFwcwgoh7mImrAQ1uc9RAW1dVxQMs64UBKO7+Fyygh0GyMjhh7HUQFgYOBGwAUvLAxHBzqZZSC
kCLgCz45V9AY7tPCbbSFydAS0kPk/cjG5OBh0XhtAbnZCNTq90Kdkj0eOvahwqj0vNznVg8QOT0d
qBW9HEVc7WqKOLPAdzJb2desiocLDIQUUVoxYj7WLsdaDxq4ONaYRXL1p1XLd0npj99XKFdu58e6
CNR3dccPndAkgwO+Jjot3w/PFvkzHAINgIqudgOX373PdanDtqxrVuvVj28eY78vHzDbPX4uXK++
5EIvONd2wG2H/Lm6PHfJtpsuuogUDxBl32Vv2g59DvNxaeN1GPMwZZet893L6fP+ci/GMb/baLoO
p1T13/1btTlMwRc7j0QWBtn0dkQE4OgaOAb+Exo4T85IVGc6jvMQQaT6ufZ+bfe8sSA9hqizLFjU
66oLMCwVCh7aw/aZ2mt4aTG5AHQDTC+ZGk+JpqoqfvjhRxyPd/jnf/7nJ7ND7fbpbAdZd/sz2A5w
7LbbfyIrApyz4v1ZUerHw/CkivzwFo8Pb42memNxcqGiro0Wy1BUzOcTvvv2e7z99b058ya24U69
ggOh5PWq3tbT1AEAYyc49TlyD3u5JlexqhP7QhBrcKYt8EW014O87FrFdoixdn5bOW13bMn8cukM
E1zlXgyPsJ20JZ65b6IRe8gJGSvD/yNQB056nTcLv86O8e5mMgdRGeArHWMgjzsyA7DBuBTcA7zO
TEbFYUYMjJILiC9Lb31rDByrFxNDq0C92sFDb0DWt1Jl5WStHKamv7KtGJPRsF/iXDmw1LhA149p
98mcxSpirJsWjrRxgNv46NRtas6875yKOzUOoI22UMSXui8A29Zh1J6FBMAyjl+AVI6A2epzpu6w
juUwM4gJtdSL47k50kMPLo/58uwwGxrS+7Ea4BYCe79e3sv2jIsYsykERhVBiqbiP9LtLcQG7pCh
D43WlSLrBXkpghi513+8Zi/DurnPIeygjQ5tG8+/GvE1PkfuP7a6tMu2a9KtushQzJW69Ps0nG9h
fgJ2RhehHa99bmwZpaoDyDqM2xgjSi0+9sVFHocx58hVCzNkcnFav9etjDaOmsBo6wtgqT9hmW+f
shbiwNvnZih2vI455M94YeP9wiUof3F4C7m8UZdbxz/32dZGcOo5e2ldtuWHYZ55qr3SgPIbdWnt
YbZ30jXP9/Xre7x6de8Ae+3sj6f6YvyupY69u7vDq1evnmRn7fYJrT3D++3Y7Qu1HeDYbbf/JDYX
xbuz4pzxUWKio9X5AefHH1HL+YK90ezis7bRpwqQOZe1Vvz6y3t8//1PKKV2J6/pawBLOAUNZQY2
h6e4Q8u8OJONGRGYULWlNGshMs7k6MCE9gWfkRy4v7BLqcYAYcJcKo5TQi7muHKjwavRcEUUxbdX
m2/DRF3cNGwACIEt3GIIvmGmVl+xumwXrK2tU0ootSKw7YCLCKZ0OY2X5ky74xMDoxRjnkR3Wq0i
BjjkWgEixM6aIdRibJQYw+KsuuN5Os3GJBFBUcUxRpzmGTFFpA0NudSKko15IhZzBPbP0zQtC6S2
K6+KeS6rEIAG2ATmDsSQO80iglwrDocJ+TwjpYRaK0QVKUYfi+ie5TwXcAjOIrH7M58zYoqIcV13
VUUppvcCcuaA92kIoVOw+/GieDydcX9/RJ6LjRNm5DnjcEjDs2Dn5VIANae0lIqUIoqDCWmKfffV
RjAh59LrbGFLjJIrKBgFvNWz2cPDCfd3R8znGSFaWFSpFdOUVgwIBuE8G8fD6lKQUsI8ZzAR0lh3
2HgtcwGFxdEPIaDMBSGyXWtjD+9PON4dAO/TmCLybM9ASOvj81wgIkiT1eEwJZRSUUVwPE5eZ4V4
VgytFVUUKQbrP2d9BSYHM9AzxIgC+TwjhgAOjPOcMU2pt+fgz5O0awhwnjNSSoAKiiimFPHwYO0x
B9+AB6g9Sw0wsDmJkXM1JzAEr4v3O9k9StHGXnEh45qLhbE47Z8IYAc55zkjpuDPo42v0+lsfUvU
62FAkO32m4bKOq1sau0c2TNVkHNBOkTU3MLy7Pg4Xc4z8zk7kBJwzjPujweczjNSjH28NSdIRWys
OptMCQhEPu6DP9fOFAsG7j4+njFNNvZKrYgxWL1isDYZ4gRmwpwrmGyOeJxn3E2T1+UyNEJUF+ad
o1NMhJwrYrwEIKsqarHri79HIgebw1K8mK+zvwtSCDjnjOTvHBFFHObr9q6opQJtrDh4J6UiBgaF
a3NS8WedvF4Rtdo81efNYVNhzgUpGeg0l4o7f5fFGBa0bWiriCCGgFwqgrMVxVmMgRcwLTooJgLE
FFZzChEhBsb/+r/9F9zf34FEVmP/OaBnBDnev3+PH374AdM0YZqmJ8/b7dPYCNTuttuXaDvAsdtu
f3FTBXI1MdHTb9DbaCal4OHtzzg9vutgQgM5ru1M9ywqujjI7btmpVbkUiBVEaKHf1zRDGiMiLbr
Z0CNOTJWjvRdrUAOcAyLLqPcrumyougLY5CphNtOrvQd6OqONIBlV9qNyReAbbdr2NlWKLjSmmFB
DNWKUg20aMrk3FgFRLZj70yF5kCW6hRgFWTY8UUEMvRHWzCLojs2tQpK8WwzIGgM3dkjBYi0gzk1
mHIiuWONauBK2/UnDiAo5loQ/f4VqcboqRUiCokLO4B81y7XagtbP6eC7LxSuj/O5KBNrdZWzyXa
ds1VFRoCSJZ+JpgzkUsFc0ERAWpFLXUBsYDOxhCxegaxcdZAtbnUBYDbjN9cbDe7AVk2BiyciNXu
raq5w63uVn9FrgJWtfq549SANfXPbcBF62d/DgAgxADxLA8qRiPP7uTDQ36UrB8jR6gKKhg0gG5V
FFUVRQQkRmgvtSJqBCt1GrrA2+njrooi+D2NHDDBQFHmpqaiKFKN5h4ay8WAJjAhDM9J67NSqwsR
o+vmFBfrNdI+mSChj/EqgiD2U9SOz6VicjBwYYVZ3UqV7pAzKWotAAImb1PTbQwEnPz+JWYHW0Jv
D5KPlzZ+/boxRUifGxTnc8Hh7gAiy3prM5H1TlVFaIwuhTN6QmeajC5rFQU1511s1JcqCESYgj+n
Pjb7+I2eKSoEKIB5Lri7O6BNSz3pis8bBpQMY3dk6YzsFi8/wZgywe9bA4xXz4YocjZwIrTHzMdO
FEHg6OFqBlwWtbkkhpa22OfsUjFNsZdvIXCEWhWlCI6HFkLjc74qks+RLWzCHOvi85b6NYCcDcxj
5oVG4wyg6gCHeh80HadEYZmvG8ieC0qVzkyJIUCqdpCpsxccwK8ODFKycpgZ59NszKfQ+suAq1wF
VTJisDJiMLAnS8FhCiuwUL2/ShEcpmjADC+MwzRFpHa8vz/muXhTCHNdgPoGGDWWFnys5jl39l97
Xedic25qbe3MJZtb5nMBZepAsooixoC74zRQjS4XHs8xWkZWzY8//ohXr17h66+/3kNVvhjz529n
cez2BdoOcOy221/YVI258fakOJffDm6QKsrjWzw+/NLjyJ/KiX7x+ZXrizt7xAyGONBg3zWmxkKX
Xi9srmwUmyPuIn7br68cvq6rKtQXhoEYbTNs1BO8pi1IROCh9Obg9bSx48a6AzVTDD28hn3bNfL1
GhLQmRFhCFeIIawWm8Tu4BK8D2wXDQBImtI9utgokR2zEkz0HTumtTjs4pjLiqXRd/B9sb0Nf+j1
tAvajjDEAQ3p/SIAmoZI4LCECHmMeA8XosVRaxT80DQ+gM5AYUF3qAGFtAwO7ogYqKPOaDBNlDEU
Q9GABQ8HEuoaEoCH0QhQm2YCKaQWHKbUyyEvI6XQxVwb8KXeZ6JAzgaiFP8pIshz7v0BD6dRZxuJ
P3tNfE9qhQqhZy5wgCow4Xw627Gl9O/yXNBCl8QBBMBBPRcRPZ/nDrqdTnPf8V6Bgy7SCzQnHiil
WH2c1VGrgWcxBszzogQis42pmqszexhQca0BK3+eM8jrAr/P59MZMUSISvNXod4/83mGQl002Or0
8GghYNupSERwPlv589nrJYrH07yKXmhATZ4L1K+ZS8E0BcznjNI3ynWZC/2ett1+8rrI6YZAqyrO
5xlVBPPZwiCkVJw3z1KrSykVxTUPFBUcaNW3S7HamXLLPGFO67XjDYBg5Ll2cK+FxfU+aseqhRAC
ijlXANzLVO9T9Qsa8NF0ctREo0ldcJlQckEtyw3Sgg48ZQ9XY7LwItMkMeBrIX81nRJFqQVTjDjP
2dgwAgAVkAVYLJ4pREVQB7ZLe9/0OcyzhwDGlsol2312IKWFTnUQGJZ1pL2DzrON2zkXiAoOwZhI
oCW8pD1/BvoVD98rIDZwqcpSL8DAL3Kwq+l2LNpPziAaxlWuBejgqCI6KNEypmQIqC6vZgMyDbgG
DCRSlaWtuoxJVQO5eEG4OgDYYr16KFPry+E5fElYXXumSin47rvvcH9/h7u7+z1U5QswC3uzZ2m/
H7t9abYDHLvt9hc1BTBXxS+Pilwaw+K3lVjmB5ze/4Bazh9+ti8AtyjLyjElwmFKOGdz7kyV3Xa+
9Yp2wbW4aWbutNoW1tAWiZ1xgoUevC1vvEYX95SW/pDd6ZHOIGjhKP0cZ1IQ3CH0urQwlZZNBX6u
sroTwJ39gW2ZgzO/rdtyveUc9UWHLz2sXL8+E12I2DEuadBj/0oYCQ6hdTTgdWAv/6kY+V5v1s5v
3fab/R36vbN7FUDt/jLb795uOLOBYwTrEt7U6sxjWxoFXrmDOIDt6KsoJA5UcxEPc6iL2O1wv5UI
5IBSp7qLQCh2bYjeHi+r/1Rd9a94oT2e3cdAYkLVVpdkdYgWhkIwQKg5fv384VrMCQmKqug77OJM
oTb+7d4b86A5vo3R1M4bf7Z72XQgeoeMiIB/17L8xBixfdLaNZoRmtZLuDgWWNch+jwmuozijrlc
qcc1LdJ1wM3lMqhpz2z1c7b1fs6ujf+t2Y69P7dPiKduLcly3hTDs+e9pC7pie+2FkB+gsuYqrHB
xvasjle/t0SIF7W4vOctHK2NM4IiXTmvMbOi2nOXgjESAjM4OlC6aj0haCMSKiKoA3nXjDHUwwEF
ImNtjQKrTZJIycBoCqZt0mxK0Zk0jR3k7wKOFj4CDAIwXtuwzD0BDApsYsxT7NopcE2o9gC3ub8J
OwdeQjoOXqf7g31GvpnQgDAVuQgxbEy4W+MmxTiAz+isOOsTA5NVFNL6Sgsa4Di+t2+xObahKt9+
8y3+y3/9rz6v7PY5bZm3d3Bjty/P9hlit93+gqaqyBV4+6ioFQhhWaBQ/99Ly7KftVacHt7idHq/
+v7FyH1bIA7GzHj95h6lVPz0y1uUXE0D4FFAwZy4benr0JXrO0AtbhwAqopTm5twpS+siAYV+t6Y
YTHsCz+VVVntc+CKiCqWsqEAycKuGM+tm35o9YLv7N+qx8U5F4tyvTyGtlDOh9B4tm7RcK7oMjiw
/dnsynntY1vR37jejXq0ndUm1d/KINrUhTpdfKnvcK1B6l8cg+gxDPDzmvilNqVHHcr271paC6nL
MbpJdaH2PSlAWlfVQOOBXzGRRTSzl0960aPUPEBDKqBSEWDhKQ0sqSorZ3Hs5h7p0UABD1HqfaPL
T2CYP1ZDaujz8SM1XYSWDalnRVJjEY3PcrtVvT7SnjFGVYEQQ7xOPX3lcO7CntjUpf+6qbTCnVR3
VrsTu4z5rV5te7Sfs16OH/zsOVUvfm9lXAcuvC0X513Cttfq0rRk/jC/5FZdBADkxSDOS1LiUG0w
1LovAoA8ONsvsct8Ma08WT5VAhkkuDpymbHd5atXMof09owO/iLUeyFI3ctwFlIVkJr2DKn/XltP
L0AOoaUXt1K5lVClg7bb+rBn7uoaGeMYaeyf4TlemT9/IfBal8hZfQCgLaNL2+3fbnRsQPVbn/30
88/429//jr///e87a+Azm61/2ljY78VuX5btAMduu/3FTETx9mSpYPv6pa03sSy2nwM6RG3BV61Q
5Id3eHz3Uw9NGQXrxoXG7Z0YrEMhAA/PCDgcJry+P+J0mn0nSUG8LCHbgsxo+otjcsvG67fftz+h
iovls14mAL1W1q2yx3KeOvda/6w+e6YeT332ccc83Z/XgYeXOA7PABYffP5Ly3t5fW8EDXzAtT7g
+9sXW5fgDv3LTVdl23Oj68tdCR26bfLEX0/U4WZJOoBTI9D0XMnaSyj+s59x9dxbQNtTdqVerYwP
uF/t+Vk/Sx9Sj1vV+x3KAPDyZ+kT2O/WpttzV8VnbeEfZpew0QakfOacAAtRGY0JKNrets9sIIhA
pF4FOogJKQSUUNGyfTGzC3sLRCsAY8s89Vq6pekF2EbLP/7xD7x5/Qox7YKjn9vIwywZt0OVd9vt
c9gOcOy221/IVBU/PmjfGG7JD4hwkfFBVFfrlyYI2LJ5JF4o+fk04+Hd98jz6SIs5Jqw6I3KmXbA
wINWKObzjIeHR9RScX9/7PUdjUB9cXTdkfjzmsB2teIl3PKHm4JQKCLhMh5/t89nv3Vcf3mO3ccu
fD/tgrnaMv2Dn8Xxfv0V5qQ/k93q7y/vGfhtFtiIJK1dLSQGuA1sNBu/rleeKStnCbdZnXvlPcsc
/H2MzeeM6ZD6hsTxEEEq61TyvKSJtfKvbYZcq8dy3MPDA/7HN9/i3/7t33an+jMbdSbsfh92+7Js
Bzh22+0vYqLAeVYcE/U4+UPavHScGWAsbrIF00A9VxiltGuGwbQefvj1LR7ev/UiLndXnoqdbcde
YaUiBMb96zsEErx99wgKJvYYPB3faExhKHuz4CLXx1BBEYvXD1NCdRHG4CkvU+CuCA8YqENY4q8b
G7ddeTokSM4oYr/P54xAgBAjhiaA6qn6QjAasGoXjWu6AVNkzEX6z0CWNSIGQi6C1LIVevwzudBi
CMHU+9nU9qfJ6tDqAqz1Eaxv+q2+aa0ekRUqZXPflvNHtk8MjFwVDF1dry28+/lMiC4quEpBOZ6z
qfPWyOvRwyKGevTx+4QFP/e5MrYaE9u2PNW3TYdirErr11vtuWTl3L7WWJdr7dkaP/Hd57Ztv36p
xtcDFHbb7Q+1l8zZ2+fnQ5715+bbp2z7rm3ABlOAQFAoIcrsxxLSlJCmZOKpWMRfQQlABbQMc/A6
dXErY2vXWKLfffcd/v63v+H1mzcf17DdfjdrLA4M7/vddvvctgMcu+32F7AiivdnE/WKQ4a7izDr
Fj7iHxonAv3vBoyYyKDF5c7zGd9+801Xlt8CGz0N7EaPYvu7qFykMalV8MtPb/HjDz/j9asJd3cH
lGLihG0FJ66XEMjSblrb1pk/DJiw71r7JefedskZ0WP322nsQmwi0gGdVpgO5wHmoEnOiLyIlmoV
E4sTQmI22q6fFz0tIzGDXJX/EO28yEAIJqQp/jdRq4svHj0bitaC5FTgKTA0ZwQGNGccYoBCoZ56
sWXm4Kaf4CJ4TbjQsg/UnpEmeLKaYyTPzsAeMtQEWpuAX0tdS4hkMdijSGCViinacYGXeqQYrvuK
noo2PrfgvsrFvvLZU+c+VwbZver1oWX89O9bObxFcrCIhw4gyqGnaRzOGX9vTCrR3hfgK30SA2Kt
a4HS4VqAl9lWlVsx03Gl2crZ1mVr4ca1YgBaKt1b594qhwioFXEKcEEg8+Ta92OftJvTvLdwpR7b
trTyxnJGtdR2/ras7X1sbdrW5aJvw6C58kRZt+qy7VvCUuZGjHY1WNt48f5cXb+VMWpW3KpLO//a
eGr3eWsXY1YXb3zbr9u6vHDs95+h3eNNe1r9Lafr+vNr4wRYj5Vtv4yiL9f6JFy5z7fGf3sOX4I6
3BpvH3PuU3XanLedbxXa5+zRDOz37Q4XLhagi3SrLsebuOvc/2ZmHI8HkFaczrOlEG6ipepAOqeh
6+kmsLEVIN1+V2vF//vf/zv+23/7b3va2D/Ybk11q2N0D1HZ7cuyHeDYbbc/uRWxdHtHD/0ILxJw
o+7MXV1WkbE4Sqn49ttvcTqfr4am3BLZvJbthK9QiQMJXr06IJfXePf2HY73ry8EAdkXYLlUlOwC
dZFRPSVho8NKEVD4FOnKbtPXex91J6EudN7iv0vtTkTrwwZsXJ4/Xm973WvHfEz9b5X/0vNfVkYH
TubbC3nzNULvj+Xz9di7LDsMfbguwzIArLMk9LpcK498d1Kut+W5utxqz3KvZSnjRl9MMWB+mFef
rZ43b0971uvgHKXAKLKOcW/1gFYEYpRh53TbluTMJNGhX4eqNLZUrrLq25adRVVXZaQYUGpd1Wcs
Y7SxPYkZNStADFU/f/a+Oc9LGed1P/Vy1FKZXjPmANV69d5s6/ESuzVum0W2Hc4tK+0pe6oOrf6q
67H/m23TlWO/9Po88fx+buv9cjkkXnDuE3PCX9peNnayH2ovxiAAACAASURBVFezjbs4hf5uYwog
ACkQEhNACfftxDbvcgS0ApIBuhtA4dvZU54yVcX79+/xzTff4F/+5V9e1IbdPtwUl9iZbYRtWDWo
UOU9RG+3L8Z2gGO33f7EVkQRiBD7NvPzNr6UwhPvIlXFw/t3+O677/rf2+9vCYFtr+OfIKSEcRVd
lRHThH/6m+L1MYJIcK6KQyKoGLBhztFa3b3MFRwI7A2QKiBeX7PmihADSvbd44+wVkbvWlXUIghp
KU/dmeTAVxdqo/OxdUS2C+rfsrge6/ElWU81+wKRSxOQvVxwP9cvY79uy2hslFt1aQ5idxTVadhk
9OwmpPchwMa1umwFebfldCBMgXkAuPrngwPe2tOcX1tUWvlb0KC1q9WjM3tuOHPj+QujaN1HUpeM
QK0uo/M+lpG3jAACQAH5SoaM0ZnP7R5txkPrG1H0emz7tPeLO61M3Pt2bJeiDv2zXPslwMYILFio
0mWGiVavIlfu9TOgxFiHbfuemlPGcfsxY3a0cYy8FOz5EGv359mYsxfabwF6XjI/fYjVYhnBnuLs
f4o5+yX1eKo+tVRwYEgRhMj9Vk0xWDgoB0QyVmJgz6LCjPfvMgBZ5gUZGBwiwCrkdNko+ZCxSkT4
5ptv8PXXX+NwOLz4vN0+3NhmODg39fJ7jiiili1sJ3Ls9gXYl7US3m233V5sDdywl8nv/0bJOeM/
/uMfTx7TFsDXnKWR6dHCMWpZi1mGEDq9NEZGmqIvyskowiEgTpPTXK2txIQ4BdM08EUpB96kj4WB
EIQObtRr1OtWV5ELRfhaKkJk5HBEzXZuqYqQApQImSbUak4NB6fvtrCaOqSWLeZYFddmeKoeY10q
JxSxvqvFaNPjudtyWj16n4uBQeu6XKHof0CfvNQM+GpisJdjw+rxAUDBE3XhgWLN/DSQtYr1ZovR
aU7RhXOkWF3z99jd7WMbuAAA5UbYQ/v8qXuhKsANsHFsl4VCXe5Uj0AlbcNbcL2PWlmXbeQnd195
ZE18ALX84j7T8tmt9qjYOBv7tpfTmDqeInYcsy+x1Xhxhtr2Ht0aM0854tf65YPGntFort7nT2XP
PYfN2v159jhV1BeIuLxkfmtz4kutzf1eEbtGL0tuAiMhhlWdWzmq6GUs7w4LNZQqKHPt75E+7w91
aO+R9l5o57U5cnwPQeEAPa3b0dtyOQ63j26IAWNK4fH7xBaSF1KyL2IEx4gQA169OuDVq/vLsSD5
KpDxoeBGY9yUUvDv//7vfzrmjQ7/RLX/yxX2T4Ai9ru9LreJieGhv6b3Vfz428eur9P+Xeu2sU4q
ilqtXlUUVQkCXAc59K+au2i3P6PtDI7ddvuTmQIuYEkXi5Hfy0QE3377Ld69e/ei41+yYCEmhBix
YnDUijosEAMTYoyWDnZTVopsLI3lYABD6Dc1pU42WqxT28l3isIh2K7m4BT13eHoU2GLPyYGJ4JC
cdAT6DiZU3K4B8kJgGLCDIkJQoygGRQtZR2j0fUVhSaElEFQULoH1ROmw+S7q+yOqZ3Vqbxel6DZ
YsnV0+tqBYfJ616RpgnQsRyPA/fwnhA9tlz9MxWEKaFplVAYNTLUd9XcARYFOCyO6jDOtFbQQPFX
tb+hujh47sibs7tkvbH7EhAOESq2GMrhDqk+uoPubQHDcnRau/v9MdlbAGsnmg35shD9tqBufeIO
rFol+ngCqOuktAaqVFAI9pND704VXe5Pv+5GaNdTJwLUy4EqVJcxd2G9/LrsurvzroOGgfWLbna8
qbeRngtLcyZJb9MmNk193DMTVF2n5Va9t2Sx8f4O94cDbda63hdk84A5YQIOcQOG+jj0MLreNyp+
XrW5xJcvgfz81TNg17Nn3/YdwXZf4OU0C+p967o4pGFVZ3SwxECSCwBo6I/A8fL+AIvmg6GyyzhX
XB1vTTOkt6vz+a09Vg+fx1oo1sge8etxjP3UpSz0MWPP8sBScp2FwgdEOdk9sBuzBiKGuaaXE0If
s02zZ7jzPg9Y+9dz9sJKYo4QKct13YQDKASw5qXvr3hm4eDsgKEjFYQSDkj1bAfFpR6VozETUD3L
2HIzczgg1hPSFJH5gCQney9E0+lQKDgEVIp2u1xjovAElmz5eFJACXeI9RFpihAAEiZEPvs7TiGU
QAywFlSKIC4gqGlhHRIgAp4iBGq6UYd7sJygRCasPdSZAFSKAASsglINpAeANMXePoGxmog3Pb1N
4z5+lQIkG3uxgSUhBtePaboxAqkFkSNS4gsJFQAWqjLMnVvmxkuAjq1ux/v37/HTTz/h66//qffF
F29qYAGwlo+RgSnVhKOZAAotWwn6M1DFxGOt+4c+42XubVpbCgNLtpZGgurweWmYsAJzexWRaaER
AIpYPeMAwCEuot4v74nddvtDbAc4dtvtT2LL+ljBfyC4AQDn8wk//PDDze+fW5xcFQ5TQEoBIoYF
DI3+IpQnANkF3mTRigwBVCtiSJjignKUUlHbohqArRcaaCC+EPC4emII0aK3FxiXJLYwLOYZtYoJ
fhJQVBAxQ4ggSgiksLwpdp2A6gt2gpItJAOy14UwoaASIQZeFpIUB6cjrPut95HVA935R29XF3Br
6q2+E90HS9sJFgGUe3nmzAEkFvqg1AT+Nv0xOkytj5k820sEaoWGg33eHLuNM6Tq5YTYhVgJsHsM
YOICcBrEBqP9dGCKlKGrcRQwLsVUFAgBVSoCBWSpSIEhQo5vLOmOTTRV0TYkKaZVXWk6eMnRPm/t
GSnVurl2sxDWvwcGqQIh9b7r5439S7S0UReHGun263l5el5uigiILkBEv7cEIDRfHqC0jJtr1xCB
juOh78K3Z8eAxAsxShAQ05K2xqQL7atgY9LqxDaORaxPKIJEbIwAaMuWDli1c7yftcrSNgDgZHAp
M4h+y5LHz21CqUN/4AOYKMs5Q77sVnZrs6jNhwoA3o9tzicXVe2inNH6rlZoijbmxvq0cTwCIA0I
ZurPTxf3DAETCjIFxMgmpswbVskIcrGVQyEMcwOg6gAfyMWVHRThhFKMwRPgz2dg1FrBsTnRE0gq
NIQGPbqobFrPL0TL89kFQr2erT1ENs2nQ3/erD+8/yP5PGz9pA5gTbWiKiOkhElqH18IobPiQvT3
FBGULETiIIJcCSFO0JJxTIqijDBNmM8ZhyColCz7ligmBwKrRkQHMS0rhQEoUoEQI+a5YIqMIBkc
kz1GgXw+M7CEASRVQAkUEjhEhMCQWgzU836a54KULHwzRQO0x8CDBnS19xEzQ5TAUZFrBU8OfvPy
3gHM4Y0pIoaAqvV6WJOUxePGGtDYZkq5BXRcst8E33zzDV6/fo1pmq6e86Wa6gIkbK2BG+1rhxSX
x8/7cXzNA7dDj68BGf362yr4PKTDn12M/YkXD7WCdoRjt89sO8Cx225/GlOoLilX/ygTEfzjH/8D
83xdqW278Nj+fk141E6EZUcZzmG2BVopxRMErN/ygQhFFYkAeDhLShHsi7KSH3E62c4Zh0E0cdmo
vGkGDjSvbjDffbVdR4IWK79mQfCMIwDQkqsO2pXr5l5cu0AFCGmtG/AS6yEmWXq5tmFdVsQCDosj
EnzRawkLbMEcyBbVgSuKiLOACFUBhYAKdwBCHKgKvNxPBqGoIJRllzXPGZEJVQ14a8e2xa1RqLX7
VKt2iYUQXYwXsoUcQRGIUZ0ue7VPirSNcRAXzFmRwmXfUmtYwy3Yxl8HFAAkrl37gQhX2+MXB0Ad
XOvkAWB1P+IUwKVYPw6Nr6rL/vLYr/3+8JPrQ3EKcviAMSQwmr+qa1dsTm19YXUnRCYUF/u8VlZr
k6iamKcui2GjzHs/8PVnZPycmGzs2sUR2PqkOuPjWm/Y2PZ7UxctEBVdgCf3ZYM/F9GzCT1r1zyB
0Z4JM/stZvfJ26Panx17ttcOYLPEFQq7D/GJSU/gwquysCikXArSciDUosi8zPejLkNj1xCRjVmf
EwSEUJa6BGI0Xs/Zn4NxnAA2VvrYyzarUj0hMkNK3Sbeerl9xD3qz8iNctr4tPAmhpTSn8NxrBKA
PM9gAHqekUUgpzNEFXMWEBQ521Xyebm/F+b90X4+Vn+HarZ3o/RagTG8kwCQWJavLBUi0rVw+rxZ
y6p5C15FQF2DE29eTYgxokKRBMinU5+jmi/bfrYMZ1eklBbbPFfbDRMa5qGXsjkeHx/x3Xff4V//
9V+BkQG6Hdzot/A32QIMjO+FzUF05TO3nkJXNzjwUs0VTiniGhhssHADO2ioRWN8NFy+V5RsTDIv
/dxubxWFdEbIErIiV+qzrtP1Hhzw2d12+6y2Axy77fYnMG2UZ1z647+3/frLL529cW2BsWVrbDOo
XAU3YI5uLRVIy4JGRPD4cMLDuwekyPg6hf5iJAIqdHjZG7gRk8X4iggoOM3WtzOIjGaPAKfYs9Ol
W6FswQ9q+yFGYKDVIm1g23YHiaCIKYIZiGnxzGpVCLkwGxtlmGgQ5GOyVLJk19YqfQHA/PLMgOqL
5jAxKDBUKkpV2wUsYouesHYF/C4NG54GZMB3B0GEXKWn22U4+2a4rt1ju76qOQC9HCzjwBY0y/aO
Fe8L7xB8c9UYLtzul/dH9J1Ech2TcU2oMICrLZzHuinsvoZkfVKL0cxDVO8TMvYN2v1QW3j7rlQM
Rvi1NLp2L8pm7Ipetqc5OeSOOIi6yK2CrC0AoqeqbH3TMnqsb7n1nfodrn6dBoA8Z9fLXPvni/Oh
i7MP26Ve7gX1LUIDDbCqy/V1+3JvLGsJ9Ws2PQpxx7jM1Z4fsme+fd6YCdyAB9/+k2GstXG3daZ6
TfzZ6+MvkO8+29e1+LijZdyOZWHz+6r/Nr7LNYdue/62rPH+0I3fr/3dLt4cX7trCwgFQgd4ysCS
Kbq9W3CwBO6YE5QZ3Jyq0Obt9iyYix6CGJhLlq2mt8rnLiU4kGHXbX1b+lWXMS9+/TZPQxfwELxo
UBCbaCVoGdtLeb+fbUc0+dwn1eaf1m57n7S2+7sN7iCyoIeZtD5vYJ9Pujq8P3OpiNHbClgacO93
qMJ1hNfXphYOZcwri76xEK3izigF69unclt1gNrn6vZiU3URUG3CogauAc4G0DZnBByOE0CEmjO0
muvQQjEZhArtDnTv11tAAvlYG4ANO/5yTXEL5NiCISKCH374AV+9eYNXr99AhvfRcpL9CJuPP9QU
8PG+FKR+P9umDQ9hIu37sa2Wpnf5vg7Hxk3dyM9vwPYSJUe9z0XsWbR1hS7g99CX7BtIfd2h/hy3
Z22QxClijCCQZYHazlVPRUWKiK/Ldphjt89nO8Cx225fuLUXzqd4V5zPZ/x///Efw7UHV2JYfDwl
XnczqwqWxYyo9L9Tiogx4jxn5LLEm0dfjIVgNOoY2eivKSGk2NXdUwrgEDpzQatpCDT/SQRI0VcE
RJjY48/VdutKrYPDTgbAGJ8BgO2MhQAQBzDIhbfEX+LWD0xADAExBjARcq2oVTpYEoiAEJCYEFKw
dorgnOvNTeJmkU1Xgh2oyaKoOVsUjypStOtGZpzLEK7jP5vyuQwruv73wJIfj6HBCbSeeXrwMdpi
c4khHsuKIUBVbNHUHFJmpMAW210FFYQ8m17JoOPXRs1qFIXA9o8tHWkVBWJFVUWpgilFMAekZCFA
VRSl1u4Mcwh27UEc9lxM3G8kG2ydToY58yGGHtxUVKGlGpNB0Ot1TBGnXHr/t1bo0C/t/+378V7x
MyNjdPK3R47lRQKK2mch2d9EwJw9TCBwBw9DIFSxULJcm1jheuy08ttnkS3sih1MVFHbNfZnCwBS
CDjeH3vq6Vyq6Qg5CBVitLAi2OK4lNrTzG6vOV47kJXNbPo8qkCpglqtfFFB5IDpkEzkWC/LGvt9
3a+td/2nA2yi188PDfwb+n/7/Ix1v/lMAoBqp4MXF6qMgZFi7PerVkER22l/LsOJqoKhfdw3DY1a
BVIrKsxxJRDSISE5I2s+Z6g/vyFGNCyMmFCrGMD75JV7DRAIPi83qpNpMOWqULX7lVJEIMLsOj9/
lOmy/d7BBBUBoiJ634pP3ikwOEbHGdTmm1y7l6mL59qBjf6uZCs3+DsnOlgiUIiHV1Z39FO0d1gt
glILiBgp2rVtx97mtlqqY0SLYPBNGiEMnFIBYlr0aBSA1AoVsfHVdXxaW6w9xfshxICUJjQMMvlc
2Vh75Kg9wQEhZ6KZJsuVuilughgv1ePYbqwQEUop+O777zEd7xeNmuEcJl9PMYGffmSetNU80IBd
r4M4q+aWJrQOv4yzaiD0F07DAe1nXzmhHdLMeabtD9PqwBpYWuYvQHWAYQeQox3EAKTjxNTZGq3M
sfynjOkazLvbbp/WdoBjt92+YGvMjU+FhH/zzTd4eHjof19L33Zt8XGLtbEyGl6uWL8kQ2B89foI
4ohVik8oTCDQ/uYYEKdobAU1BynF2LOvGN3SdsuYGHdHy3QCZs9mosi1IIIRU0JMAalGAySc2xnY
lhHVd7Kjv9kJ5myQLgu7KZpTF1M0x7wKchVwCDhMk++QAWXOfcHIgXFIJvgWAsOwDg+LGHqoLVKY
uVNPpdeRO1skxojAhPNcEOPllL5R6bj4/LnPPtQak31VliqmKeFADKkVRRRSii19/R5GAg6RUUWR
i3Q2B7OrtruwbmBPD0yAZFllKggxIkXFlBJEpTvJKbmT685vFYG4ox89y0Ca7Pu5lO5YBzaoR0QM
2PCxYTuh5uCpaI+XT4nAMSIFwvk0I7hz8uK+2/z8rRZgC+cW+RVgbU6BMU3JHTl32koFU8CUImiK
OIig5IpSa++PtimpCkwOTsRg41CqdqdbiolXxhAwHSYEGsJqYsQ0JZRSUIrtIGupCAykKbnQpKLm
ujyXWHYMRa0dMVr5JsALzHNGKUbHh5o+wiEkpBDsWrSAUts+fkl/h2BgWhh3gTfnMwGs6KEkegV4
eOq6498EA39VKs5zcUDWdu9jCkiHBCJGyRnnXJwx4+c2Rw5Wl+D3id3Dk6o45wKp1YDTEDAFsvA/
tmcwEmFKEfOcIQ6EhBgwpYQ42TxTi42PWi9DyFpFYrBxklwwWXyszXOGiCAGRgwHsDOeci6Ywh8H
bty2pvmjePXqDnPOyLlCagVEMMWIw10yJ7Yagy7XevUe9xID2/zsnqmIGrg3Z9/lZ4TImA42TqsI
6ECYS0H1sBSpFfGQ/J0BA1mqInt4jOr6vQE0Z9QytEzJ9TIUOM8ZxfsdRAj+fKpYeunQBVitpFAr
SqlI/q4UBSIIMRcLTQw2VpioA1dEAij5uLlkf9m1h8oOdostuv3s1lpDRPDu3Tv8+NPPuH/zz52Y
BqxZB8wvY8g9ZQtGNmYiuTEW6PJXogXUIPhGRmNX9mPHEw2aGgEGIlsaWduor5PIofQtyLCcR2jh
wH0MkUvxtGOHR3AMS+kaZtdb6scHVMHCXt1tt89gO8Cx225foI3v9U/1gnj37h1++umnG/W5vtBo
P8eY2Zum41JDh48tXZ0KMN0bPTn4IdF32IMvfgMH25kPDAghMGyBOJlYpJSKmm0RkEtBzMGo8YFA
nr2g+OIUKLYTHwisg84EWay7VKOKhmgLO1EBRBdnNwR3aqODFxXHaHtttRqzI03JwlecZjyfM0ou
poBPZJlQckbxHa0WJlJVwGoOh5A7SmpMEwbAKYA44HhIUJhToG2V8gVacc2H4yEgxgSuCmGyHclc
AVGEZLvTpBUxEDKsP9raqnFdOBqFvlTb6RQHlOLQJ6Jq3HaykCIVA6rokFALI+diO981Qx0AiSmh
UEFUxlxt1xWqqy7lwKaX4SyD7JT2EAICE6ZDAoeAeS4GvHwWR21tdfPo2s5qwf39EWlilFxQckYp
BeKA3DSZo8tBEBE8HTINWXKA4PRoYoIUQc4Z2cGmxjLgGDGlgDKbM8aeBomZcLy/w/k0o5SCXASn
2RgMxr4xTY4gttvdwT5atGSCh7ZIFZRczGEXRWADrWzXOXXGiIkifqAY6NhvL0gtuopb9/3Vj76e
KlAK7o4HhJSQ54ySM05zQVVFCozj3dFYbMqQCsxF+i6rtDmUCSGYY2K6RcaUa+0JydgZ0ZHJ4gCf
SsU0TeAQUHJBzjZ3WTsF02ECB0YAwBCcc7H7oa4FIMaGSCF0xlwpFfM52xiUauy9Kdm1FXh4PH92
Wntj/xzvjgihPRsV55xRRXA8JMQUARRAGVlrD7dwIgMAewYOyQC46mN0Pmdk79vIAWmyvmey5zJX
E2O9OySUGJDnjFoFp1OGlIrpkBzErlBlqKLPQUwm5qqw+cgYIdSZMqfTGVnsHRkIONwf0VQ0HubZ
wp2KWmp2DysMRCA1IN7ADHtzNz0WZu7ZsNpb3QCfghAiCPXCEX7qmXiJ5sZz42OeZ/z04w+geIfp
cLfM37SAEqTtWk+HWizX7EV0QABYREDLAMKuwGAd2JTOxGhljWEyBkL652P7WgiTF3LZ9FuAw/VG
jeBKC21puhttM6HXj7QDH+OFX/p0tmxYO5Njt89lO8Cx225ftH2al0OtFd9++y1yXnLUv5Shcevz
m1ocuuwuiCpiIByP0ai6fgzDiK0c2DOSAAD5Qst2BC02miFS/POALJYKcIoBKR1AbGEICtfQIEKI
bGL7vvtGMeAwBUAs5KW9z09ZkAKBQuxaIUTAdJwQfWeshY40ZsYUGCATkrPwGttfmQ6TASO+S6ci
UGKEiZHiwdPpie/osAvA2c5qqRUPpwwSD0cJAel4QHDquLijwqGldR3283wr1+jSoWdK0Wr6JVqr
7RL1hep4X43G3tKTtnKujADLSCOutOkLGx04uupaC+3eTZ6y93SeXZulQGtFCI11o4giOCRL+1gV
qCVbf5LpXBQxjRUL+0k4uKNkIUKCwIoUEhSEuQigpjcypYTDwRyyWgogilwVzIKDs4M4FxyPyVgJ
vutqIQJ2P2o2h31Kxp6Zpgkxmb5LEdMBubu/e9nq+ROa6sAWIkJKBtDlHJBz6WCAiuJwTDgeJ8xz
RQiCwzEZqFQUtWRjb8TYQ71E1YCFwBYylSYXG5yBFHA/RRAxZgfjpkBIvlM+54paiznQojgejeVB
IChVHKeA6gLL8nhGjFZvBTCXGSUXEBMOyZ6PmKKBgx5KNh2srBDjKi01kY1zdfBTRDzl8BJq1VLm
qhrdv3p6187oYPb4+3UZ1DKUEPXzW3miQ17IwVp9WgaL5nRMMSFFRp4D5lwgVfGYZ6gCh+Nk4VBa
EBk4HBJyrQhiDCMmRmAT8s15NjDUQ1Eit3uVLA02gFeHe6gKsov3RiYcpoTzeRkjj8VC8I53B6QU
UVAQCoyZU82pnaWiaYcSWfiZAYvigEry+5gACPK5YHIm3pPq0B9gDVz4IEuhp0+9f3WH+cSY5xlz
rsjOejkeD4jJssxUUSgbE4VgIEMRC8khD6ErxcCNWp0NcbC5KsTQncgY1KNeLPTk7nAwNk0uyM54
KVVwSBXHuwMAsjSwdQkbCGQhUj3SREzAO+eMc7YsNYfDhBj9vVgVc66LXpAYQzEGxvFoDK/6tiI4
kJkCoZ79feOZVtjDZFpIjmjTw1HTG3kBxrdlh36stTXH+fSA0/tfcH9/fxFmsbX2+Qgk3AIUfJ+i
gxz+ePesdiMA0sqkzeu4GbMzNKiFtK3lj7XVrpU7lL+q/EeYAWKtIi5ASgqikdlCw1JiWYPJ8NEW
rOqHNXaLXuqJ7Lbbp7Id4Nhtty/IrqZP/QT2yy+/4O3bt1e/uwZSbMXArv1+mUVlYXm0fflAivk8
4+ef3yOliFevlh0fDuy780tKSgDdebC4+wAC4fR4xpuvXuPV3RGSi+3whoDTPENnXeVrNzAkAo0y
XaUvyOqcbSfLQ1QCArQWgBSHyQUrvKjzXAEtaGk3qypOHRjyRb0fTExQAlgsVEM88b2FsNh3qIos
4oCO9v1fqYIpBSRiKNliss4FWRWQs5fR6MEXdwpNYJDYnaZqjhdVv64MYNaw0iNudfRzZbNqEzWq
TV3KIudZ9IVY9y3s01kBSEHLvpBiQAhTD5Noi2I4k8baZv07iqkRAXeHwyKQyoRSqjE6nIUgKphh
bXDpQHAVMJmYoYViJHMCXPiyVnNSA5umQtUmTFpBsBABdY2PEI2NojBNluqgiy3wgQJFlKX1CmDr
trUME8896hWK8LGr2cGosSGInTVlzxdzwOtXCQIyJzRn1FwttEWNQRVCQgwKCRUnB76kNsFQwt10
RJqmnrqyipimijv3Fg5TO8AyzwIi68PDYQLUgKT5nA0EEQtQSyngOEXrPU8bWmqxUKNq4SiHu4OF
nLmOgZTSd+KZ0MMfmuM69ohpd9BC9/aHiD1Iv30PNTFaEgJomePMIdfLMgb+uOoiTEwMsJdhaUDr
RX3GGc80MgygfPX6HkdR1FxwOp9xPs2o1RhPIUa8uZ+Q7u4M2KkV+XTGuVTM52qZb6qFb6VpstAh
[...]
t6J75HyS1wHHdq0LN/jZax+tjqUrjOIAAAAgPy1dsS5e+2j1Bj+v6B45n+R1wLFHu4pP3qOvrajj
lgAAAEDdqOyet7J75HyR1wHHATs3qfDn415cHu99tqaOWwMAAAC1673P1sS4F5dX+Fpl98j5Iq8D
jtaljaPPbk0rfO3Gx5ZYjwMAAIC88cn8srjxsSUVvtZnt6bR2hoc6TZ4300r/Pm8ReviovsWxtNv
r6zjFgEAAEBuPf32yrjovoUxb1HFa05Wdm+cTwrKy8vL67sRte3+Kctj7PNfV/r6dq0Lo0fHotil
7SbRYrNGUVCHbQMAAIDqKo+IhV+vi//MXRMvvLc6PvpybaVlhx64WQzpXlx3jasnDSLgiIi46bEl
8dyMVfXdDAAAAKgzvXdtElcMLK3vZtSJvJ+ist4VA0vzfkEVAAAAWO+AnRtOuBHRgEZwrHf3s8vi
4VdsEwsAAED+OmbvTePMPiX13Yw61eACjoiIV2aujvunLI8Zc20VCwAAQP7Yte0mMaR7cey9Q1F9
N6XONciAY72XZ66O52asitc+Wh2Ll1e80iwAAABszJoXN4qu2xVF712bxD4NMNhYr0EHHN81d2FZ
fLFkXSxftS58IAAAAGzMCiKiuEmjaFPaKNq2aFzfzdkoCDgAAACA1Gswu6gAAAAA+UvAAQAAAKSe
gAMAAABIPQEHAAAAkHoCDgAAACD1BBwAAABA6gk4AAAAgNQTcAAAAACpJ+AAAAAAUk/AAQAAAKSe
gAMAAABIPQEHAAAAkHoCDgAAACD1BBwAAABA6gk4AAAAgNQTcAAAAACpJ+AAAAAAUk/AAQAAAKSe
gAMAAABIPQEHAAAAkHoCDgAAACD1BBwAAABA6gk4AAAAgNQTcAAAAACpJ+AAAAAAUk/AAQAAAKSe
gAMAAABIPQEHAAAAkHoCDgAAACD1BBwAAABA6gk4AAAAgNQTcAAAAACpJ+AAAAAAUk/AAQAAAKSe
gAMAAABIPQEHAAAAkHoCDgAAACD1BBwAAABA6gk4AAAAgNQTcAAAAACpJ+AAAAAAUk/AAQAAAKSe
gAMAAABIPQEHAAAAkHoCDgAAACD1BBwAAABA6gk4AAAAgNQTcAAAAACpJ+AAAAAAUk/AAQAAAKSe
gAMAAABIPQEHAAAAkHoCDgAAACD1BBwAAABA6gk4AAAAgNQTcAAAAACpJ+AAAAAAUk/AAQAAAKSe
gAMAAABIPQEHAAAAkHoCDgAAACD1BBwAAABA6gk4AAAAgNQTcAAAAACpV1jfDagvq1evjmXLlsWq
Vati7dq1UV5eXt9NAgAAgGorKCiIwsLCaNKkSZSUlERRUVF9N6leNLiAY/ny5fHll1/G0qVL67sp
AAAAkHPNmjWL1q1bR3FxcX03pU4VlDegoQuff/55fPnll/XdDAAAAKh1rVu3ji233LK+m1FnGkzA
MXv27Fi8eHF9NwMAAADqTPPmzaNdu3b13Yw60SAWGZ07d65wAwAAgAZn8eLFMXfu3PpuRp3I+4Bj
8eLFsWDBgvpuBgAAANSLBQsWNIiH/nkfcHzxxRf13QQAAACoVw3h3jivA44lS5bEqlWr6rsZAAAA
UK9WrVoVS5Ysqe9m1Kq8DzgAAACA/L9HzuuAY8WKFfXdBAAAANgo5Ps9cl4HHKtXr67vJgAAAMBG
Id/vkfM64CgvL6/vJgAAAMBGId/vkfM64AAAAAAaBgEHAAAAkHoCDgAAACD1BBwAAABA6gk4AAAA
gNQTcAAAAACpJ+AAAAAAUk/AAQAAAKSegAMAAABIPQEHAAAAkHoCDgAAACD1BBwAAABA6gk4AAAA
gNQTcAAAAACpJ+AAAAAAUk/AAQAAAKSegAMAAABIPQEHAAAAkHoCDgAAACD1BBwAAABA6gk4AAAA
gNQTcAAAAACpJ+AAAAAAUk/AAQAAAKSegAMAAABIPQEHAAAAkHoCDgAAACD1BBwAAABA6gk4AAAA
gNQTcAAAAACpJ+AAAAAAUk/AAQAAAKSegAMAAABIPQEHAAAAkHoCDgAAACD1BBwAAABA6gk4AAAA
gNQTcAAAAACpJ+AAAAAAUk/AAQAAAKSegAMAAABIPQEHAAAAkHoCDgAAACD1BBwAAABA6gk4AAAA
gNQTcAAAAACpJ+AAAAAAUk/AAQAAAKSegAMAAABIPQEHAAAAkHqF9d0AAKhPq1evjtmzZ8ecOXNi
2bJlUVZWFs2aNYvS0tL40Y9+FFtssUWN6l+1alXMmjUrPv3001i+fHmsWbMmiouLo0WLFtG+ffto
3bp1FBQU5OhfAwDQcAk4AGiQZsyYEY8//nhMmDAhFi5cWGm5Ll26xJFHHhmHHXZYlJSUJKq7vLw8
XnvttZg4cWJMnDgxvv7660rL7r777tG/f/8YMGBAtGjRInH7n3zyybjssssqfK1Jkybx5JNPRqtW
raqs4+23344hQ4ZU+PPveuyxx+Kqq65K3LakmjRpEi+99FIUFn7THans3/THP/4xevToUWEddfk5
fNcJJ5wQb7311vd+ts0228STTz5Z5bHWW7hwYfTs2XODnx9zzDExYsSICt9T1b+1OiZNmpTxMwGA
NDJFBYAG5auvvoprrrkmjjvuuBg7dmyV4UZExOuvvx7XXXddDBgwIB5++OFYt25dleVnzZoV559/
fpxyyinx4IMPVhluRERMnz49Ro4cGQMGDIgHHnggysrKqv1v+qFVq1bFxIkTa1xPbevYseO34UZt
SMvnUJdKS0ujZcuW9d0MAKgVAg4AGozp06fHkCFD4uGHH672e9cHI9dcc02lZV544YU4/vjj47nn
nqt2/UuWLIkbbrghLrnkkli2bFm13/9D999/f6xatarG9dSmHXbYodaPkYbPoS7tuuuu0aiR7h8A
+ck3HAANwvTp0+Pss8+OuXPnVvh606ZNY88994yDDz449tprr2jSpEmFZY477rgK3//888/Heeed
F0uWLKnw9datW8e+++4bffr0iV122aXSdj7zzDNx2WWXxYoVKxL8qyr36aefxuTJk2tUR21r3759
rR8jDZ9DXdp+++3ruwkAUGuswQFA3ps/f35cfvnlsWjRog1e23rrrePCCy+Mnj17fm+NjaVLl8ZL
L70U99xzT7z77rsREXH99dfHj3/84w3q+OSTT+KKK66ItWvXbvBa9+7d48wzz4w999wzGjdu/O3P
582bFxMnTozbb799g/e98MILcccdd8Sll16a9b85IuKBBx6IQw45pMaLmB5wwAHxt7/9rdLXP/jg
gwrX6Bg6dGgcccQRlb6vdevWNWpXUrn6HDZWV155ZXTu3DlR2eqs8wIAaSPgACDvjR49OmbNmrXB
z7t06RKjRo2qcKeUZs2aRd++ff9/e3ceZWV5H3D8NyszLMMsOsg6KiAoyyguuKOCGuNWt8Zgmqjx
NO0fsWlrm+afNKfnpLZpmzZNup4mpslREkVs4pYYBOKOG6Iim4AQZBVmYGAGZu0fPVon984wM8w4
PDOfzzk5R5/3vu99uBHlfud5nzfmzJkT9913X+Tm5saVV16Z8bq2trb427/926wrN+bPnx/33HNP
FBQUZBw74YQT4s4774xZs2bFH/zBH2Ts1fHf//3fH60m6alXXnkl3nrrraxRpjsqKio6fZpMR/uG
VFZWxmmnnXZU790beutzOFZNmDDhmPicAaC/uUUFgAFtxYoVWffcGD16dPz93//9ER8DW1hYGF/6
0pfirrvuynr8+eefj2effTZjfPbs2fGnf/qnWePGx51++ukd7uvx7//+79HW1tbp+R9XXV2dMbZo
0aIunz9Q+BwAYHASOAAY0B588MGs43fffXe3bpHo6PaGhQsXZh3/wz/8wygsLOzSta+88sqsX8pf
eOGFWLt2bZfneMUVV2SMPfzwwx3uOzJQ+RwAYHASOAAYsHbt2hWPPfZYxnhFRUVcfvnlR339bdu2
xdNPP50xPnXq1Jg1a1aXr5OXlxc33nhj1mNLly7t8nWmTJmS9VaFxx9/vMvXGAh8DgAwOAkcAAxY
b7zxRtbxq6++OutTUrpr5cqVWcfnzp3b7Q0tzzrrrKzjzz33XJevsW/fvrjtttsyxhcsWJCxx8dA
5nMAgMFJ4ABgwOooQPTWZpNvvfVW1vEpU6Z0+1rjx4+PkpKSjPE333wzampqunSNmpqamDt3bsa+
Irt3744lS5Z0e06p8jkAwOAkcAAwYHW0f8W4ceN65frr1q3LOj5mzJhuXysnJydOPfXUrMd27NjR
pWvU1tbGsGHD4rOf/WzGsQceeCBaW1u7Pa8U+RwAYHASOAAYkNra2mLVqlVZj1VWVvbK9TsKKMcd
d1yPrjl+/Pis47t27erS+R8+qvbaa6/NOPb222/Ha6+91qN5pWawfQ5btmyJd95554j/a2xs7O+p
AkCfyu/vCQBAX2hsbIwDBw5kPVZcXNwr16+trc16rKf7ewwdOjTreFf3jfjwdWPGjImbbropHn74
4XbHFy5cGGeffXaP5paSwfY53HvvvV163dNPP90rcQ8AjlVWcAAwIB0+fLjDY119fGtnOvtpeE+v
31F4OXToUJfO/3jQyfZUlieeeCLee++9j/4+N3dg/jHA5wAAg5P/ogMwIHX3KSbd1dbW1uvv3dE1
u3q9j0eXGTNmxOzZszNe8+ijj37013l5ed2cYRp8DgAwOAkcAAxIna2i6I29CDq7DaWz1SOd6Wil
RlFRUZfOb2pq+uivc3Jy4tZbb814zU9+8pOP9qgoKCjowSyPfT4HABic7MEBwIBUWFgYpaWlWffJ
aGhoiOHDhx/19YcPH551n4/Dhw/36Pr19fVZx7t6rZaWlnZ/f9FFF8X48ePjN7/5zUdj+/fvj6ee
eipuvvnmHu8VcqwbbJ/Dv/3bv8WFF17Y39MAgH5nBQcAA1JOTk5MmTIl67GdO3f2yvU7eqzr7t27
e3TNj38B/7hRo0Z16fzffvzpkCFD4rbbbst43f333x/Nzc0xbNiw7k8yAT4HABicBA4ABqxTTjkl
6/jWrVt75fqTJk3KOr59+/ZuX6utrS1Wr16d9dgJJ5zQ7et96Kqrrsq4xeXdd9+Nl156aVB9sfc5
AMDAJ3AAMGDNmDEj6/jKlSt75frTp0/POr5q1apuX2vLli0f7QnxcbNnz46SkpJuX+9D5eXl8ZnP
fCZj/Kc//WkUFhZ2eXVI6nr7c8j2xJuuPs43ov0+IR9nPxAA6DmBA4ABq7q6Ouv4k08+2eONQD9u
5syZWccXL17c6VNWsnnttdeyjl9wwQXdntdv+53f+Z2MsWXLlsW6deuiqqrqqK+fit78HCoqKjLG
amtru/zPVV1dXdbxkSNHdmseAMD/EzgAGLDGjBkTc+fOzRjfs2dP/PKXvzzq65944olx3nnnZYxv
2LAhli9f3uXrtLS0xKJFi7Ieu+yyy3o8vw9NmjQp5s2blzH+s5/9LMaOHXvU109Fb34OHb1+y5Yt
XTp/06ZNWccnTJjQrXkAAP9P4ABgQLvllluyjn/ve9+LXbt2dfk6Hf1kvqPr/+d//meXf5r/y1/+
MuttM1dddVWvrbD43d/93YyxBx98MGNDzoGutz6H008/Pev4s88+26XzFy9enHV82rRp3ZoHAPD/
BA4ABrTzzz8/Lrnkkozx7du3x5/92Z/Fnj17Oj2/ra0tlixZEtddd128/fbbGccvu+yymDVrVsb4
K6+8Ev/wD//Q4V4LH1q5cmX81V/9VdZjv//7v9/pud1xzjnnxNSpU9uNHTp0KJYuXdpr75GC3voc
Tj/99CgtLc0Y//73vx+bN2/u9Nznn38+Hn/88Yzx6urqDjeuBQCOTOAAYEDLycmJe+65J+uX0ddf
fz3mz58fTz75ZBw4cKDdscOHD8fLL78cd999d/zRH/1RbNu2Lb761a9mrPrIy8uLv/iLv4ghQ4Zk
XH/BggXx5S9/OVasWBEtLS3tju3cuTN+8IMfxO233551c8o//uM/7tUvu3l5eVkflZptY9OBrLc+
h5KSkrjzzjuzXudLX/pSLF26NBobG9sdO3DgQCxcuDC+8pWvZL3mF7/4xcjJyenWPCL+77aYd955
p8v/q62t7fZ7AEAK8vt7AgDQ16qqquLee++NL3/5y9Hc3Nzu2LZt2+LP//zPo6ioKE499dSoqKiI
mpqaWL9+fcaX3i1btsTXv/71+M53vtMuaJx66qnxjW98I772ta9lvPfzzz8fzz//fIwaNSpOPvnk
KC4uju3bt3f4SNiIiGuvvTa+8IUvHOWvOtO8efPi29/+dtTU1PT6tVPSW5/DLbfcEkuXLo0VK1a0
G3///ffj7rvvjpKSkpg+fXoMHz48ampqYsWKFRn//H3ohhtuyLrSqCvuvffebr3+u9/9bo/fCwCO
ZVZwADAoXHjhhfHd7363w0euHjp0KFasWBGLFy+O1157rcOf6Ofk5GSs9oiIuOaaa+Kb3/xm5Odn
/9nBzp0748UXX4wlS5Z0Gjduvvnm+Mu//MvIy8vrwq+qe4YPHx7z58/v9eumprc+h+HDh8ff/M3f
xMknn5z1+P79++OFF16Ip556Kl555ZUO48bcuXPja1/7Wo9WbwAA/0/gAGDQuPDCC2PBggU9+ul1
RUVFfPWrX43vfOc7WR8RGhFx3XXXxQMPPBBnnHFGt69fWVkZ3/zmN+PrX/961ttdest1113XZ9dO
SW99DmPGjIkf/vCH8alPfarb5+bn58fdd98d3/rWt6K4uLhX5gMAg5lbVAAYVCZMmBD//M//HCtW
rIjHH388fvGLX3S6/8Ls2bNj7ty5cfXVV3e4+uPjTj311LjvvvviueeeiyeffDIWL17c6dNUzjjj
jLj66qvjqquu6tL1j9aYMWPihhtuiEceeaTP3+tY1pufQ1lZWXzrW9+K+fPnx8MPPxxLly7t9J+p
sWPHxjXXXBPXXXedx8ICQC/KaWtra+vvSfSVbLvdA8DHHT58OLZs2RLvv/9+HDx4MFpaWmLEiBEx
cuTIqKqq6nC1RlfV19fH5s2bY8eOHR9dv7i4OCoqKmL8+PFRWVnZS78SjhWNjY2xadOm2L17d9TV
1cXhw4ejsLAwSktLY+zYsTF+/PjIzbWIFoD+MX369P6eQp8ROAAAAGCQGMiBw48PAAAAgOQJHAAA
AEDyBA4AAAAgeQIHAAAAkDyBAwAAAEiewAEAAAAkT+AAAAAAkidwAAAAAMkTOAAAAIDkCRwAAABA
8gQOAAAAIHkCBwAAAJA8gQMAAABInsABAAAAJE/gAAAAAJIncAAAAADJEzgAAACA5AkcAAAAQPIE
DgAAACB5AgcAAACQPIEDAAAASJ7AAQAAACRP4AAAAACSJ3AAAAAAyRM4AAAAgOQJHAAAAEDyBA4A
AAAgeQIHAAAAkDyBAwAAAEiewAEAAAAkT+AAAAAAkidwAAAAAMkTOAAAAIDkCRwAAABA8gQOAAAA
IHkCBwAAAJA8gQMAAABInsABAAAAJE/gAAAAAJIncAAAAADJEzgAAACA5AkcAAAAQPIEDgAAACB5
AgcAAACQPIEDAAAASJ7AAQAAACRvQAeOvLy8/p4CAAAAHBMG+nfkAR04hgwZ0t9TAAAAgGPCQP+O
PKADx7Bhw/p7CgAAAHBMGOjfkQd04CgpKenvKQAAAMAxYaB/Rx7QgaO4uHjA/x8IAAAAR1JSUhLF
xcX9PY0+NaADR0REZWVlf08BAAAA+tVg+G484ANHUVFRjBs3rr+nAQAAAP1i3LhxUVRU1N/T6HMD
PnBERJSWlsaYMWP6exoAAADwiRozZkyUlpb29zQ+ETltbW1t/T2JT8rBgwdj+/btcejQof6eCgAA
APSZoqKiGD169IB/csrHDarA8aHa2tqoqamJgwcP9vdUAAAAoNcMGzYsysrKBs2qjY8blIHjQ62t
rXHo0KFobm7u76kAAABAj+Xn50dRUVHk5g6KnSiyGtSBAwAAABgYBm/aAQAAAAYMgQMAAABInsAB
AAAAJE/gAAAAAJIncAAAAADJEzgAAACA5AkcAAAAQPIEDgAAACB5AgcAAACQPIEDAAAASJ7AAQAA
ACRP4AAAAACSJ3AAAAAAyRM4AAAAgOQJHAAAAEDyBA4AAAAgeQIHAAAAkDyBAwAAAEiewAEAAAAk
T+AAAAAAkidwAAAAAMkTOAAAAIDkCRwAAABA8gQOAAAAIHkCBwAAAJA8gQMAAABInsABAAAAJE/g
AAAAAJIncAAAAADJEzgAAACA5AkcAAAAQPIEDgAAACB5AgcAAACQPIEDAAAASJ7AAQAAACRP4AAA
AACSJ3AAAAAAyRM4AAAAgOQJHAAAAEDyBA4AAAAgeQIHAAAAkDyBAwAAAEiewAEAAAAkT+AAAAAA
kidwAAAAAMkTOAAAAIDkCRwAAABA8gQOAAAAIHkCBwAAAJA8gQMAAABInsABAAAAJE/gAAAAAJIn
cAAAAADJEzgAAACA5AkcAAAAQPIEDgAAACB5AgcAAACQPIEDAAAASJ7AAQAAACRP4AAAAACSJ3AA
AAAAyRM4AAAAgOQJHAAAAEDyBA4AAAAgeQIHAAAAkDyBAwAAAEiewAEAAAAkT+AAAAAAkidwAAAA
AMkTOAAAAIDkCRwAAABA8gQOAAAAIHkCBwAAAJA8gQMAAABInsABAAAAJE/gAAAAAJIncAAAAADJ
EzgAAACA5AkcAAAAQPIEDgAAACB5AgcAAACQPIEDAAAASJ7AAQAAACRP4AAAAACSJ3AAAAAAyRM4
AAAAgOQJHAAAAEDyBA4AAAAgeQIHAAAAkDyBAwAAAEiewAEAAAAkT+AAAAAAkidwAAAAAMkTOAAA
AIDkCRwAAABA8gQOAAAAIHkCBwAAAJA8gQMAAABInsABAAAAJE/gAAAAAJIncAAAAADJEzgAAACA
5AkcAAAAQPIEDgAAACB5AgcAAACQPIEDAAAASJ7AAQAAACRP4AAAAACSJ3AAAAAAyRM4AAAAgOQJ
HAAAAEDyBA4AAAAgeQIHAAAAkDyBAwAAAEiewAEAAAAkT+AAAAAAkidwAAAAAMkTOAAAAIDkCRwA
AABA8gQOAAAAIHkCBwAAAJA8gQMAAABInsABAAAAJE/gAAAAAJIncAAAAADJEzgAAACA5AkcAAAA
QPIEDgAAACB5AgcAAACQPIEDAAAASJ7AAQAAACRP4AAAAACSJ3AAAAAAyRM4AAAAgOQJHAAAAEDy
BA4AAAAgeQIHAAAAkDyBAwAAAEiewAEAAAAkT+AAAAAAkidwAAAAAMkTOAAAAIDkCRwAAABA8gQO
AAAAIHkCBwAAAJA8gQMAAABInsABAAAAJE/gAAAAAJIncAAAAADJEzgAAACA5AkcAAAAQPIEDgAA
ACB5AgcAAACQPIEDAAAASJ7AAQAAACRP4AAAAACSJ3AAAAAAyRM4AAAAgOQJHAAAAEDyBA4AAAAg
eQIHAAAAkDyBAwAAAEiewAEAAAAkT+AAAAAAkidwAAAAAMkTOAAAAIDkCRwAAABA8gQOAAAAIHkC
BwAAAJA8gQMAAABInsABAAAAJE/gAAAAAJIncAAAAADJEzgAAACA5AkcAAAAQPIEDgAAACB5AgcA
AACQPIEDAAAASJ7AAQAAACRP4AAAAACSJ3AAAAAAyRM4AAAAgOQJHAAAAEDyBA4AAAAgeQIHAAAA
kDyBAwAAAEiewAEAAAAkT+AAAADJxxjCAAAYw0lEQVQAkidwAAAAAMkTOAAAAIDkCRwAAABA8gQO
AAAAIHkCBwAAAJA8gQMAAABInsABAAAAJE/gAAAAAJIncAAAAADJEzgAAACA5AkcAAAAQPIEDgAA
ACB5AgcAAACQPIEDAAAASJ7AAQAAACRP4AAAAACSJ3AAAAAAyRM4AAAAgOQJHAAAAEDyBA4AAAAg
eQIHAAAAkDyBAwAAAEiewAEAAAAkT+AAAAAAkidwAAAAAMkTOAAAAIDkCRwAAABA8gQOAAAAIHkC
BwAAAJA8gQMAAABInsABAAAAJE/gAAAAAJIncAAAAADJEzgAAACA5AkcAAAAQPIEDgAAACB5AgcA
AACQPIEDAAAASJ7AAQAAACRP4AAAAACSJ3AAAAAAyRM4AAAAgOQJHAAAAEDyBA4AAAAgeQIHAAAA
kDyBAwAAAEiewAEAAAAkT+AAAAAAkidwAAAAAMkTOAAAAIDkCRwAAABA8gQOAAAAIHkCBwAAAJC8
nIho6+9JAAAAABwNKzgAAACA5AkcAAAAQPIEDgAAACB5AgcAAACQPIEDAAAASJ7AAQAAACRP4AAA
AACSJ3AAAAAAyRM4AAAAgOQJHAAAAEDyBA4AAAAgeQIHAAAAkDyBAwAAAEiewAEAAAAkT+AAAAAA
kidwAAAAAMkTOAAAAIDkCRwAAABA8gQOAAAAIHkCBwAAAJA8gQMAAABInsABAAAAJE/gAAAAAJIn
cAAAAADJEzgAAACA5AkcAAAAQPIEDgAAACB5AgcAAACQPIEDAAAASJ7AAQAAACRP4AAAAACSJ3AA
AAAAyRM4AAAAgOQJHAAAAEDyBA4AAAAgeQIHAAAAkLz8/p4AADBwlZeXR0VFRRw8eDB27twZLS0t
/T0lAGCAEjgAgB4rLCyMsrKyGDlyZIwfPz6qqqpi7NixUVFREcXFxRmvb21tjT179sTOnTvjN7/5
TWzatCn27NkTNTU1cfDgwX74FQAAA0VORLT19yQAgLQMGTIkZsyYEVOmTImTTz45jj/++BgyZEi3
r9PS0hK1tbWxefPmePfdd2PVqlWxc+fOaGvzxxMAoHsEDgCgy4qKiuK8886LSy+9NEaMGBHFxcWR
k5PTK9duamqKmpqaeOedd+KJJ56Iffv29cp1AYDBQeAAAI6ooKAgqqqq4sYbb4yJEyf2+fs1NTXF
woUL49VXX40DBw70+fsB/SsvLy8iwj49wFEROACATlVWVsYll1wS559/ftZ9NT6upaUl9u3bF3V1
dVFXVxdNTU3tjpeVlUVxcXGUlpYe8ZaW5ubmWLVqVTz99NOxdu3ao/51AMeenJycGD9+fMycOTPy
8vJi7dq1sX79eqED6BGBAwDo0KRJk+L666+PSZMmRW5ux0+X37VrV7z++uuxYcOG2L9/fzQ0NERD
Q0PGl5Rhw4ZFYWFhDBs2LMaMGRPV1dUxadKkKCgo6PDae/fujWXLlsWyZcvi8OHDvfZrA/pXYWFh
XHLJJXHBBRdEZWVl5Obmxo4dO2LBggWxZs2a/p4ekCCBA+g3OTk5H20k+PG/Bo4NEyZMiHvuuafD
lRZtbW3x7rvvxqJFi2Ljxo09fp+ysrL41Kc+FXPmzOlwP4/W1tZYvHhx/PznP89YFQKkZ9y4cfH5
z38+qqqqMo498cQT8eijj0Zra2s/zAxImcAB9MiQIUNi9OjRUVZWFuPGjYvjjjvuo/tn+0pdXV1s
3bo1du/eHe+//75HSkIfKSgoiFmzZsVtt92WNW4cOnQoNmzYEEuWLIm1a9f2WnA44YQT4tJLL42Z
M2dGeXl5xvHm5uZYtmxZPP7441FfX98r7wl8cnJycqK8vDxmzZoV8+bNi9LS0qyvW7JkSSxatEjM
BLotv78nAKSnoqIiLr300pg1a1ZUVFR84u9fX18fa9eujaVLl8b69ev9hAd6UW5ublRXV8dNN92U
NW7s2LEjFi9eHC+//HKv3y6yY8eOeOihh+K1116LefPmRXV1dbvj+fn5MW/evCgsLIxHHnlE5ICE
FBYWRnV1dVx00UUxefLkTm95A+ipvIj4Rn9PAkjH5MmT44tf/GLMmDEjhg0b1i9zKCgoiNGjR8e0
adOisLAwNm/ebDMy6CVVVVVxxx13RElJScbtIps2bYof/OAHsXr16mhubu6T929tbY09e/bEqlWr
orm5OU466aSM1WFjx46NgoICgRMSMXTo0PjMZz4TV155ZZxwwglHfLT0pk2bYvXq1X5/A91mBQfQ
ZUOGDImrrroqxowZ099TiYiIkpKSOOecc2LFihXx/vvv9/d0IHkjRoyIu+66K0pKStqNt7S0xJo1
a+I//uM/PrFNPuvr6+OJJ56IxsbGuPrqq9utJsnPz48LLrggNmzYECtWrPhE5gN0T05OThQXF8e0
adPi1ltvjeHDh/f3lIBBwAoOoMvOO++8mDdvXn9Po53hw4dHQUFBrFy5sr+nAkkbPnx4zJ8/PyZN
mtRuvLm5OV5//fW4//77e3RLSHFxcZSUlER+fn6376dva2uLzZs3x6FDh+Kkk05q96SVgoKCGDt2
bLz11lvR0NDQ7XkBfScnJycmTpwYV199dVx55ZUxdOjQbp1vBQfQU1ZwAF2Sk5MTp512Wn9PI6vq
6urIy8tzmwr0UG5ubpx99tkxffr0jGNr1qyJRYsWRV1dXZeuVVhYGFOnTo3JkyfH+PHjo7i4OPLz
86OlpSUaGxtjz549sW7dunjnnXeipqbmiNdrbm6OpUuXRlNTU9x8883tVnKMHj06Pve5z8W//uu/
2owQjhHDhg2LK6+8Ms4666woLy8/4u0oAL1J4AC6pLS0tF82FO2KYcOGxYknnhgbNmzo76lAkioq
KmL27NkZm4o2NTXFAw88cMQQkZOTEyNGjIjzzz8/rrjiik7355k8eXKce+65ERHx0ksvxdKlS2PL
li2d/qS2tbU1li9fHhMmTIgLL7yw3Rem0047Lc4+++x48cUXPWoa+lFubm6MHz8+5s+fH1VVVcIG
0C8EDqBLysvL+21T0a6YOHGiwAE9dNZZZ8VJJ53UbqyhoSH+67/+K/bs2dPpuSNGjIiZM2fG5Zdf
HqNHj+7W+5577rkxc+bMeOGFF+LZZ5+NHTt2dPjaw4cPx69+9auoqqqKCRMmtDs2Z86cWLNmTezd
u7db7w8cvdzc3Bg1alScc845MWfOnGP6zwrAwOf5TECX5OXlZTzJ4FjiD1TQM4WFhXHJJZdkjD/z
zDPx9ttvd3ru8ccfHzfffHN89rOf7Xbc+NDQoUPjsssuizvuuCPOOOOMTl+7c+fOePLJJzPGTzjh
hJg8ebKfGMMnLD8/P84777y4/fbb46qrrvLfYqDfWcEBAIPYnDlzorS0tN3Ytm3bYvny5Z2eV1BQ
ELfeemtMmzbtqMNCbm5unHjiiXHrrbdGS0tLvPnmmx2+9o033oiVK1dGdXX1R2NFRUVx5plnxltv
vdWjjVCB7istLY3bb789Jk+eHPn5vlIAxwb/NgKAQSrb6o3W1tZYu3Zt7Ny5s8Pzhg4dGnfddVdM
mzatV+dTWloat9xySxw4cCA2btyY9TWtra3x6KOPxpQpU6KoqOij8SlTpkRJSYnAAX1sxIgRccYZ
Z8Q111wTI0eO7O/pALTjFhUAGKSmTp2asXqjvr4+XnnllWhubs56TkFBQVxxxRW9Hjc+VFlZGddf
f30UFxd3+Jpdu3ZlPBr6w1UcQN/Iy8uL6dOnx+/93u/FzTffLG4AxySBAwAGqSlTpmTsrfPBBx/E
e++91+E5kyZN+ugpKH05r6uuuqrD442NjbF27dqMCDN79uw+nRcMViNGjIibbropvvCFL0R1dXXG
E5cAjhUCBwAMQkVFRTF69OiM/TNeeOGFaGlp6fCcc845J8rKyvp0bjk5OTFnzpwYNWpU1uNtbW2x
ZcuW+OCDD9qNjxo16ph9nDWkqKCgICZOnBhf+cpXYu7cuVFSUtLfUwLolMABAINQeXl5xhLzlpaW
eOONNzo8p7S0NKZMmdLXU4uI/9sf5JxzzulwA9M9e/ZETU1NxvgnNT8YyHJzc2PcuHFx8803x5/8
yZ/EuHHj+ntKAF0icADAIFRSUhLDhw9vN7Z79+7Yt29fh+eccsopn9gKidzc3Jg0aVKHPzGur6+P
7du3Z4xXVVX19dRgQMvPz485c+bEnXfeGRdffLEnpABJ8W8sABiEhg4dmrGR5+bNmzs9Z/r06X05
pQwVFRVRXl7eYXTZtm1btLW1tVvl0dFtLcCRnXDCCXHHHXdEVVXVUT/+GaA/CBwAMAgVFRVlbBTY
2aNhIyImTpzYl1PKUFpa2umTGvbv35/1HKB7ysrK4swzz4zLL7/c7yEgaQIHAAwyOTk5UVhYmDG+
d+/eDs/JdktLXysoKIjhw4dHTk5OtLW1ZRz/7U1GI/7v1pbCwsJobGz8JKYIycvPz4/58+fHtGnT
Mp6qBJAae3AAwCCTm5vb7Z/SlpeX99FsOldaWtqtpfL5+fkxYsSIPpwRDCxjxoyJ6dOnixvAgCBw
AABHlG0FBZA+e20AA4nAAQCDTGtra9TW1nbrnN27d/fRbDpXW1vbrbjS3NwcdXV1fTgjGFjef//9
eOmll6K1tbW/pwJw1AQOABhk2trasu5R0dkTSOrr6+PAgQN9Oa0MTU1NcfDgwQ4Dx3HHHZcx1tra
av8N6Ibm5uZ48MEHY+HChd0OnwDHGoEDAAahQ4cOZYSAI+2zsWHDhr6cUoba2tpOv3CVlJRkjHX0
SFmgYw0NDfH000/HP/7jP8Z7773nljQgWQIHAAxC9fX1UV9f326sqqqq03PefvvtvpxShj179nT6
ZJcxY8Zk7B+wbdu2vp4WDFg7duyIv/u7v4uf/vSnsW3bNretAMkROABgENq/f3/GLSfHH398jBw5
ssNz1q1bF3v27OnrqUXE/91q8u6778b+/fuzHh86dGiMHj06Y/y9997r66nBgNbc3By//vWv4/vf
/34888wz0dzc3N9TAugygQMABqG9e/dm3M6Rl5cXp59+eofn1NbWxtq1a/t6ahER0djYGC+//HKH
S+UrKiqirKwsY/zdd9/t66nBgNfa2hpbt26NhQsXxre//e3YunVrf08JoEsEDgAYhA4dOhTbt2/P
CAjnn39+5OXldXjOK6+8EjU1NX06t7a2tnjmmWdi586dWY/n5OTEhAkToqKiot34rl27PrEVJjAY
NDU1xYYNG+Kf/umf4umnn+5wRRXAsULgAIBBau3atdHS0tJu7LjjjosTTzyxw3PWr18fL730Up/O
65133oknnniiw+OFhYUxZcqUKCgoaDe+fPnyPp0XDFZ1dXXx8MMPx49+9KNYuXJlHD58uL+nBJCV
wAEAg9SaNWsyblMZOnRonHXWWZGfn5/1nKampnjqqadi9erVfTKnXbt2xaOPPhoNDQ0dvqaysjKq
q6vbjR06dCheffXVPpkTENHS0hJvvfVW/PjHP46FCxd6YhFwTBI4AGCQamxsjGXLlrW7TSU3Nzem
Tp0ao0aN6vC8+vr6+Jd/+ZdYtWpVrz5Oct++ffHQQw/Fpk2bOnxNbm5uXHvttVFUVNRufO3atZbP
wyegrq4unnnmmfjrv/7rWL16tU1IgWOKwAEAg9iyZcsy9q0YM2ZMzJ49u9PzmpqaYsGCBfHyyy9H
U1PTUc2htbU1Nm7cGD/5yU/izTff7PS11dXVWVdvvP76652u+gB6V21tbXzve9+LBx54IN57771e
jZ0APSVwAF3S2tp6TP/h5dChQ/09BUhSY2NjPPfccxnjF110UUyfPr3Tc3fv3h0PPfRQLFiwIHbs
2NGj96+vr4+lS5fGfffdF6+//nqnrx01alR8+tOfzhjfsWNHrFu37pj+dxQMRM3NzfHiiy/GD3/4
w3jyySfj4MGD/T0lYJDLi4hv9PckgGNfXl5eVFdXx8iRI/t7Klk9+eST8cEHH/T3NCBJ+/fvj5NO
OqndY1cLCgpi1qxZsXz58k5XRjQ2NsbWrVvjtddei/r6+pgwYULG5p8dWb58efzoRz+KV155JQ4c
ONDpa4cMGRLXXnttzJgxI3Jyctod+9nPfhbr16/v0nsCvautrS0OHDgQ69evj9WrV8f48eNj5MiR
Gb9Pu2PTpk2xevXqaG1t7cWZAoOBwAF0SVNTU8ycOTMqKyv7eyoZWlpa4qGHHjrqZfIwWDU0NER+
fn5Mnjy53eaieXl5UVlZGevWrTviKqnDhw/Hu+++G0uXLo333nsv9u3bF4cPH46DBw/GgQMHora2
Nnbv3h3r16+PpUuXxoIFC+LFF1+Murq6I668yM3NjfPOOy+uuOKKjM1PV69eHf/zP/+T8TQY4JPV
1tYW+/btixUrVkROTk6UlZVFcXFxj0KHwAH0VPYt0gF+S1NTU6xfvz6mTZvW31PJsGbNmqivr+/v
aUCyWltb49VXX43JkyfHmWee2e7YqaeeGjfeeGM89NBDUVdXd8RrNTY2xsqVK2PlypUREVFcXBzF
xcXR1NQUBw4c6PZtJPn5+TFnzpy45pprYsiQIe2Obd++PX784x+Lm3AMOXjwYDzyyCPx5ptvxsUX
Xxynn356xu9dgL5iBQfQZVu3bo2pU6e2W8be33bv3h3333+/x9XBUWpsbIx169bFGWecEcOGDfto
PDc3N0aPHh3jxo2LlStXdnulRHNzczQ0NERjY2O355SXlxdz586Na6+9NoqLi9sdq6+vj4ceeig2
btzY7esCfa+mpibWrl0b27dvj1NOOSUKCwu7fK4VHEBPCRxAlzU3N8fKlSvj9NNPj6KiosjN7d99
iuvq6uKxxx6Lt99+u1/nAQNFY2NjbNy4MeMnrrm5uVFZWRlTpkyJTZs2xcGDB/t8Q8+hQ4fGFVdc
EZ/+9Kczfvrb3Nwczz77bDzzzDO+AMExrKmpKbZt2xbPPfdcjBw5Mo4//viM28yyETiAnhI4gG5p
bGyMt956K/Ly8mLUqFFd3kywNzU3N8fq1avjkUceiddff92TE6AX7d+/P/bu3RsTJ06MoqKidsfK
yspi6tSp0djYGHv37u2TW0MKCgpi8uTJceONN8bFF18ceXl5Ga/59a9/HY899lgcPny4198f6H1N
TU3xzjvvxK5du2LEiBFRXl7e6d4cAgfQUzkR4ZsB0G1FRUVRVVUVo0ePjuOOOy5KSkr6fEVHQ0ND
fPDBB7Fr167YsGFD7N+/v0/fDwarD5+g8rnPfS7rsvKGhobYvHlzLFu2LN5+++1eCx2jRo2KefPm
xfTp06O8vDzjeHNzc/zqV7+KX/ziFx4NDQnKycmJioqKOOuss+Kyyy7r8MlsS5YsiUWLFtlfB+g2
gQM4akfzKLjusloDPjlVVVVxzz33dHjvfFtbW6xfvz4WLVoUmzZt6vH7lJWVxZVXXhmXXHJJh/8+
aW1tjcWLF8fPf/5zX3pgABg3blx8/vOfj6qqqoxjTzzxRDz66KNWcADdJnAAAB2aPHlyXH/99TFx
4sROV2nt3LkzVq5cGevXr499+/bFoUOHoqGhIWNT0mHDhkVhYWEMHTo0TjrppJg6dWpMnjy509vd
9u7dG8uWLYtly5a5LQUGkCFDhsTcuXPj3HPPjeOPPz5yc3Pjgw8+iAcffPCjJzEBdIfAAQB0qrKy
Mi644IKYM2dOxtNMfltLS0vs27cv6urqoq6uLmO1RVlZWRQVFUVZWdkRHx3Z3Nwcq1atiiVLlsSa
NWuO+tcBHHtycnJiwoQJMWPGjMjLy4u1a9fG+vXru/3EJoAIgQMA6IKCgoI48cQT44YbboiJEyf2
+fs1NTXFww8/HK+++mrU1dX1+fsB/evDDYWFDeBoCBwAQJcVFRXFeeedFxdccEEcd9xxUVRU1Gv7
8DQ1NUVtbW2sWLEiFi9eHPv27euV6wIAg4PAAQB025AhQ2LmzJkxceLEmDx5chx//PFHvOUkm9bW
1qipqYmNGzfGpk2bYtWqVbFz504bCgMA3SZwAAA9VlBQEOXl5TFy5MiYMGFCVFVVxdixY6OioiKK
iooyXt/a2hp79+6NHTt2xNatW2Pjxo2xZ8+e2LNnTzQ0NPTDrwAAGCgEDgCgz5SXl0dFRUUcPHgw
du7c6f56AKDPCBwAAABA8jp+oD0AAABAIgQOAAAAIHkCBwAAAJA8gQMAAABInsABAAAAJE/gAAAA
AJIncAAAAADJEzgAAACA5AkcAAAAQPIEDgAAACB5AgcAAACQPIEDAAAASJ7AAQAAACRP4AAAAACS
J3AAAAAAyRM4AAAAgOQJHAAAAEDyBA4AAAAgeQIHAAAAkDyBAwAAAEiewAEAAAAkT+AAAAAAkidw
AAAAAMkTOAAAAIDkCRwAAABA8gQOAAAAIHkCBwAAAJA8gQMAAABInsABAAAAJE/gAAAAAJIncAAA
AADJEzgAAACA5AkcAAAAQPIEDgAAACB5AgcAAACQPIEDAAAASN7/AmhAu6hHbSzIAAAAAElFTkSu
QmCC
" width="800px"&gt;</msg>
<status status="PASS" starttime="20230201 09:16:53.941" endtime="20230201 09:16:54.382"/>
</kw>
<msg timestamp="20230201 09:16:54.382" level="INFO">xpath criteria: //android.widget.EditText[@resource-id='continueWithEmailInput']</msg>
<msg timestamp="20230201 09:16:54.383" level="FAIL">ValueError: Element locator 'xpath=//android.widget.EditText[@resource-id='continueWithEmailInput']' did not match any elements.</msg>
<status status="FAIL" starttime="20230201 09:16:53.699" endtime="20230201 09:16:54.397"/>
</kw>
<kw name="Sleep" library="BuiltIn">
<arg>20</arg>
<doc>Pauses the test executed for the given time.</doc>
<status status="NOT RUN" starttime="20230201 09:16:54.397" endtime="20230201 09:16:54.398"/>
</kw>
<kw name="Close Application" library="AppiumLibrary" type="TEARDOWN">
<doc>Closes the current application and also close webdriver session.</doc>
<status status="PASS" starttime="20230201 09:16:54.398" endtime="20230201 09:16:54.967"/>
</kw>
<status status="FAIL" starttime="20230201 09:16:35.864" endtime="20230201 09:16:54.967">ValueError: Element locator 'xpath=//android.widget.EditText[@resource-id='continueWithEmailInput']' did not match any elements.</status>
</test>
<status status="FAIL" starttime="20230201 09:16:35.503" endtime="20230201 09:16:54.968"/>
</suite>
<statistics>
<total>
<stat pass="0" fail="1" skip="0">All Tests</stat>
</total>
<tag>
</tag>
<suite>
<stat pass="0" fail="1" skip="0" id="s1" name="Captionproject2">Captionproject2</stat>
</suite>
</statistics>
<errors>
</errors>
</robot>
